[ 2019-05-28T09:41:27+08:00 ] 127.0.0.1 /
INFO: [ app_init ] --START--
INFO: Run Behavior\BuildLiteBehavior [ RunTime:0.000000s ]
INFO: [ app_init ] --END-- [ RunTime:0.000000s ]
INFO: [ app_begin ] --START--
INFO: Run Behavior\ReadHtmlCacheBehavior [ RunTime:0.000000s ]
INFO: [ app_begin ] --END-- [ RunTime:0.000000s ]
INFO: [ view_parse ] --START--
INFO: [ template_filter ] --START--
INFO: Run Behavior\ContentReplaceBehavior [ RunTime:0.000000s ]
INFO: [ template_filter ] --END-- [ RunTime:0.000000s ]
INFO: Run Behavior\ParseTemplateBehavior [ RunTime:0.033002s ]
INFO: [ view_parse ] --END-- [ RunTime:0.033002s ]
INFO: [ view_filter ] --START--
INFO: Run Behavior\WriteHtmlCacheBehavior [ RunTime:0.000000s ]
INFO: [ view_filter ] --END-- [ RunTime:0.000000s ]
INFO: [ view_parse ] --START--
INFO: [ template_filter ] --START--
INFO: Run Behavior\ContentReplaceBehavior [ RunTime:0.000000s ]
INFO: [ template_filter ] --END-- [ RunTime:-0.026002s ]
INFO: Run Behavior\ParseTemplateBehavior [ RunTime:0.017001s ]
INFO: [ view_parse ] --END-- [ RunTime:-0.004000s ]
INFO: [ view_filter ] --START--
INFO: Run Behavior\WriteHtmlCacheBehavior [ RunTime:0.000000s ]
INFO: [ view_filter ] --END-- [ RunTime:-0.022001s ]
INFO: [ app_end ] --START--
INFO: Run Behavior\ShowPageTraceBehavior [ RunTime:0.001000s ]
INFO: [ app_end ] --END-- [ RunTime:0.001000s ]

[ 2019-05-28T09:41:28+08:00 ] 127.0.0.1 /Home/tallyTotal/index.html
INFO: [ app_init ] --START--
INFO: Run Behavior\BuildLiteBehavior [ RunTime:0.000000s ]
INFO: [ app_init ] --END-- [ RunTime:0.000000s ]
INFO: [ app_begin ] --START--
INFO: Run Behavior\ReadHtmlCacheBehavior [ RunTime:0.001000s ]
INFO: [ app_begin ] --END-- [ RunTime:0.001000s ]
NOTIC: [2048] Declaration of Admin\Model\TallydataModel::page() should be compatible with Think\Model::page($page, $listRows = NULL) E:\code\subject\App\Admin\Model\TallydataModel.class.php 第 5 行.
SQL: SHOW COLUMNS FROM `tallydata` [ RunTime:0.0280s ]
SQL: SHOW COLUMNS FROM `tallydata` [ RunTime:0.0250s ]
SQL: SELECT count(distinct tdid) as pv FROM `tallydata` WHERE `date` = '2019-05-28' LIMIT 1   [ RunTime:0.0020s ]
NOTIC: [8] Undefined index: HTTP_ORIGIN E:\code\subject\App\Home\Controller\TallyTotalController.class.php 第 33 行.
NOTIC: [8] Undefined index: host E:\code\subject\App\Home\Controller\TallyTotalController.class.php 第 34 行.
NOTIC: [8] Undefined index: host E:\code\subject\App\Home\Controller\TallyTotalController.class.php 第 44 行.
SQL: SHOW COLUMNS FROM `tallydata` [ RunTime:0.0230s ]
SQL: INSERT INTO `tallydata` (`ip`,`browser`,`ydns`,`sdns`,`cookie`,`date`,`time`,`uri`,`referer`,`keyword`,`se`) VALUES ('127.0.0.1','IE',NULL,'www.subject.com','c15dcdb96756cd6994944ee426a7d762','2019-05-28','1559007688','www.subject.com/Home/tallyTotal/index.html','http://www.subject.com/','其他','www.subject.com') [ RunTime:0.0350s ]
INFO: [ app_end ] --START--
INFO: Run Behavior\ShowPageTraceBehavior [ RunTime:0.001000s ]
INFO: [ app_end ] --END-- [ RunTime:0.001000s ]

[ 2019-05-28T09:44:11+08:00 ] 127.0.0.1 /
INFO: [ app_init ] --START--
INFO: Run Behavior\BuildLiteBehavior [ RunTime:0.000000s ]
INFO: [ app_init ] --END-- [ RunTime:0.001000s ]
INFO: [ app_begin ] --START--
INFO: Run Behavior\ReadHtmlCacheBehavior [ RunTime:0.001000s ]
INFO: [ app_begin ] --END-- [ RunTime:0.001000s ]
INFO: [ view_parse ] --START--
INFO: [ template_filter ] --START--
INFO: Run Behavior\ContentReplaceBehavior [ RunTime:0.000000s ]
INFO: [ template_filter ] --END-- [ RunTime:0.000000s ]
INFO: Run Behavior\ParseTemplateBehavior [ RunTime:0.017001s ]
INFO: [ view_parse ] --END-- [ RunTime:0.017001s ]
INFO: [ view_filter ] --START--
INFO: Run Behavior\WriteHtmlCacheBehavior [ RunTime:0.001000s ]
INFO: [ view_filter ] --END-- [ RunTime:0.001000s ]
INFO: [ view_parse ] --START--
INFO: [ template_filter ] --START--
INFO: Run Behavior\ContentReplaceBehavior [ RunTime:0.000000s ]
INFO: [ template_filter ] --END-- [ RunTime:-0.016001s ]
INFO: Run Behavior\ParseTemplateBehavior [ RunTime:0.006000s ]
INFO: [ view_parse ] --END-- [ RunTime:-0.005001s ]
INFO: [ view_filter ] --START--
INFO: Run Behavior\WriteHtmlCacheBehavior [ RunTime:0.000000s ]
INFO: [ view_filter ] --END-- [ RunTime:-0.010001s ]
INFO: [ app_end ] --START--
INFO: Run Behavior\ShowPageTraceBehavior [ RunTime:0.001000s ]
INFO: [ app_end ] --END-- [ RunTime:0.001000s ]

[ 2019-05-28T09:44:11+08:00 ] 127.0.0.1 /Home/tallyTotal/index.html
INFO: [ app_init ] --START--
INFO: Run Behavior\BuildLiteBehavior [ RunTime:0.001000s ]
INFO: [ app_init ] --END-- [ RunTime:0.001000s ]
INFO: [ app_begin ] --START--
INFO: Run Behavior\ReadHtmlCacheBehavior [ RunTime:0.001000s ]
INFO: [ app_begin ] --END-- [ RunTime:0.001000s ]

[ 2019-05-28T09:44:42+08:00 ] 127.0.0.1 /
INFO: [ app_init ] --START--
INFO: Run Behavior\BuildLiteBehavior [ RunTime:0.000000s ]
INFO: [ app_init ] --END-- [ RunTime:0.001000s ]
INFO: [ app_begin ] --START--
INFO: Run Behavior\ReadHtmlCacheBehavior [ RunTime:0.000000s ]
INFO: [ app_begin ] --END-- [ RunTime:0.000000s ]
INFO: [ view_parse ] --START--
INFO: [ template_filter ] --START--
INFO: Run Behavior\ContentReplaceBehavior [ RunTime:0.001000s ]
INFO: [ template_filter ] --END-- [ RunTime:0.001000s ]
INFO: Run Behavior\ParseTemplateBehavior [ RunTime:0.016000s ]
INFO: [ view_parse ] --END-- [ RunTime:0.016000s ]
INFO: [ view_filter ] --START--
INFO: Run Behavior\WriteHtmlCacheBehavior [ RunTime:0.000000s ]
INFO: [ view_filter ] --END-- [ RunTime:0.000000s ]
INFO: [ view_parse ] --START--
INFO: [ template_filter ] --START--
INFO: Run Behavior\ContentReplaceBehavior [ RunTime:0.000000s ]
INFO: [ template_filter ] --END-- [ RunTime:-0.016001s ]
INFO: Run Behavior\ParseTemplateBehavior [ RunTime:0.006000s ]
INFO: [ view_parse ] --END-- [ RunTime:-0.004001s ]
INFO: [ view_filter ] --START--
INFO: Run Behavior\WriteHtmlCacheBehavior [ RunTime:0.000000s ]
INFO: [ view_filter ] --END-- [ RunTime:-0.011001s ]
INFO: [ app_end ] --START--
INFO: Run Behavior\ShowPageTraceBehavior [ RunTime:0.000000s ]
INFO: [ app_end ] --END-- [ RunTime:0.000000s ]

[ 2019-05-28T09:44:42+08:00 ] 127.0.0.1 /Home/tallyTotal/index.html
INFO: [ app_init ] --START--
INFO: Run Behavior\BuildLiteBehavior [ RunTime:0.000000s ]
INFO: [ app_init ] --END-- [ RunTime:0.001000s ]
INFO: [ app_begin ] --START--
INFO: Run Behavior\ReadHtmlCacheBehavior [ RunTime:0.001000s ]
INFO: [ app_begin ] --END-- [ RunTime:0.001000s ]
NOTIC: [2048] Declaration of Admin\Model\TallydataModel::page() should be compatible with Think\Model::page($page, $listRows = NULL) E:\code\subject\App\Admin\Model\TallydataModel.class.php 第 5 行.
SQL: SHOW COLUMNS FROM `tallydata` [ RunTime:0.0220s ]
SQL: SHOW COLUMNS FROM `tallydata` [ RunTime:0.0200s ]
SQL: SELECT count(distinct tdid) as pv FROM `tallydata` WHERE `date` = '2019-05-28' LIMIT 1   [ RunTime:0.0030s ]
NOTIC: [8] Undefined index: HTTP_ORIGIN E:\code\subject\App\Home\Controller\TallyTotalController.class.php 第 33 行.
NOTIC: [8] Undefined index: host E:\code\subject\App\Home\Controller\TallyTotalController.class.php 第 44 行.
SQL: SHOW COLUMNS FROM `tallydata` [ RunTime:0.0080s ]
SQL: INSERT INTO `tallydata` (`ip`,`browser`,`ydns`,`sdns`,`cookie`,`date`,`time`,`uri`,`referer`,`keyword`,`se`) VALUES ('127.0.0.1','IE','直接输入网址或书签','www.subject.com','c15dcdb96756cd6994944ee426a7d762','2019-05-28','1559007882','www.subject.com/Home/tallyTotal/index.html','http://www.subject.com/','其他','www.subject.com') [ RunTime:0.0260s ]
INFO: [ app_end ] --START--
INFO: Run Behavior\ShowPageTraceBehavior [ RunTime:0.001000s ]
INFO: [ app_end ] --END-- [ RunTime:0.001000s ]

[ 2019-05-28T10:51:58+08:00 ] 127.0.0.1 /
INFO: [ app_init ] --START--
INFO: Run Behavior\BuildLiteBehavior [ RunTime:0.001000s ]
INFO: [ app_init ] --END-- [ RunTime:0.001000s ]
INFO: [ app_begin ] --START--
INFO: Run Behavior\ReadHtmlCacheBehavior [ RunTime:0.001000s ]
INFO: [ app_begin ] --END-- [ RunTime:0.001000s ]
INFO: [ view_parse ] --START--
INFO: [ template_filter ] --START--
INFO: Run Behavior\ContentReplaceBehavior [ RunTime:0.000000s ]
INFO: [ template_filter ] --END-- [ RunTime:0.000000s ]
INFO: Run Behavior\ParseTemplateBehavior [ RunTime:0.031002s ]
INFO: [ view_parse ] --END-- [ RunTime:0.031002s ]
INFO: [ view_filter ] --START--
INFO: Run Behavior\WriteHtmlCacheBehavior [ RunTime:0.001000s ]
INFO: [ view_filter ] --END-- [ RunTime:0.001000s ]
INFO: [ view_parse ] --START--
INFO: [ template_filter ] --START--
INFO: Run Behavior\ContentReplaceBehavior [ RunTime:0.000000s ]
INFO: [ template_filter ] --END-- [ RunTime:-0.020001s ]
INFO: Run Behavior\ParseTemplateBehavior [ RunTime:0.007000s ]
INFO: [ view_parse ] --END-- [ RunTime:-0.007000s ]
INFO: [ view_filter ] --START--
INFO: Run Behavior\WriteHtmlCacheBehavior [ RunTime:0.000000s ]
INFO: [ view_filter ] --END-- [ RunTime:-0.014001s ]
INFO: [ app_end ] --START--
INFO: Run Behavior\ShowPageTraceBehavior [ RunTime:0.000000s ]
INFO: [ app_end ] --END-- [ RunTime:0.000000s ]

[ 2019-05-28T10:51:58+08:00 ] 127.0.0.1 /Home/tallyTotal/index.html
INFO: [ app_init ] --START--
INFO: Run Behavior\BuildLiteBehavior [ RunTime:0.000000s ]
INFO: [ app_init ] --END-- [ RunTime:0.000000s ]
INFO: [ app_begin ] --START--
INFO: Run Behavior\ReadHtmlCacheBehavior [ RunTime:0.001000s ]
INFO: [ app_begin ] --END-- [ RunTime:0.001000s ]
NOTIC: [2048] Declaration of Admin\Model\TallydataModel::page() should be compatible with Think\Model::page($page, $listRows = NULL) E:\code\subject\App\Admin\Model\TallydataModel.class.php 第 5 行.
SQL: SHOW COLUMNS FROM `tallydata` [ RunTime:0.0220s ]
SQL: SHOW COLUMNS FROM `tallydata` [ RunTime:0.0270s ]
SQL: SELECT count(distinct tdid) as pv FROM `tallydata` WHERE `date` = '2019-05-28' LIMIT 1   [ RunTime:0.0030s ]
NOTIC: [8] Undefined index: HTTP_ORIGIN E:\code\subject\App\Home\Controller\TallyTotalController.class.php 第 33 行.
NOTIC: [8] Undefined index: host E:\code\subject\App\Home\Controller\TallyTotalController.class.php 第 44 行.
SQL: SHOW COLUMNS FROM `tallydata` [ RunTime:0.0160s ]
SQL: INSERT INTO `tallydata` (`ip`,`browser`,`ydns`,`sdns`,`cookie`,`date`,`time`,`uri`,`referer`,`keyword`,`se`) VALUES ('127.0.0.1','IE','直接输入网址或书签','www.subject.com','c15dcdb96756cd6994944ee426a7d762','2019-05-28','1559011918','www.subject.com/Home/tallyTotal/index.html','http://www.subject.com/','其他','www.subject.com') [ RunTime:0.0280s ]
INFO: [ app_end ] --START--
INFO: Run Behavior\ShowPageTraceBehavior [ RunTime:0.001000s ]
INFO: [ app_end ] --END-- [ RunTime:0.001000s ]

[ 2019-05-28T13:59:19+08:00 ] 127.0.0.1 /
INFO: [ app_init ] --START--
INFO: Run Behavior\BuildLiteBehavior [ RunTime:0.000000s ]
INFO: [ app_init ] --END-- [ RunTime:0.000000s ]
INFO: [ app_begin ] --START--
INFO: Run Behavior\ReadHtmlCacheBehavior [ RunTime:0.001000s ]
INFO: [ app_begin ] --END-- [ RunTime:0.001000s ]
INFO: [ view_parse ] --START--
INFO: [ template_filter ] --START--
INFO: Run Behavior\ContentReplaceBehavior [ RunTime:0.001000s ]
INFO: [ template_filter ] --END-- [ RunTime:0.001000s ]
INFO: Run Behavior\ParseTemplateBehavior [ RunTime:0.027002s ]
INFO: [ view_parse ] --END-- [ RunTime:0.027002s ]
INFO: [ view_filter ] --START--
INFO: Run Behavior\WriteHtmlCacheBehavior [ RunTime:0.000000s ]
INFO: [ view_filter ] --END-- [ RunTime:0.000000s ]
INFO: [ view_parse ] --START--
INFO: [ template_filter ] --START--
INFO: Run Behavior\ContentReplaceBehavior [ RunTime:0.000000s ]
INFO: [ template_filter ] --END-- [ RunTime:-0.010001s ]
INFO: Run Behavior\ParseTemplateBehavior [ RunTime:0.007000s ]
INFO: [ view_parse ] --END-- [ RunTime:-0.001000s ]
INFO: [ view_filter ] --START--
INFO: Run Behavior\WriteHtmlCacheBehavior [ RunTime:0.000000s ]
INFO: [ view_filter ] --END-- [ RunTime:-0.009000s ]
INFO: [ app_end ] --START--
INFO: Run Behavior\ShowPageTraceBehavior [ RunTime:0.001000s ]
INFO: [ app_end ] --END-- [ RunTime:0.001000s ]

[ 2019-05-28T13:59:19+08:00 ] 127.0.0.1 /Home/tallyTotal/index.html
INFO: [ app_init ] --START--
INFO: Run Behavior\BuildLiteBehavior [ RunTime:0.000000s ]
INFO: [ app_init ] --END-- [ RunTime:0.000000s ]
INFO: [ app_begin ] --START--
INFO: Run Behavior\ReadHtmlCacheBehavior [ RunTime:0.001000s ]
INFO: [ app_begin ] --END-- [ RunTime:0.001000s ]
NOTIC: [2048] Declaration of Admin\Model\TallydataModel::page() should be compatible with Think\Model::page($page, $listRows = NULL) E:\code\subject\App\Admin\Model\TallydataModel.class.php 第 5 行.
SQL: SHOW COLUMNS FROM `tallydata` [ RunTime:0.0350s ]
SQL: SHOW COLUMNS FROM `tallydata` [ RunTime:0.0310s ]
SQL: SELECT count(distinct tdid) as pv FROM `tallydata` WHERE `date` = '2019-05-28' LIMIT 1   [ RunTime:0.0040s ]
SQL: SHOW COLUMNS FROM `tallydata` [ RunTime:0.0350s ]
SQL: INSERT INTO `tallydata` (`ip`,`browser`,`ydns`,`sdns`,`cookie`,`date`,`time`,`uri`,`referer`,`keyword`,`se`) VALUES ('127.0.0.1','Chrome','www.subject.com','www.subject.com','27a3c5908da6e36cbddda3429d12dcbb','2019-05-28','1559023159','www.subject.com/Home/tallyTotal/index.html','http://www.subject.com/','其他','其他') [ RunTime:0.0290s ]
INFO: [ app_end ] --START--
INFO: Run Behavior\ShowPageTraceBehavior [ RunTime:0.001000s ]
INFO: [ app_end ] --END-- [ RunTime:0.001000s ]

