[ 2019-05-29T09:36:20+08:00 ] 127.0.0.1 /
INFO: [ app_init ] --START--
INFO: Run Behavior\BuildLiteBehavior [ RunTime:0.001000s ]
INFO: [ app_init ] --END-- [ RunTime:0.001000s ]
INFO: [ app_begin ] --START--
INFO: Run Behavior\ReadHtmlCacheBehavior [ RunTime:0.000000s ]
INFO: [ app_begin ] --END-- [ RunTime:0.002000s ]
INFO: [ view_parse ] --START--
INFO: [ template_filter ] --START--
INFO: Run Behavior\ContentReplaceBehavior [ RunTime:0.000000s ]
INFO: [ template_filter ] --END-- [ RunTime:0.000000s ]
INFO: Run Behavior\ParseTemplateBehavior [ RunTime:0.169010s ]
INFO: [ view_parse ] --END-- [ RunTime:0.169010s ]
INFO: [ view_filter ] --START--
INFO: Run Behavior\WriteHtmlCacheBehavior [ RunTime:0.000000s ]
INFO: [ view_filter ] --END-- [ RunTime:0.000000s ]
INFO: [ view_parse ] --START--
INFO: [ template_filter ] --START--
INFO: Run Behavior\ContentReplaceBehavior [ RunTime:0.000000s ]
INFO: [ template_filter ] --END-- [ RunTime:-0.135008s ]
INFO: Run Behavior\ParseTemplateBehavior [ RunTime:0.004000s ]
INFO: [ view_parse ] --END-- [ RunTime:-0.036002s ]
INFO: [ view_filter ] --START--
INFO: Run Behavior\WriteHtmlCacheBehavior [ RunTime:0.000000s ]
INFO: [ view_filter ] --END-- [ RunTime:-0.040002s ]
INFO: [ app_end ] --START--
INFO: Run Behavior\ShowPageTraceBehavior [ RunTime:0.001000s ]
INFO: [ app_end ] --END-- [ RunTime:0.001000s ]

[ 2019-05-29T09:36:21+08:00 ] 127.0.0.1 /Home/tallyTotal/index.html
INFO: [ app_init ] --START--
INFO: Run Behavior\BuildLiteBehavior [ RunTime:0.000000s ]
INFO: [ app_init ] --END-- [ RunTime:0.000000s ]
INFO: [ app_begin ] --START--
INFO: Run Behavior\ReadHtmlCacheBehavior [ RunTime:0.000000s ]
INFO: [ app_begin ] --END-- [ RunTime:0.000000s ]
NOTIC: [2048] Declaration of Admin\Model\TallydataModel::page() should be compatible with Think\Model::page($page, $listRows = NULL) E:\code\subject\App\Admin\Model\TallydataModel.class.php 第 5 行.
SQL: SHOW COLUMNS FROM `tallydata` [ RunTime:0.1710s ]
SQL: SHOW COLUMNS FROM `tallydata` [ RunTime:0.0100s ]
SQL: SELECT count(distinct tdid) as pv FROM `tallydata` WHERE `date` = '2019-05-29' LIMIT 1   [ RunTime:0.0000s ]
SQL: SHOW COLUMNS FROM `tallydata` [ RunTime:0.0100s ]
SQL: INSERT INTO `tallydata` (`ip`,`browser`,`ydns`,`sdns`,`cookie`,`date`,`time`,`uri`,`referer`,`keyword`,`se`) VALUES ('127.0.0.1','Chrome','www.subject.com','www.subject.com','cabb5047116cc2a2f9c7dafde44e5f38','2019-05-29','1559093781','www.subject.com/Home/tallyTotal/index.html','http://www.subject.com/','其他','其他') [ RunTime:0.0480s ]
INFO: [ app_end ] --START--
INFO: Run Behavior\ShowPageTraceBehavior [ RunTime:0.010000s ]
INFO: [ app_end ] --END-- [ RunTime:0.010000s ]

[ 2019-05-29T17:52:44+08:00 ] 127.0.0.1 /
INFO: [ app_init ] --START--
INFO: Run Behavior\BuildLiteBehavior [ RunTime:0.000000s ]
INFO: [ app_init ] --END-- [ RunTime:0.000000s ]
INFO: [ app_begin ] --START--
INFO: Run Behavior\ReadHtmlCacheBehavior [ RunTime:0.000000s ]
INFO: [ app_begin ] --END-- [ RunTime:0.000000s ]
INFO: [ view_parse ] --START--
INFO: [ template_filter ] --START--
INFO: Run Behavior\ContentReplaceBehavior [ RunTime:0.000000s ]
INFO: [ template_filter ] --END-- [ RunTime:0.000000s ]
INFO: Run Behavior\ParseTemplateBehavior [ RunTime:0.017001s ]
INFO: [ view_parse ] --END-- [ RunTime:0.017001s ]
INFO: [ view_filter ] --START--
INFO: Run Behavior\WriteHtmlCacheBehavior [ RunTime:0.000000s ]
INFO: [ view_filter ] --END-- [ RunTime:0.000000s ]
INFO: [ view_parse ] --START--
INFO: [ template_filter ] --START--
INFO: Run Behavior\ContentReplaceBehavior [ RunTime:0.000000s ]
INFO: [ template_filter ] --END-- [ RunTime:-0.017001s ]
INFO: Run Behavior\ParseTemplateBehavior [ RunTime:0.008000s ]
INFO: [ view_parse ] --END-- [ RunTime:-0.003000s ]
INFO: [ view_filter ] --START--
INFO: Run Behavior\WriteHtmlCacheBehavior [ RunTime:0.000000s ]
INFO: [ view_filter ] --END-- [ RunTime:-0.011000s ]
INFO: [ app_end ] --START--
INFO: Run Behavior\ShowPageTraceBehavior [ RunTime:0.001000s ]
INFO: [ app_end ] --END-- [ RunTime:0.001000s ]

[ 2019-05-29T17:52:44+08:00 ] 127.0.0.1 /Home/tallyTotal/index.html
INFO: [ app_init ] --START--
INFO: Run Behavior\BuildLiteBehavior [ RunTime:0.000000s ]
INFO: [ app_init ] --END-- [ RunTime:0.000000s ]
INFO: [ app_begin ] --START--
INFO: Run Behavior\ReadHtmlCacheBehavior [ RunTime:0.001000s ]
INFO: [ app_begin ] --END-- [ RunTime:0.001000s ]
NOTIC: [2048] Declaration of Admin\Model\TallydataModel::page() should be compatible with Think\Model::page($page, $listRows = NULL) E:\code\subject\App\Admin\Model\TallydataModel.class.php 第 5 行.
SQL: SHOW COLUMNS FROM `tallydata` [ RunTime:0.0110s ]
SQL: SHOW COLUMNS FROM `tallydata` [ RunTime:0.0250s ]
SQL: SELECT count(distinct tdid) as pv FROM `tallydata` WHERE `date` = '2019-05-29' LIMIT 1   [ RunTime:0.0030s ]
SQL: SHOW COLUMNS FROM `tallydata` [ RunTime:0.0190s ]
SQL: INSERT INTO `tallydata` (`ip`,`browser`,`ydns`,`sdns`,`cookie`,`date`,`time`,`uri`,`referer`,`keyword`,`se`) VALUES ('127.0.0.1','Chrome','www.subject.com','www.subject.com','cabb5047116cc2a2f9c7dafde44e5f38','2019-05-29','1559123564','www.subject.com/Home/tallyTotal/index.html','http://www.subject.com/','其他','其他') [ RunTime:0.0340s ]
INFO: [ app_end ] --START--
INFO: Run Behavior\ShowPageTraceBehavior [ RunTime:0.002000s ]
INFO: [ app_end ] --END-- [ RunTime:0.002000s ]

