[ 2019-06-11T15:15:28+08:00 ] 127.0.0.1 /
INFO: [ app_init ] --START--
INFO: Run Behavior\BuildLiteBehavior [ RunTime:0.000000s ]
INFO: [ app_init ] --END-- [ RunTime:0.001000s ]
INFO: [ app_begin ] --START--
INFO: Run Behavior\ReadHtmlCacheBehavior [ RunTime:0.002001s ]
INFO: [ app_begin ] --END-- [ RunTime:0.002001s ]
INFO: [ view_parse ] --START--
INFO: [ template_filter ] --START--
INFO: Run Behavior\ContentReplaceBehavior [ RunTime:0.000000s ]
INFO: [ template_filter ] --END-- [ RunTime:0.001000s ]
INFO: Run Behavior\ParseTemplateBehavior [ RunTime:0.086005s ]
INFO: [ view_parse ] --END-- [ RunTime:0.087005s ]
INFO: [ view_filter ] --START--
INFO: Run Behavior\WriteHtmlCacheBehavior [ RunTime:0.005001s ]
INFO: [ view_filter ] --END-- [ RunTime:0.005001s ]
INFO: [ view_parse ] --START--
INFO: [ template_filter ] --START--
INFO: Run Behavior\ContentReplaceBehavior [ RunTime:0.000000s ]
INFO: [ template_filter ] --END-- [ RunTime:-0.062004s ]
INFO: Run Behavior\ParseTemplateBehavior [ RunTime:0.007000s ]
INFO: [ view_parse ] --END-- [ RunTime:-0.009001s ]
INFO: [ view_filter ] --START--
INFO: Run Behavior\WriteHtmlCacheBehavior [ RunTime:0.000000s ]
INFO: [ view_filter ] --END-- [ RunTime:-0.011000s ]
INFO: [ app_end ] --START--
INFO: Run Behavior\ShowPageTraceBehavior [ RunTime:0.002000s ]
INFO: [ app_end ] --END-- [ RunTime:0.002000s ]

[ 2019-06-11T15:15:29+08:00 ] 127.0.0.1 /Home/tallyTotal/index.html
INFO: [ app_init ] --START--
INFO: Run Behavior\BuildLiteBehavior [ RunTime:0.000000s ]
INFO: [ app_init ] --END-- [ RunTime:0.001000s ]
INFO: [ app_begin ] --START--
INFO: Run Behavior\ReadHtmlCacheBehavior [ RunTime:0.002000s ]
INFO: [ app_begin ] --END-- [ RunTime:0.002000s ]
NOTIC: [2048] Declaration of Admin\Model\TallydataModel::page() should be compatible with Think\Model::page($page, $listRows = NULL) E:\code\subject\App\Admin\Model\TallydataModel.class.php 第 5 行.
SQL: SHOW COLUMNS FROM `tallydata` [ RunTime:0.0230s ]
SQL: SHOW COLUMNS FROM `tallydata` [ RunTime:0.0260s ]
SQL: SELECT count(distinct tdid) as pv FROM `tallydata` WHERE `date` = '2019-06-11' LIMIT 1   [ RunTime:0.0040s ]
SQL: SHOW COLUMNS FROM `tallydata` [ RunTime:0.0240s ]
SQL: INSERT INTO `tallydata` (`ip`,`browser`,`ydns`,`sdns`,`cookie`,`date`,`time`,`uri`,`referer`,`keyword`,`se`) VALUES ('127.0.0.1','Chrome','www.subject.com','www.subject.com','537b0d6967c5271db8665a80441edb41','2019-06-11','1560237329','www.subject.com/Home/tallyTotal/index.html','http://www.subject.com/','其他','其他') [ RunTime:0.0370s ]
INFO: [ app_end ] --START--
INFO: Run Behavior\ShowPageTraceBehavior [ RunTime:0.002000s ]
INFO: [ app_end ] --END-- [ RunTime:0.002000s ]

[ 2019-06-11T16:12:21+08:00 ] 127.0.0.1 /
INFO: [ app_init ] --START--
INFO: Run Behavior\BuildLiteBehavior [ RunTime:0.000000s ]
INFO: [ app_init ] --END-- [ RunTime:0.001001s ]
INFO: [ app_begin ] --START--
INFO: Run Behavior\ReadHtmlCacheBehavior [ RunTime:0.001000s ]
INFO: [ app_begin ] --END-- [ RunTime:0.001000s ]
INFO: [ view_parse ] --START--
INFO: [ template_filter ] --START--
INFO: Run Behavior\ContentReplaceBehavior [ RunTime:0.000000s ]
INFO: [ template_filter ] --END-- [ RunTime:0.000000s ]
INFO: Run Behavior\ParseTemplateBehavior [ RunTime:0.031002s ]
INFO: [ view_parse ] --END-- [ RunTime:0.031002s ]
INFO: [ view_filter ] --START--
INFO: Run Behavior\WriteHtmlCacheBehavior [ RunTime:0.001000s ]
INFO: [ view_filter ] --END-- [ RunTime:0.001000s ]
INFO: [ view_parse ] --START--
INFO: [ template_filter ] --START--
INFO: Run Behavior\ContentReplaceBehavior [ RunTime:0.000000s ]
INFO: [ template_filter ] --END-- [ RunTime:-0.019001s ]
INFO: Run Behavior\ParseTemplateBehavior [ RunTime:0.007000s ]
INFO: [ view_parse ] --END-- [ RunTime:-0.006000s ]
INFO: [ view_filter ] --START--
INFO: Run Behavior\WriteHtmlCacheBehavior [ RunTime:0.000000s ]
INFO: [ view_filter ] --END-- [ RunTime:-0.013000s ]
INFO: [ app_end ] --START--
INFO: Run Behavior\ShowPageTraceBehavior [ RunTime:0.001000s ]
INFO: [ app_end ] --END-- [ RunTime:0.001000s ]

[ 2019-06-11T16:12:22+08:00 ] 127.0.0.1 /Home/tallyTotal/index.html
INFO: [ app_init ] --START--
INFO: Run Behavior\BuildLiteBehavior [ RunTime:0.000000s ]
INFO: [ app_init ] --END-- [ RunTime:0.001000s ]
INFO: [ app_begin ] --START--
INFO: Run Behavior\ReadHtmlCacheBehavior [ RunTime:0.000000s ]
INFO: [ app_begin ] --END-- [ RunTime:0.000000s ]
NOTIC: [2048] Declaration of Admin\Model\TallydataModel::page() should be compatible with Think\Model::page($page, $listRows = NULL) E:\code\subject\App\Admin\Model\TallydataModel.class.php 第 5 行.
SQL: SHOW COLUMNS FROM `tallydata` [ RunTime:0.0160s ]
SQL: SHOW COLUMNS FROM `tallydata` [ RunTime:0.0090s ]
SQL: SELECT count(distinct tdid) as pv FROM `tallydata` WHERE `date` = '2019-06-11' LIMIT 1   [ RunTime:0.0040s ]
SQL: SHOW COLUMNS FROM `tallydata` [ RunTime:0.0240s ]
SQL: INSERT INTO `tallydata` (`ip`,`browser`,`ydns`,`sdns`,`cookie`,`date`,`time`,`uri`,`referer`,`keyword`,`se`) VALUES ('127.0.0.1','Chrome','www.subject.com','www.subject.com','537b0d6967c5271db8665a80441edb41','2019-06-11','1560240742','www.subject.com/Home/tallyTotal/index.html','http://www.subject.com/','其他','其他') [ RunTime:0.0270s ]
INFO: [ app_end ] --START--
INFO: Run Behavior\ShowPageTraceBehavior [ RunTime:0.002000s ]
INFO: [ app_end ] --END-- [ RunTime:0.002000s ]

