[ 2019-05-06T09:05:35+08:00 ] 127.0.0.1 /favicon.ico
INFO: [ app_init ] --START--
INFO: Run Behavior\BuildLiteBehavior [ RunTime:0.000000s ]
INFO: [ app_init ] --END-- [ RunTime:0.000000s ]

[ 2019-05-06T09:05:43+08:00 ] 127.0.0.1 /Consult/GetLgData
INFO: [ app_init ] --START--
INFO: Run Behavior\BuildLiteBehavior [ RunTime:0.000000s ]
INFO: [ app_init ] --END-- [ RunTime:0.001000s ]
ERR: 无法加载模块:Consult

[ 2019-05-06T16:07:50+08:00 ] 127.0.0.1 /adminbase/index
INFO: [ app_init ] --START--
INFO: Run Behavior\BuildLiteBehavior [ RunTime:0.000000s ]
INFO: [ app_init ] --END-- [ RunTime:0.001000s ]
ERR: 无法加载模块:Adminbase

[ 2019-05-06T16:52:46+08:00 ] 127.0.0.1 /Consult/GetLgData
INFO: [ app_init ] --START--
INFO: Run Behavior\BuildLiteBehavior [ RunTime:0.000000s ]
INFO: [ app_init ] --END-- [ RunTime:0.001000s ]
ERR: 无法加载模块:Consult

[ 2019-05-06T16:57:39+08:00 ] 127.0.0.1 /Consult/GetLgData
INFO: [ app_init ] --START--
INFO: Run Behavior\BuildLiteBehavior [ RunTime:0.000000s ]
INFO: [ app_init ] --END-- [ RunTime:0.000000s ]
ERR: 无法加载模块:Consult

[ 2019-05-06T17:01:01+08:00 ] 127.0.0.1 /Consult/GetLgData
INFO: [ app_init ] --START--
INFO: Run Behavior\BuildLiteBehavior [ RunTime:0.000000s ]
INFO: [ app_init ] --END-- [ RunTime:0.000000s ]
ERR: 无法加载模块:Consult

[ 2019-05-06T17:01:02+08:00 ] 127.0.0.1 /Consult/GetLgData
INFO: [ app_init ] --START--
INFO: Run Behavior\BuildLiteBehavior [ RunTime:0.000000s ]
INFO: [ app_init ] --END-- [ RunTime:0.000000s ]
ERR: 无法加载模块:Consult

[ 2019-05-06T17:01:43+08:00 ] 127.0.0.1 /module/treetable-lay/treetable.js?v=1.2.1
INFO: [ app_init ] --START--
INFO: Run Behavior\BuildLiteBehavior [ RunTime:0.000000s ]
INFO: [ app_init ] --END-- [ RunTime:0.000000s ]
ERR: 无法加载模块:Module

[ 2019-05-06T17:01:52+08:00 ] 127.0.0.1 /Consult/GetLgData
INFO: [ app_init ] --START--
INFO: Run Behavior\BuildLiteBehavior [ RunTime:0.000000s ]
INFO: [ app_init ] --END-- [ RunTime:0.001000s ]
ERR: 无法加载模块:Consult

[ 2019-05-06T17:01:57+08:00 ] 127.0.0.1 /module/treetable-lay/treetable.js?v=1.2.1
INFO: [ app_init ] --START--
INFO: Run Behavior\BuildLiteBehavior [ RunTime:0.000000s ]
INFO: [ app_init ] --END-- [ RunTime:0.001000s ]
ERR: 无法加载模块:Module

[ 2019-05-06T17:02:21+08:00 ] 127.0.0.1 /Consult/GetLgData
INFO: [ app_init ] --START--
INFO: Run Behavior\BuildLiteBehavior [ RunTime:0.000000s ]
INFO: [ app_init ] --END-- [ RunTime:0.001001s ]
ERR: 无法加载模块:Consult

[ 2019-05-06T17:03:00+08:00 ] 127.0.0.1 /Consult/GetLgData
INFO: [ app_init ] --START--
INFO: Run Behavior\BuildLiteBehavior [ RunTime:0.000000s ]
INFO: [ app_init ] --END-- [ RunTime:0.000000s ]
ERR: 无法加载模块:Consult

[ 2019-05-06T17:03:22+08:00 ] 127.0.0.1 /module/treetable-lay/treetable.js?v=1.2.1
INFO: [ app_init ] --START--
INFO: Run Behavior\BuildLiteBehavior [ RunTime:0.000000s ]
INFO: [ app_init ] --END-- [ RunTime:0.000000s ]
ERR: 无法加载模块:Module

[ 2019-05-06T17:05:39+08:00 ] 127.0.0.1 /module/treetable-lay/treetable.js?v=1.2.1
INFO: [ app_init ] --START--
INFO: Run Behavior\BuildLiteBehavior [ RunTime:0.000000s ]
INFO: [ app_init ] --END-- [ RunTime:0.001000s ]
ERR: 无法加载模块:Module

[ 2019-05-06T17:06:23+08:00 ] 127.0.0.1 /module/treetable-lay/treetable.js?v=1.2.1
INFO: [ app_init ] --START--
INFO: Run Behavior\BuildLiteBehavior [ RunTime:0.000000s ]
INFO: [ app_init ] --END-- [ RunTime:0.001000s ]
ERR: 无法加载模块:Module

[ 2019-05-06T17:13:20+08:00 ] 127.0.0.1 /dist/index.js?v=1.2.1
INFO: [ app_init ] --START--
INFO: Run Behavior\BuildLiteBehavior [ RunTime:0.000000s ]
INFO: [ app_init ] --END-- [ RunTime:0.001000s ]
ERR: 无法加载模块:Dist

[ 2019-05-06T17:15:20+08:00 ] 127.0.0.1 /Consult/TypeTree
INFO: [ app_init ] --START--
INFO: Run Behavior\BuildLiteBehavior [ RunTime:0.000000s ]
INFO: [ app_init ] --END-- [ RunTime:0.000000s ]
ERR: 无法加载模块:Consult

[ 2019-05-06T17:16:13+08:00 ] 127.0.0.1 /Consult/TypeTree
INFO: [ app_init ] --START--
INFO: Run Behavior\BuildLiteBehavior [ RunTime:0.000000s ]
INFO: [ app_init ] --END-- [ RunTime:0.001000s ]
ERR: 无法加载模块:Consult

[ 2019-05-06T17:18:16+08:00 ] 127.0.0.1 /Consult/GetLgData
INFO: [ app_init ] --START--
INFO: Run Behavior\BuildLiteBehavior [ RunTime:0.000000s ]
INFO: [ app_init ] --END-- [ RunTime:0.000000s ]
ERR: 无法加载模块:Consult

[ 2019-05-06T17:18:18+08:00 ] 127.0.0.1 /Consult/TypeTree
INFO: [ app_init ] --START--
INFO: Run Behavior\BuildLiteBehavior [ RunTime:0.000000s ]
INFO: [ app_init ] --END-- [ RunTime:0.000000s ]
ERR: 无法加载模块:Consult

[ 2019-05-06T17:19:02+08:00 ] 127.0.0.1 /Consult/TypeTree
INFO: [ app_init ] --START--
INFO: Run Behavior\BuildLiteBehavior [ RunTime:0.000000s ]
INFO: [ app_init ] --END-- [ RunTime:0.000000s ]
ERR: 无法加载模块:Consult

[ 2019-05-06T17:19:21+08:00 ] 127.0.0.1 /Consult/TypeTree
INFO: [ app_init ] --START--
INFO: Run Behavior\BuildLiteBehavior [ RunTime:0.000000s ]
INFO: [ app_init ] --END-- [ RunTime:0.000000s ]
ERR: 无法加载模块:Consult

[ 2019-05-06T17:21:33+08:00 ] 127.0.0.1 /Consult/TypeTree
INFO: [ app_init ] --START--
INFO: Run Behavior\BuildLiteBehavior [ RunTime:0.000000s ]
INFO: [ app_init ] --END-- [ RunTime:0.001000s ]
ERR: 无法加载模块:Consult

[ 2019-05-06T17:22:28+08:00 ] 127.0.0.1 /Consult/TypeTree
INFO: [ app_init ] --START--
INFO: Run Behavior\BuildLiteBehavior [ RunTime:0.000000s ]
INFO: [ app_init ] --END-- [ RunTime:0.000000s ]
ERR: 无法加载模块:Consult

[ 2019-05-06T18:05:28+08:00 ] 127.0.0.1 /Consult/AddLg
INFO: [ app_init ] --START--
INFO: Run Behavior\BuildLiteBehavior [ RunTime:0.000000s ]
INFO: [ app_init ] --END-- [ RunTime:0.000000s ]
ERR: 无法加载模块:Consult
NOTIC: [2] Cannot modify header information - headers already sent E:\code\subject\ThinkPHP\Library\Think\Think.class.php 第 256 行.
NOTIC: [2] Cannot modify header information - headers already sent E:\code\subject\ThinkPHP\Library\Think\Think.class.php 第 257 行.

[ 2019-05-06T18:06:49+08:00 ] 127.0.0.1 /Consult/AddLg
INFO: [ app_init ] --START--
INFO: Run Behavior\BuildLiteBehavior [ RunTime:0.000000s ]
INFO: [ app_init ] --END-- [ RunTime:0.001000s ]
ERR: 无法加载模块:Consult
NOTIC: [2] Cannot modify header information - headers already sent E:\code\subject\ThinkPHP\Library\Think\Think.class.php 第 256 行.
NOTIC: [2] Cannot modify header information - headers already sent E:\code\subject\ThinkPHP\Library\Think\Think.class.php 第 257 行.

