[ 2019-05-09T11:22:48+08:00 ] 127.0.0.1 /Public/admin/css/elfinder/js/images/ui-icons_444444_256x240.png
INFO: [ app_init ] --START--
INFO: Run Behavior\BuildLiteBehavior [ RunTime:0.000000s ]
INFO: [ app_init ] --END-- [ RunTime:0.000000s ]

[ 2019-05-09T11:22:48+08:00 ] 127.0.0.1 /Public/admin/css/elfinder/js/images/ui-icons_444444_256x240.png
INFO: [ app_init ] --START--
INFO: Run Behavior\BuildLiteBehavior [ RunTime:0.000000s ]
INFO: [ app_init ] --END-- [ RunTime:0.000000s ]

[ 2019-05-09T11:23:03+08:00 ] 127.0.0.1 /Public/admin/css/elfinder/img/logo.png
INFO: [ app_init ] --START--
INFO: Run Behavior\BuildLiteBehavior [ RunTime:0.000000s ]
INFO: [ app_init ] --END-- [ RunTime:0.000000s ]

[ 2019-05-09T13:02:35+08:00 ] 127.0.0.1 /favicon.ico
INFO: [ app_init ] --START--
INFO: Run Behavior\BuildLiteBehavior [ RunTime:0.000000s ]
INFO: [ app_init ] --END-- [ RunTime:0.000000s ]

[ 2019-05-09T13:10:14+08:00 ] 127.0.0.1 /Public/admin/css/Uploads/.tmb/l1_MjAxOS0wNS0wNVx1c2VyaW5mb2VzXzE1NTcwMTk2MzNfMjMuanBn1557019633.png
INFO: [ app_init ] --START--
INFO: Run Behavior\BuildLiteBehavior [ RunTime:0.000000s ]
INFO: [ app_init ] --END-- [ RunTime:0.001000s ]

[ 2019-05-09T13:10:35+08:00 ] 127.0.0.1 /Public/admin/css/Uploads/.tmb/l1_MjAxOS0wNS0wNVx1c2VyaW5mb2VzXzE1NTcwMTk2MzNfMjMuanBn1557019633.png
INFO: [ app_init ] --START--
INFO: Run Behavior\BuildLiteBehavior [ RunTime:0.000000s ]
INFO: [ app_init ] --END-- [ RunTime:0.000000s ]

[ 2019-05-09T13:10:41+08:00 ] 127.0.0.1 /Public/admin/css/Uploads/.tmb/l1_MjAxOS0wNS0wOVxwcm9kdWN0XzE1NTczNjUxOTlfMjMuZ2lm1557365199.png
INFO: [ app_init ] --START--
INFO: Run Behavior\BuildLiteBehavior [ RunTime:0.000000s ]
INFO: [ app_init ] --END-- [ RunTime:0.000000s ]

[ 2019-05-09T13:10:41+08:00 ] 127.0.0.1 /Public/admin/css/Uploads/2019-05-09/product_1557365199_23.gif
INFO: [ app_init ] --START--
INFO: Run Behavior\BuildLiteBehavior [ RunTime:0.000000s ]
INFO: [ app_init ] --END-- [ RunTime:0.001000s ]

[ 2019-05-09T13:10:41+08:00 ] 127.0.0.1 /Public/admin/css/Uploads/.tmb/l1_MjAxOS0wNS0wOVxwcm9kdWN0XzE1NTczNjU5NTBfMjMuZ2lm1557365950.png
INFO: [ app_init ] --START--
INFO: Run Behavior\BuildLiteBehavior [ RunTime:0.000000s ]
INFO: [ app_init ] --END-- [ RunTime:0.001000s ]

[ 2019-05-09T13:10:41+08:00 ] 127.0.0.1 /Public/admin/css/Uploads/.tmb/l1_MjAxOS0wNS0wOVxwcm9kdWN0YmlnXzE1NTczNjUxNTJfMjMuZ2lm1557365151.png
INFO: [ app_init ] --START--
INFO: Run Behavior\BuildLiteBehavior [ RunTime:0.000000s ]
INFO: [ app_init ] --END-- [ RunTime:0.001000s ]

[ 2019-05-09T13:10:42+08:00 ] 127.0.0.1 /Public/admin/css/Uploads/.tmb/l1_MjAxOS0wNS0wOVxwcm9kdWN0YmlnXzE1NTczNjU3NjVfMjMuZ2lm1557365765.png
INFO: [ app_init ] --START--
INFO: Run Behavior\BuildLiteBehavior [ RunTime:0.000000s ]
INFO: [ app_init ] --END-- [ RunTime:0.001000s ]

[ 2019-05-09T13:10:42+08:00 ] 127.0.0.1 /Public/admin/css/Uploads/.tmb/l1_MjAxOS0wNS0wOVxwcm9kdWN0YmlnXzE1NTczNjU5MzFfMjMuZ2lm1557365931.png
INFO: [ app_init ] --START--
INFO: Run Behavior\BuildLiteBehavior [ RunTime:0.000000s ]
INFO: [ app_init ] --END-- [ RunTime:0.001000s ]

[ 2019-05-09T13:10:42+08:00 ] 127.0.0.1 /Public/admin/css/Uploads/.tmb/l1_MjAxOS0wNS0wOVxwcm9kdWN0YmlnXzE1NTczNjY0MjJfMjMuZ2lm1557366422.png
INFO: [ app_init ] --START--
INFO: Run Behavior\BuildLiteBehavior [ RunTime:0.000000s ]
INFO: [ app_init ] --END-- [ RunTime:0.000000s ]

[ 2019-05-09T13:10:42+08:00 ] 127.0.0.1 /Public/admin/css/Uploads/.tmb/l1_MjAxOS0wNS0wOVxwcm9kdWN0YmlnXzE1NTczNjYzMzZfMjMuanBn1557366336.png
INFO: [ app_init ] --START--
INFO: Run Behavior\BuildLiteBehavior [ RunTime:0.000000s ]
INFO: [ app_init ] --END-- [ RunTime:0.001000s ]

[ 2019-05-09T13:10:42+08:00 ] 127.0.0.1 /Public/admin/css/Uploads/.tmb/l1_MjAxOS0wNS0wOVxwcm9kdWN0YmlnXzE1NTczNjY2NDBfMjMuZ2lm1557366640.png
INFO: [ app_init ] --START--
INFO: Run Behavior\BuildLiteBehavior [ RunTime:0.000000s ]
INFO: [ app_init ] --END-- [ RunTime:0.001000s ]

[ 2019-05-09T13:10:42+08:00 ] 127.0.0.1 /Public/admin/css/Uploads/.tmb/l1_MjAxOS0wNS0wOVxwcm9kdWN0YmlnXzE1NTczNjY3NjRfMjMuZ2lm1557366764.png
INFO: [ app_init ] --START--
INFO: Run Behavior\BuildLiteBehavior [ RunTime:0.000000s ]
INFO: [ app_init ] --END-- [ RunTime:0.001000s ]

[ 2019-05-09T13:10:42+08:00 ] 127.0.0.1 /Public/admin/css/Uploads/.tmb/l1_MjAxOS0wNS0wOVxwcm9kdWN0c21fMTU1NzM2NTE1M18yMy5naWY1557365153.png
INFO: [ app_init ] --START--
INFO: Run Behavior\BuildLiteBehavior [ RunTime:0.000000s ]
INFO: [ app_init ] --END-- [ RunTime:0.001000s ]

[ 2019-05-09T13:10:43+08:00 ] 127.0.0.1 /Public/admin/css/Uploads/.tmb/l1_MjAxOS0wNS0wOVxwcm9kdWN0c21fMTU1NzM2NTc2Nl8yMy5naWY1557365766.png
INFO: [ app_init ] --START--
INFO: Run Behavior\BuildLiteBehavior [ RunTime:0.000000s ]
INFO: [ app_init ] --END-- [ RunTime:0.001000s ]

[ 2019-05-09T13:10:43+08:00 ] 127.0.0.1 /Public/admin/css/Uploads/.tmb/l1_MjAxOS0wNS0wOVxwcm9kdWN0c21fMTU1NzM2NTkzM18yMy5naWY1557365933.png
INFO: [ app_init ] --START--
INFO: Run Behavior\BuildLiteBehavior [ RunTime:0.000000s ]
INFO: [ app_init ] --END-- [ RunTime:0.000000s ]

[ 2019-05-09T13:10:43+08:00 ] 127.0.0.1 /Public/admin/css/Uploads/.tmb/l1_MjAxOS0wNS0wOVxwcm9kdWN0c21fMTU1NzM2NjQyNV8yMy5naWY1557366425.png
INFO: [ app_init ] --START--
INFO: Run Behavior\BuildLiteBehavior [ RunTime:0.000000s ]
INFO: [ app_init ] --END-- [ RunTime:0.001000s ]

[ 2019-05-09T13:10:43+08:00 ] 127.0.0.1 /Public/admin/css/Uploads/.tmb/l1_MjAxOS0wNS0wOVxwcm9kdWN0c21fMTU1NzM2NjM0NF8yMy5naWY1557366344.png
INFO: [ app_init ] --START--
INFO: Run Behavior\BuildLiteBehavior [ RunTime:0.000000s ]
INFO: [ app_init ] --END-- [ RunTime:0.000000s ]

[ 2019-05-09T13:17:24+08:00 ] 127.0.0.1 /Public/admin/upload/%E7%89%88%E6%9D%83%E5%A3%B0%E6%98%8E_03.gif
INFO: [ app_init ] --START--
INFO: Run Behavior\BuildLiteBehavior [ RunTime:0.000000s ]
INFO: [ app_init ] --END-- [ RunTime:0.001000s ]

[ 2019-05-09T13:20:08+08:00 ] 127.0.0.1 /Public/admin/css/elfinder/js/images/ui-icons_444444_256x240.png
INFO: [ app_init ] --START--
INFO: Run Behavior\BuildLiteBehavior [ RunTime:0.000000s ]
INFO: [ app_init ] --END-- [ RunTime:0.001000s ]

[ 2019-05-09T13:20:08+08:00 ] 127.0.0.1 /Public/admin/css/elfinder/js/images/ui-icons_444444_256x240.png
INFO: [ app_init ] --START--
INFO: Run Behavior\BuildLiteBehavior [ RunTime:0.000000s ]
INFO: [ app_init ] --END-- [ RunTime:0.001000s ]

[ 2019-05-09T13:20:31+08:00 ] 127.0.0.1 /Public/admin/css/elfinder/img/logo.png
INFO: [ app_init ] --START--
INFO: Run Behavior\BuildLiteBehavior [ RunTime:0.001000s ]
INFO: [ app_init ] --END-- [ RunTime:0.001000s ]

[ 2019-05-09T14:07:39+08:00 ] 127.0.0.1 /demo/table/user/?page=1&limit=10
INFO: [ app_init ] --START--
INFO: Run Behavior\BuildLiteBehavior [ RunTime:0.000000s ]
INFO: [ app_init ] --END-- [ RunTime:0.000000s ]
ERR: 无法加载模块:Demo

[ 2019-05-09T14:07:39+08:00 ] 127.0.0.1 /demo/table/user/?page=1&limit=10
INFO: [ app_init ] --START--
INFO: Run Behavior\BuildLiteBehavior [ RunTime:0.000000s ]
INFO: [ app_init ] --END-- [ RunTime:0.001000s ]
ERR: 无法加载模块:Demo

[ 2019-05-09T14:07:49+08:00 ] 127.0.0.1 /demo/table/user/?page=1&limit=10
INFO: [ app_init ] --START--
INFO: Run Behavior\BuildLiteBehavior [ RunTime:0.000000s ]
INFO: [ app_init ] --END-- [ RunTime:0.000000s ]
ERR: 无法加载模块:Demo

[ 2019-05-09T14:07:49+08:00 ] 127.0.0.1 /demo/table/user/?page=1&limit=10
INFO: [ app_init ] --START--
INFO: Run Behavior\BuildLiteBehavior [ RunTime:0.000000s ]
INFO: [ app_init ] --END-- [ RunTime:0.001000s ]
ERR: 无法加载模块:Demo

[ 2019-05-09T14:09:10+08:00 ] 127.0.0.1 /demo/table/user/?page=1&limit=10
INFO: [ app_init ] --START--
INFO: Run Behavior\BuildLiteBehavior [ RunTime:0.000000s ]
INFO: [ app_init ] --END-- [ RunTime:0.001000s ]
ERR: 无法加载模块:Demo

[ 2019-05-09T14:09:10+08:00 ] 127.0.0.1 /demo/table/user/?page=1&limit=10
INFO: [ app_init ] --START--
INFO: Run Behavior\BuildLiteBehavior [ RunTime:0.000000s ]
INFO: [ app_init ] --END-- [ RunTime:0.000000s ]
ERR: 无法加载模块:Demo

[ 2019-05-09T14:10:27+08:00 ] 127.0.0.1 /demo/table/user/?page=1&limit=10
INFO: [ app_init ] --START--
INFO: Run Behavior\BuildLiteBehavior [ RunTime:0.000000s ]
INFO: [ app_init ] --END-- [ RunTime:0.001000s ]
ERR: 无法加载模块:Demo

[ 2019-05-09T14:10:27+08:00 ] 127.0.0.1 /demo/table/user/?page=1&limit=10
INFO: [ app_init ] --START--
INFO: Run Behavior\BuildLiteBehavior [ RunTime:0.000000s ]
INFO: [ app_init ] --END-- [ RunTime:0.001001s ]
ERR: 无法加载模块:Demo

[ 2019-05-09T14:12:13+08:00 ] 127.0.0.1 /demo/table/user/?page=1&limit=10
INFO: [ app_init ] --START--
INFO: Run Behavior\BuildLiteBehavior [ RunTime:0.000000s ]
INFO: [ app_init ] --END-- [ RunTime:0.000000s ]
ERR: 无法加载模块:Demo

[ 2019-05-09T14:12:13+08:00 ] 127.0.0.1 /demo/table/user/?page=1&limit=10
INFO: [ app_init ] --START--
INFO: Run Behavior\BuildLiteBehavior [ RunTime:0.000000s ]
INFO: [ app_init ] --END-- [ RunTime:0.001000s ]
ERR: 无法加载模块:Demo

[ 2019-05-09T14:15:03+08:00 ] 127.0.0.1 /demo/table/user/?page=1&limit=10
INFO: [ app_init ] --START--
INFO: Run Behavior\BuildLiteBehavior [ RunTime:0.000000s ]
INFO: [ app_init ] --END-- [ RunTime:0.001000s ]
ERR: 无法加载模块:Demo

[ 2019-05-09T14:15:25+08:00 ] 127.0.0.1 /demo/table/user/?page=1&limit=10
INFO: [ app_init ] --START--
INFO: Run Behavior\BuildLiteBehavior [ RunTime:0.000000s ]
INFO: [ app_init ] --END-- [ RunTime:0.001000s ]
ERR: 无法加载模块:Demo

[ 2019-05-09T14:20:56+08:00 ] 127.0.0.1 /demo/table/user/?page=1&limit=10
INFO: [ app_init ] --START--
INFO: Run Behavior\BuildLiteBehavior [ RunTime:0.000000s ]
INFO: [ app_init ] --END-- [ RunTime:0.000000s ]
ERR: 无法加载模块:Demo

[ 2019-05-09T14:56:44+08:00 ] 127.0.0.1 /demo/table/user/?page=1&limit=10
INFO: [ app_init ] --START--
INFO: Run Behavior\BuildLiteBehavior [ RunTime:0.000000s ]
INFO: [ app_init ] --END-- [ RunTime:0.001000s ]
ERR: 无法加载模块:Demo

[ 2019-05-09T14:59:34+08:00 ] 127.0.0.1 /demo/table/user/?page=1&limit=10
INFO: [ app_init ] --START--
INFO: Run Behavior\BuildLiteBehavior [ RunTime:0.000000s ]
INFO: [ app_init ] --END-- [ RunTime:0.000000s ]
ERR: 无法加载模块:Demo

[ 2019-05-09T14:59:37+08:00 ] 127.0.0.1 /demo/table/user/?page=1&limit=10
INFO: [ app_init ] --START--
INFO: Run Behavior\BuildLiteBehavior [ RunTime:0.000000s ]
INFO: [ app_init ] --END-- [ RunTime:0.001000s ]
ERR: 无法加载模块:Demo

[ 2019-05-09T15:05:14+08:00 ] 127.0.0.1 /demo/table/user/?page=1&limit=10
INFO: [ app_init ] --START--
INFO: Run Behavior\BuildLiteBehavior [ RunTime:0.000000s ]
INFO: [ app_init ] --END-- [ RunTime:0.001000s ]
ERR: 无法加载模块:Demo

[ 2019-05-09T15:05:17+08:00 ] 127.0.0.1 /demo/table/user/?page=1&limit=10
INFO: [ app_init ] --START--
INFO: Run Behavior\BuildLiteBehavior [ RunTime:0.000000s ]
INFO: [ app_init ] --END-- [ RunTime:0.000000s ]
ERR: 无法加载模块:Demo

[ 2019-05-09T15:07:19+08:00 ] 127.0.0.1 /demo/table/user/?page=1&limit=10
INFO: [ app_init ] --START--
INFO: Run Behavior\BuildLiteBehavior [ RunTime:0.000000s ]
INFO: [ app_init ] --END-- [ RunTime:0.001000s ]
ERR: 无法加载模块:Demo

[ 2019-05-09T15:07:35+08:00 ] 127.0.0.1 /demo/table/user/?page=1&limit=10
INFO: [ app_init ] --START--
INFO: Run Behavior\BuildLiteBehavior [ RunTime:0.000000s ]
INFO: [ app_init ] --END-- [ RunTime:0.000000s ]
ERR: 无法加载模块:Demo

[ 2019-05-09T18:15:40+08:00 ] 127.0.0.1 /demo/table/user/?page=1&limit=10
INFO: [ app_init ] --START--
INFO: Run Behavior\BuildLiteBehavior [ RunTime:0.000000s ]
INFO: [ app_init ] --END-- [ RunTime:0.001000s ]
ERR: 无法加载模块:Demo

[ 2019-05-09T18:16:00+08:00 ] 127.0.0.1 /demo/table/user/?page=1&limit=10
INFO: [ app_init ] --START--
INFO: Run Behavior\BuildLiteBehavior [ RunTime:0.000000s ]
INFO: [ app_init ] --END-- [ RunTime:0.001000s ]
ERR: 无法加载模块:Demo

