[ 2019-05-07T09:23:29+08:00 ] 127.0.0.1 /Consult/OffType
INFO: [ app_init ] --START--
INFO: Run Behavior\BuildLiteBehavior [ RunTime:0.000000s ]
INFO: [ app_init ] --END-- [ RunTime:0.001000s ]
ERR: 无法加载模块:Consult
NOTIC: [2] Cannot modify header information - headers already sent E:\code\subject\ThinkPHP\Library\Think\Think.class.php 第 256 行.
NOTIC: [2] Cannot modify header information - headers already sent E:\code\subject\ThinkPHP\Library\Think\Think.class.php 第 257 行.

[ 2019-05-07T09:23:55+08:00 ] 127.0.0.1 /Consult/UpdateType
INFO: [ app_init ] --START--
INFO: Run Behavior\BuildLiteBehavior [ RunTime:0.000000s ]
INFO: [ app_init ] --END-- [ RunTime:0.000000s ]
ERR: 无法加载模块:Consult
NOTIC: [2] Cannot modify header information - headers already sent E:\code\subject\ThinkPHP\Library\Think\Think.class.php 第 256 行.
NOTIC: [2] Cannot modify header information - headers already sent E:\code\subject\ThinkPHP\Library\Think\Think.class.php 第 257 行.

[ 2019-05-07T09:25:13+08:00 ] 127.0.0.1 /Consult/AddSm
INFO: [ app_init ] --START--
INFO: Run Behavior\BuildLiteBehavior [ RunTime:0.000000s ]
INFO: [ app_init ] --END-- [ RunTime:0.000000s ]
ERR: 无法加载模块:Consult
NOTIC: [2] Cannot modify header information - headers already sent E:\code\subject\ThinkPHP\Library\Think\Think.class.php 第 256 行.
NOTIC: [2] Cannot modify header information - headers already sent E:\code\subject\ThinkPHP\Library\Think\Think.class.php 第 257 行.

[ 2019-05-07T09:29:04+08:00 ] 127.0.0.1 /Consult/UpdateType
INFO: [ app_init ] --START--
INFO: Run Behavior\BuildLiteBehavior [ RunTime:0.000000s ]
INFO: [ app_init ] --END-- [ RunTime:0.001000s ]
ERR: 无法加载模块:Consult
NOTIC: [2] Cannot modify header information - headers already sent E:\code\subject\ThinkPHP\Library\Think\Think.class.php 第 256 行.
NOTIC: [2] Cannot modify header information - headers already sent E:\code\subject\ThinkPHP\Library\Think\Think.class.php 第 257 行.

[ 2019-05-07T09:29:30+08:00 ] 127.0.0.1 /Consult/UpdateType
INFO: [ app_init ] --START--
INFO: Run Behavior\BuildLiteBehavior [ RunTime:0.000000s ]
INFO: [ app_init ] --END-- [ RunTime:0.001000s ]
ERR: 无法加载模块:Consult
NOTIC: [2] Cannot modify header information - headers already sent E:\code\subject\ThinkPHP\Library\Think\Think.class.php 第 256 行.
NOTIC: [2] Cannot modify header information - headers already sent E:\code\subject\ThinkPHP\Library\Think\Think.class.php 第 257 行.

[ 2019-05-07T09:33:09+08:00 ] 127.0.0.1 /Consult/UpdateType
INFO: [ app_init ] --START--
INFO: Run Behavior\BuildLiteBehavior [ RunTime:0.000000s ]
INFO: [ app_init ] --END-- [ RunTime:0.000000s ]
ERR: 无法加载模块:Consult
NOTIC: [2] Cannot modify header information - headers already sent E:\code\subject\ThinkPHP\Library\Think\Think.class.php 第 256 行.
NOTIC: [2] Cannot modify header information - headers already sent E:\code\subject\ThinkPHP\Library\Think\Think.class.php 第 257 行.

[ 2019-05-07T09:44:37+08:00 ] 127.0.0.1 /Consult/AddSm
INFO: [ app_init ] --START--
INFO: Run Behavior\BuildLiteBehavior [ RunTime:0.000000s ]
INFO: [ app_init ] --END-- [ RunTime:0.001000s ]
ERR: 无法加载模块:Consult
NOTIC: [2] Cannot modify header information - headers already sent E:\code\subject\ThinkPHP\Library\Think\Think.class.php 第 256 行.
NOTIC: [2] Cannot modify header information - headers already sent E:\code\subject\ThinkPHP\Library\Think\Think.class.php 第 257 行.

[ 2019-05-07T11:20:03+08:00 ] 127.0.0.1 /Consult/GetLgData
INFO: [ app_init ] --START--
INFO: Run Behavior\BuildLiteBehavior [ RunTime:0.000000s ]
INFO: [ app_init ] --END-- [ RunTime:0.001000s ]
ERR: 无法加载模块:Consult

[ 2019-05-07T11:25:52+08:00 ] 127.0.0.1 /Consult/GetLgData
INFO: [ app_init ] --START--
INFO: Run Behavior\BuildLiteBehavior [ RunTime:0.000000s ]
INFO: [ app_init ] --END-- [ RunTime:0.001000s ]
ERR: 无法加载模块:Consult

[ 2019-05-07T11:29:02+08:00 ] 127.0.0.1 /Consult/GetLgData
INFO: [ app_init ] --START--
INFO: Run Behavior\BuildLiteBehavior [ RunTime:0.000000s ]
INFO: [ app_init ] --END-- [ RunTime:0.001001s ]
ERR: 无法加载模块:Consult

[ 2019-05-07T11:31:09+08:00 ] 127.0.0.1 /Consult/GetLgData
INFO: [ app_init ] --START--
INFO: Run Behavior\BuildLiteBehavior [ RunTime:0.000000s ]
INFO: [ app_init ] --END-- [ RunTime:0.001000s ]
ERR: 无法加载模块:Consult

[ 2019-05-07T11:32:02+08:00 ] 127.0.0.1 /Consult/GetLgData
INFO: [ app_init ] --START--
INFO: Run Behavior\BuildLiteBehavior [ RunTime:0.000000s ]
INFO: [ app_init ] --END-- [ RunTime:0.000000s ]
ERR: 无法加载模块:Consult

[ 2019-05-07T12:27:05+08:00 ] 127.0.0.1 /Consult/GetLgData
INFO: [ app_init ] --START--
INFO: Run Behavior\BuildLiteBehavior [ RunTime:0.000000s ]
INFO: [ app_init ] --END-- [ RunTime:0.001000s ]
ERR: 无法加载模块:Consult

[ 2019-05-07T12:28:56+08:00 ] 127.0.0.1 /Consult/GetLgData
INFO: [ app_init ] --START--
INFO: Run Behavior\BuildLiteBehavior [ RunTime:0.000000s ]
INFO: [ app_init ] --END-- [ RunTime:0.001000s ]
ERR: 无法加载模块:Consult

[ 2019-05-07T12:29:01+08:00 ] 127.0.0.1 /Consult/Type
INFO: [ app_init ] --START--
INFO: Run Behavior\BuildLiteBehavior [ RunTime:0.000000s ]
INFO: [ app_init ] --END-- [ RunTime:0.000000s ]
ERR: 无法加载模块:Consult

[ 2019-05-07T12:31:30+08:00 ] 127.0.0.1 /Consult/GetLgData
INFO: [ app_init ] --START--
INFO: Run Behavior\BuildLiteBehavior [ RunTime:0.000000s ]
INFO: [ app_init ] --END-- [ RunTime:0.000000s ]
ERR: 无法加载模块:Consult

[ 2019-05-07T12:35:55+08:00 ] 127.0.0.1 /demo/table/user/?page=1&limit=10
INFO: [ app_init ] --START--
INFO: Run Behavior\BuildLiteBehavior [ RunTime:0.000000s ]
INFO: [ app_init ] --END-- [ RunTime:0.000000s ]
ERR: 无法加载模块:Demo

[ 2019-05-07T12:36:02+08:00 ] 127.0.0.1 /demo/table/user/?page=1&limit=10
INFO: [ app_init ] --START--
INFO: Run Behavior\BuildLiteBehavior [ RunTime:0.000000s ]
INFO: [ app_init ] --END-- [ RunTime:0.000000s ]
ERR: 无法加载模块:Demo

[ 2019-05-07T13:06:58+08:00 ] 127.0.0.1 /demo/table/user/?page=1&limit=10
INFO: [ app_init ] --START--
INFO: Run Behavior\BuildLiteBehavior [ RunTime:0.000000s ]
INFO: [ app_init ] --END-- [ RunTime:0.001000s ]
ERR: 无法加载模块:Demo

[ 2019-05-07T13:07:35+08:00 ] 127.0.0.1 /demo/table/user/?page=1&limit=10
INFO: [ app_init ] --START--
INFO: Run Behavior\BuildLiteBehavior [ RunTime:0.000000s ]
INFO: [ app_init ] --END-- [ RunTime:0.001000s ]
ERR: 无法加载模块:Demo

[ 2019-05-07T13:07:41+08:00 ] 127.0.0.1 /Consult/GetLgData
INFO: [ app_init ] --START--
INFO: Run Behavior\BuildLiteBehavior [ RunTime:0.000000s ]
INFO: [ app_init ] --END-- [ RunTime:0.001000s ]
ERR: 无法加载模块:Consult

[ 2019-05-07T13:29:00+08:00 ] 127.0.0.1 /Consult/GetLgData
INFO: [ app_init ] --START--
INFO: Run Behavior\BuildLiteBehavior [ RunTime:0.000000s ]
INFO: [ app_init ] --END-- [ RunTime:0.001000s ]
ERR: 无法加载模块:Consult

[ 2019-05-07T13:30:14+08:00 ] 127.0.0.1 /Consult/GetLgData
INFO: [ app_init ] --START--
INFO: Run Behavior\BuildLiteBehavior [ RunTime:0.000000s ]
INFO: [ app_init ] --END-- [ RunTime:0.001000s ]
ERR: 无法加载模块:Consult

[ 2019-05-07T13:30:47+08:00 ] 127.0.0.1 /Consult/GetLgData
INFO: [ app_init ] --START--
INFO: Run Behavior\BuildLiteBehavior [ RunTime:0.000000s ]
INFO: [ app_init ] --END-- [ RunTime:0.001000s ]
ERR: 无法加载模块:Consult

[ 2019-05-07T13:31:04+08:00 ] 127.0.0.1 /Consult/GetLgData
INFO: [ app_init ] --START--
INFO: Run Behavior\BuildLiteBehavior [ RunTime:0.000000s ]
INFO: [ app_init ] --END-- [ RunTime:0.000000s ]
ERR: 无法加载模块:Consult

[ 2019-05-07T13:53:27+08:00 ] 127.0.0.1 /Public/admin/upload/2019-05-07/userinfoes_1557208406_23.jpg
INFO: [ app_init ] --START--
INFO: Run Behavior\BuildLiteBehavior [ RunTime:0.000000s ]
INFO: [ app_init ] --END-- [ RunTime:0.000000s ]

[ 2019-05-07T13:53:38+08:00 ] 127.0.0.1 /Public/admin/upload/2019-05-07/userinfoes_1557208406_23.jpg
INFO: [ app_init ] --START--
INFO: Run Behavior\BuildLiteBehavior [ RunTime:0.000000s ]
INFO: [ app_init ] --END-- [ RunTime:0.001000s ]

[ 2019-05-07T13:54:02+08:00 ] 127.0.0.1 /Public/admin/upload/2019-05-07/userinfoes_1557208406_23.jpg
INFO: [ app_init ] --START--
INFO: Run Behavior\BuildLiteBehavior [ RunTime:0.000000s ]
INFO: [ app_init ] --END-- [ RunTime:0.000000s ]

[ 2019-05-07T13:54:06+08:00 ] 127.0.0.1 /admin/upload/2019-05-07/userinfoes_1557208406_23.jpg
INFO: [ app_init ] --START--
INFO: Run Behavior\BuildLiteBehavior [ RunTime:0.000000s ]
INFO: [ app_init ] --END-- [ RunTime:0.001000s ]

[ 2019-05-07T13:55:04+08:00 ] 127.0.0.1 /admin/upload/2019-05-07/userinfoes_1557208201_23.jpg
INFO: [ app_init ] --START--
INFO: Run Behavior\BuildLiteBehavior [ RunTime:0.000000s ]
INFO: [ app_init ] --END-- [ RunTime:0.000000s ]

[ 2019-05-07T13:55:51+08:00 ] 127.0.0.1 /Public/admin/upload/2019-05-07/userinfoes_1557208549_23.jpg
INFO: [ app_init ] --START--
INFO: Run Behavior\BuildLiteBehavior [ RunTime:0.000000s ]
INFO: [ app_init ] --END-- [ RunTime:0.000000s ]

[ 2019-05-07T13:57:37+08:00 ] 127.0.0.1 /Admin/content/__PUBLIC__/admin/upload/2019-05-07/userinfoes_1557208655_23.jpg
INFO: [ app_init ] --START--
INFO: Run Behavior\BuildLiteBehavior [ RunTime:0.000000s ]
INFO: [ app_init ] --END-- [ RunTime:0.001000s ]

[ 2019-05-07T14:07:07+08:00 ] 127.0.0.1 /Admin/content/www.subject.com/Public/admin/upload/2019-05-07/userinfoes_1557209226_23.jpg
INFO: [ app_init ] --START--
INFO: Run Behavior\BuildLiteBehavior [ RunTime:0.000000s ]
INFO: [ app_init ] --END-- [ RunTime:0.000000s ]

[ 2019-05-07T14:07:30+08:00 ] 127.0.0.1 /Public/admin/upload/2019-05-07/userinfoes_1557209226_23.jpg
INFO: [ app_init ] --START--
INFO: Run Behavior\BuildLiteBehavior [ RunTime:0.000000s ]
INFO: [ app_init ] --END-- [ RunTime:0.000000s ]

[ 2019-05-07T14:15:53+08:00 ] 127.0.0.1 /Admin/content/Public/admin/upload/2019-05-07/userinfoes_1557209751_23.jpg
INFO: [ app_init ] --START--
INFO: Run Behavior\BuildLiteBehavior [ RunTime:0.000000s ]
INFO: [ app_init ] --END-- [ RunTime:0.000000s ]

[ 2019-05-07T14:16:37+08:00 ] 127.0.0.1 /Public/admin/upload/2019-05-07/userinfoes_1557209796_23.jpg
INFO: [ app_init ] --START--
INFO: Run Behavior\BuildLiteBehavior [ RunTime:0.000000s ]
INFO: [ app_init ] --END-- [ RunTime:0.001000s ]

[ 2019-05-07T14:25:23+08:00 ] 127.0.0.1 /Admin/content/Public/admin/upload/2019-05-07/userinfoes_1557210321_23.jpg
INFO: [ app_init ] --START--
INFO: Run Behavior\BuildLiteBehavior [ RunTime:0.000000s ]
INFO: [ app_init ] --END-- [ RunTime:0.001000s ]

[ 2019-05-07T14:25:43+08:00 ] 127.0.0.1 /Public/admin/upload/2019-05-07/userinfoes_1557210343_23.jpg
INFO: [ app_init ] --START--
INFO: Run Behavior\BuildLiteBehavior [ RunTime:0.000000s ]
INFO: [ app_init ] --END-- [ RunTime:0.000000s ]

[ 2019-05-07T14:25:59+08:00 ] 127.0.0.1 /Public/admin/upload/2019-05-07/userinfoes_1557210343_23.jpg
INFO: [ app_init ] --START--
INFO: Run Behavior\BuildLiteBehavior [ RunTime:0.000000s ]
INFO: [ app_init ] --END-- [ RunTime:0.001001s ]

[ 2019-05-07T14:34:28+08:00 ] 127.0.0.1 /Public/admin/upload/2019-05-07/userinfoes_1557210868_23.jpg
INFO: [ app_init ] --START--
INFO: Run Behavior\BuildLiteBehavior [ RunTime:0.000000s ]
INFO: [ app_init ] --END-- [ RunTime:0.000000s ]

[ 2019-05-07T14:35:24+08:00 ] 127.0.0.1 /Public/admin/upload/2019-05-07/userinfoes_1557210868_23.jpg
INFO: [ app_init ] --START--
INFO: Run Behavior\BuildLiteBehavior [ RunTime:0.000000s ]
INFO: [ app_init ] --END-- [ RunTime:0.000000s ]

[ 2019-05-07T14:41:54+08:00 ] 127.0.0.1 /Public/admin/upload/2019-05-07/userinfoes_1557211314_23.jpg
INFO: [ app_init ] --START--
INFO: Run Behavior\BuildLiteBehavior [ RunTime:0.000000s ]
INFO: [ app_init ] --END-- [ RunTime:0.001000s ]

[ 2019-05-07T14:42:06+08:00 ] 127.0.0.1 /Public/admin/upload/2019-05-07/userinfoes_1557211314_23.jpg
INFO: [ app_init ] --START--
INFO: Run Behavior\BuildLiteBehavior [ RunTime:0.000000s ]
INFO: [ app_init ] --END-- [ RunTime:0.001000s ]

[ 2019-05-07T14:43:03+08:00 ] 127.0.0.1 /Admin/Public/admin/upload/2019-05-07/userinfoes_1557211383_23.jpg
INFO: [ app_init ] --START--
INFO: Run Behavior\BuildLiteBehavior [ RunTime:0.000000s ]
INFO: [ app_init ] --END-- [ RunTime:0.001000s ]

[ 2019-05-07T14:43:46+08:00 ] 127.0.0.1 /Public/admin/upload/2019-05-07/userinfoes_1557211426_23.jpg
INFO: [ app_init ] --START--
INFO: Run Behavior\BuildLiteBehavior [ RunTime:0.000000s ]
INFO: [ app_init ] --END-- [ RunTime:0.000000s ]

[ 2019-05-07T14:46:06+08:00 ] 127.0.0.1 /Admin/content/Public/admin/upload/2019-05-07/userinfoes_1557211566_23.jpg
INFO: [ app_init ] --START--
INFO: Run Behavior\BuildLiteBehavior [ RunTime:0.000000s ]
INFO: [ app_init ] --END-- [ RunTime:0.001000s ]

[ 2019-05-07T16:03:04+08:00 ] 127.0.0.1 /Consult/UpdateConsult?id=undefined
INFO: [ app_init ] --START--
INFO: Run Behavior\BuildLiteBehavior [ RunTime:0.001000s ]
INFO: [ app_init ] --END-- [ RunTime:0.001000s ]
ERR: 无法加载模块:Consult

[ 2019-05-07T17:13:36+08:00 ] 127.0.0.1 /Consult/UpdateConsult?id=undefined
INFO: [ app_init ] --START--
INFO: Run Behavior\BuildLiteBehavior [ RunTime:0.000000s ]
INFO: [ app_init ] --END-- [ RunTime:0.001000s ]
ERR: 无法加载模块:Consult

