[ 2019-05-08T08:51:00+08:00 ] 127.0.0.1 /favicon.ico
INFO: [ app_init ] --START--
INFO: Run Behavior\BuildLiteBehavior [ RunTime:0.000000s ]
INFO: [ app_init ] --END-- [ RunTime:0.001000s ]

[ 2019-05-08T08:51:26+08:00 ] 127.0.0.1 /favicon.ico
INFO: [ app_init ] --START--
INFO: Run Behavior\BuildLiteBehavior [ RunTime:0.000000s ]
INFO: [ app_init ] --END-- [ RunTime:0.000000s ]

[ 2019-05-08T08:55:20+08:00 ] ::1 /subject/App/Admin/View/content/__PUBLIC__/admin/layui/layui/css/layui.css
INFO: [ app_init ] --START--
INFO: Run Behavior\BuildLiteBehavior [ RunTime:0.000000s ]
INFO: [ app_init ] --END-- [ RunTime:0.001000s ]
ERR: 无法加载模块:Subject

[ 2019-05-08T08:55:21+08:00 ] ::1 /subject/App/Admin/View/content/__PUBLIC__/admin/css/tai.css
INFO: [ app_init ] --START--
INFO: Run Behavior\BuildLiteBehavior [ RunTime:0.000000s ]
INFO: [ app_init ] --END-- [ RunTime:0.001000s ]
ERR: 无法加载模块:Subject

[ 2019-05-08T08:55:21+08:00 ] ::1 /subject/App/Admin/View/content/__PUBLIC__/admin/js/jquery.min.js
INFO: [ app_init ] --START--
INFO: Run Behavior\BuildLiteBehavior [ RunTime:0.000000s ]
INFO: [ app_init ] --END-- [ RunTime:0.001000s ]
ERR: 无法加载模块:Subject

[ 2019-05-08T08:55:21+08:00 ] ::1 /subject/App/Admin/View/content/__PUBLIC__/admin/layui/layui/layui.js
INFO: [ app_init ] --START--
INFO: Run Behavior\BuildLiteBehavior [ RunTime:0.000000s ]
INFO: [ app_init ] --END-- [ RunTime:0.000000s ]
ERR: 无法加载模块:Subject

[ 2019-05-08T08:55:21+08:00 ] ::1 /subject/App/Admin/View/content/__PUBLIC__/admin/css/popup.css
INFO: [ app_init ] --START--
INFO: Run Behavior\BuildLiteBehavior [ RunTime:0.000000s ]
INFO: [ app_init ] --END-- [ RunTime:0.000000s ]
ERR: 无法加载模块:Subject

[ 2019-05-08T08:55:22+08:00 ] ::1 /subject/App/Admin/View/content/__PUBLIC__/admin/layui/layui/layui.js
INFO: [ app_init ] --START--
INFO: Run Behavior\BuildLiteBehavior [ RunTime:0.000000s ]
INFO: [ app_init ] --END-- [ RunTime:0.001000s ]
ERR: 无法加载模块:Subject

[ 2019-05-08T09:06:54+08:00 ] ::1 /subject/App/Admin/View/content/__PUBLIC__/admin/layui/layui/css/layui.css
INFO: [ app_init ] --START--
INFO: Run Behavior\BuildLiteBehavior [ RunTime:0.000000s ]
INFO: [ app_init ] --END-- [ RunTime:0.001000s ]
ERR: 无法加载模块:Subject

[ 2019-05-08T09:06:55+08:00 ] ::1 /subject/App/Admin/View/content/__PUBLIC__/admin/css/popup.css
INFO: [ app_init ] --START--
INFO: Run Behavior\BuildLiteBehavior [ RunTime:0.000000s ]
INFO: [ app_init ] --END-- [ RunTime:0.000000s ]
ERR: 无法加载模块:Subject

[ 2019-05-08T09:06:55+08:00 ] ::1 /subject/App/Admin/View/content/__PUBLIC__/admin/layui/layui/layui.js
INFO: [ app_init ] --START--
INFO: Run Behavior\BuildLiteBehavior [ RunTime:0.000000s ]
INFO: [ app_init ] --END-- [ RunTime:0.000000s ]
ERR: 无法加载模块:Subject

[ 2019-05-08T09:06:55+08:00 ] ::1 /subject/App/Admin/View/content/__PUBLIC__/admin/js/jquery.min.js
INFO: [ app_init ] --START--
INFO: Run Behavior\BuildLiteBehavior [ RunTime:0.000000s ]
INFO: [ app_init ] --END-- [ RunTime:0.001000s ]
ERR: 无法加载模块:Subject

[ 2019-05-08T09:06:55+08:00 ] ::1 /subject/App/Admin/View/content/__PUBLIC__/admin/css/tai.css
INFO: [ app_init ] --START--
INFO: Run Behavior\BuildLiteBehavior [ RunTime:0.000000s ]
INFO: [ app_init ] --END-- [ RunTime:0.001000s ]
ERR: 无法加载模块:Subject

[ 2019-05-08T09:06:55+08:00 ] ::1 /subject/App/Admin/View/content/__PUBLIC__/admin/layui/layui/layui.js
INFO: [ app_init ] --START--
INFO: Run Behavior\BuildLiteBehavior [ RunTime:0.000000s ]
INFO: [ app_init ] --END-- [ RunTime:0.000000s ]
ERR: 无法加载模块:Subject

[ 2019-05-08T10:05:30+08:00 ] 127.0.0.1 /undefined
INFO: [ app_init ] --START--
INFO: Run Behavior\BuildLiteBehavior [ RunTime:0.000000s ]
INFO: [ app_init ] --END-- [ RunTime:0.001000s ]
ERR: 无法加载模块:Undefined

[ 2019-05-08T10:05:45+08:00 ] 127.0.0.1 /undefined
INFO: [ app_init ] --START--
INFO: Run Behavior\BuildLiteBehavior [ RunTime:0.000000s ]
INFO: [ app_init ] --END-- [ RunTime:0.001000s ]
ERR: 无法加载模块:Undefined

[ 2019-05-08T10:05:54+08:00 ] 127.0.0.1 /undefined
INFO: [ app_init ] --START--
INFO: Run Behavior\BuildLiteBehavior [ RunTime:0.000000s ]
INFO: [ app_init ] --END-- [ RunTime:0.001000s ]
ERR: 无法加载模块:Undefined

[ 2019-05-08T10:40:05+08:00 ] 127.0.0.1 /undefined
INFO: [ app_init ] --START--
INFO: Run Behavior\BuildLiteBehavior [ RunTime:0.000000s ]
INFO: [ app_init ] --END-- [ RunTime:0.001000s ]
ERR: 无法加载模块:Undefined

[ 2019-05-08T10:40:07+08:00 ] 127.0.0.1 /undefined
INFO: [ app_init ] --START--
INFO: Run Behavior\BuildLiteBehavior [ RunTime:0.000000s ]
INFO: [ app_init ] --END-- [ RunTime:0.000000s ]
ERR: 无法加载模块:Undefined

[ 2019-05-08T11:08:53+08:00 ] 127.0.0.1 /Consult/UpdateData
INFO: [ app_init ] --START--
INFO: Run Behavior\BuildLiteBehavior [ RunTime:0.000000s ]
INFO: [ app_init ] --END-- [ RunTime:0.000000s ]
ERR: 无法加载模块:Consult
NOTIC: [2] Cannot modify header information - headers already sent E:\code\subject\ThinkPHP\Library\Think\Think.class.php 第 256 行.
NOTIC: [2] Cannot modify header information - headers already sent E:\code\subject\ThinkPHP\Library\Think\Think.class.php 第 257 行.

[ 2019-05-08T11:17:13+08:00 ] 127.0.0.1 /Consult/UpdateData
INFO: [ app_init ] --START--
INFO: Run Behavior\BuildLiteBehavior [ RunTime:0.000000s ]
INFO: [ app_init ] --END-- [ RunTime:0.000000s ]
ERR: 无法加载模块:Consult
NOTIC: [2] Cannot modify header information - headers already sent E:\code\subject\ThinkPHP\Library\Think\Think.class.php 第 256 行.
NOTIC: [2] Cannot modify header information - headers already sent E:\code\subject\ThinkPHP\Library\Think\Think.class.php 第 257 行.

[ 2019-05-08T11:21:52+08:00 ] 127.0.0.1 /Consult/UpdateData
INFO: [ app_init ] --START--
INFO: Run Behavior\BuildLiteBehavior [ RunTime:0.000000s ]
INFO: [ app_init ] --END-- [ RunTime:0.001000s ]
ERR: 无法加载模块:Consult
NOTIC: [2] Cannot modify header information - headers already sent E:\code\subject\ThinkPHP\Library\Think\Think.class.php 第 256 行.
NOTIC: [2] Cannot modify header information - headers already sent E:\code\subject\ThinkPHP\Library\Think\Think.class.php 第 257 行.

[ 2019-05-08T11:32:32+08:00 ] 127.0.0.1 /Consult/OffConsult
INFO: [ app_init ] --START--
INFO: Run Behavior\BuildLiteBehavior [ RunTime:0.000000s ]
INFO: [ app_init ] --END-- [ RunTime:0.001000s ]
ERR: 无法加载模块:Consult
NOTIC: [2] Cannot modify header information - headers already sent E:\code\subject\ThinkPHP\Library\Think\Think.class.php 第 256 行.
NOTIC: [2] Cannot modify header information - headers already sent E:\code\subject\ThinkPHP\Library\Think\Think.class.php 第 257 行.

[ 2019-05-08T11:35:48+08:00 ] 127.0.0.1 /Consult/OffConsult
INFO: [ app_init ] --START--
INFO: Run Behavior\BuildLiteBehavior [ RunTime:0.000000s ]
INFO: [ app_init ] --END-- [ RunTime:0.001000s ]
ERR: 无法加载模块:Consult
NOTIC: [2] Cannot modify header information - headers already sent E:\code\subject\ThinkPHP\Library\Think\Think.class.php 第 256 行.
NOTIC: [2] Cannot modify header information - headers already sent E:\code\subject\ThinkPHP\Library\Think\Think.class.php 第 257 行.

[ 2019-05-08T13:11:59+08:00 ] 127.0.0.1 /demo/table/user/?page=1&limit=10
INFO: [ app_init ] --START--
INFO: Run Behavior\BuildLiteBehavior [ RunTime:0.000000s ]
INFO: [ app_init ] --END-- [ RunTime:0.001000s ]
ERR: 无法加载模块:Demo

[ 2019-05-08T13:12:04+08:00 ] 127.0.0.1 /demo/table/user/?page=1&limit=10
INFO: [ app_init ] --START--
INFO: Run Behavior\BuildLiteBehavior [ RunTime:0.000000s ]
INFO: [ app_init ] --END-- [ RunTime:0.001000s ]
ERR: 无法加载模块:Demo

[ 2019-05-08T13:15:18+08:00 ] 127.0.0.1 /demo/table/user/?page=1&limit=10
INFO: [ app_init ] --START--
INFO: Run Behavior\BuildLiteBehavior [ RunTime:0.000000s ]
INFO: [ app_init ] --END-- [ RunTime:0.000000s ]
ERR: 无法加载模块:Demo

[ 2019-05-08T13:15:22+08:00 ] 127.0.0.1 /demo/table/user/?page=1&limit=10
INFO: [ app_init ] --START--
INFO: Run Behavior\BuildLiteBehavior [ RunTime:0.000000s ]
INFO: [ app_init ] --END-- [ RunTime:0.000000s ]
ERR: 无法加载模块:Demo

[ 2019-05-08T13:18:11+08:00 ] 127.0.0.1 /demo/table/user/?page=1&limit=10
INFO: [ app_init ] --START--
INFO: Run Behavior\BuildLiteBehavior [ RunTime:0.000000s ]
INFO: [ app_init ] --END-- [ RunTime:0.001000s ]
ERR: 无法加载模块:Demo

[ 2019-05-08T13:21:54+08:00 ] 127.0.0.1 /demo/table/user/?page=1&limit=10
INFO: [ app_init ] --START--
INFO: Run Behavior\BuildLiteBehavior [ RunTime:0.000000s ]
INFO: [ app_init ] --END-- [ RunTime:0.000000s ]
ERR: 无法加载模块:Demo

[ 2019-05-08T14:29:30+08:00 ] 127.0.0.1 /demo/table/user/?page=1&limit=10
INFO: [ app_init ] --START--
INFO: Run Behavior\BuildLiteBehavior [ RunTime:0.000000s ]
INFO: [ app_init ] --END-- [ RunTime:0.001000s ]
ERR: 无法加载模块:Demo

