[ 2019-04-30T08:56:49+08:00 ] 127.0.0.1 /favicon.ico
INFO: [ app_init ] --START--
INFO: Run Behavior\BuildLiteBehavior [ RunTime:0.000000s ]
INFO: [ app_init ] --END-- [ RunTime:0.001000s ]

[ 2019-04-30T14:07:38+08:00 ] 127.0.0.1 /Consult/GetLgData
INFO: [ app_init ] --START--
INFO: Run Behavior\BuildLiteBehavior [ RunTime:0.000000s ]
INFO: [ app_init ] --END-- [ RunTime:0.001000s ]
ERR: 无法加载模块:Consult

[ 2019-04-30T14:07:38+08:00 ] 127.0.0.1 /Consult/List/
INFO: [ app_init ] --START--
INFO: Run Behavior\BuildLiteBehavior [ RunTime:0.000000s ]
INFO: [ app_init ] --END-- [ RunTime:0.001000s ]
ERR: 无法加载模块:Consult

[ 2019-04-30T14:07:41+08:00 ] 127.0.0.1 /Consult/AddConsult
INFO: [ app_init ] --START--
INFO: Run Behavior\BuildLiteBehavior [ RunTime:0.000000s ]
INFO: [ app_init ] --END-- [ RunTime:0.000000s ]
ERR: 无法加载模块:Consult

[ 2019-04-30T14:07:48+08:00 ] 127.0.0.1 /Consult/List/
INFO: [ app_init ] --START--
INFO: Run Behavior\BuildLiteBehavior [ RunTime:0.000000s ]
INFO: [ app_init ] --END-- [ RunTime:0.001000s ]
ERR: 无法加载模块:Consult

[ 2019-04-30T14:08:57+08:00 ] 127.0.0.1 /Consult/GetLgData
INFO: [ app_init ] --START--
INFO: Run Behavior\BuildLiteBehavior [ RunTime:0.000000s ]
INFO: [ app_init ] --END-- [ RunTime:0.000000s ]
ERR: 无法加载模块:Consult

[ 2019-04-30T14:08:57+08:00 ] 127.0.0.1 /Consult/List/
INFO: [ app_init ] --START--
INFO: Run Behavior\BuildLiteBehavior [ RunTime:0.000000s ]
INFO: [ app_init ] --END-- [ RunTime:0.000000s ]
ERR: 无法加载模块:Consult

[ 2019-04-30T14:09:03+08:00 ] 127.0.0.1 /Consult/AddConsult
INFO: [ app_init ] --START--
INFO: Run Behavior\BuildLiteBehavior [ RunTime:0.000000s ]
INFO: [ app_init ] --END-- [ RunTime:0.000000s ]
ERR: 无法加载模块:Consult

[ 2019-04-30T14:09:53+08:00 ] 127.0.0.1 /Consult/GetLgData
INFO: [ app_init ] --START--
INFO: Run Behavior\BuildLiteBehavior [ RunTime:0.000000s ]
INFO: [ app_init ] --END-- [ RunTime:0.001000s ]
ERR: 无法加载模块:Consult

[ 2019-04-30T14:10:15+08:00 ] 127.0.0.1 /Consult/AddConsult
INFO: [ app_init ] --START--
INFO: Run Behavior\BuildLiteBehavior [ RunTime:0.000000s ]
INFO: [ app_init ] --END-- [ RunTime:0.001000s ]
ERR: 无法加载模块:Consult

[ 2019-04-30T14:11:16+08:00 ] 127.0.0.1 /Consult/GetLgData
INFO: [ app_init ] --START--
INFO: Run Behavior\BuildLiteBehavior [ RunTime:0.000000s ]
INFO: [ app_init ] --END-- [ RunTime:0.000000s ]
ERR: 无法加载模块:Consult

[ 2019-04-30T14:15:05+08:00 ] 127.0.0.1 /module/treetable-lay/treetable.js?v=1.2.1
INFO: [ app_init ] --START--
INFO: Run Behavior\BuildLiteBehavior [ RunTime:0.000000s ]
INFO: [ app_init ] --END-- [ RunTime:0.000000s ]
ERR: 无法加载模块:Module

[ 2019-04-30T14:17:34+08:00 ] 127.0.0.1 /Consult/GetLgData
INFO: [ app_init ] --START--
INFO: Run Behavior\BuildLiteBehavior [ RunTime:0.000000s ]
INFO: [ app_init ] --END-- [ RunTime:0.001001s ]
ERR: 无法加载模块:Consult

[ 2019-04-30T14:17:36+08:00 ] 127.0.0.1 /Consult/AddConsult
INFO: [ app_init ] --START--
INFO: Run Behavior\BuildLiteBehavior [ RunTime:0.000000s ]
INFO: [ app_init ] --END-- [ RunTime:0.001000s ]
ERR: 无法加载模块:Consult

[ 2019-04-30T14:18:10+08:00 ] 127.0.0.1 /Consult/GetLgData
INFO: [ app_init ] --START--
INFO: Run Behavior\BuildLiteBehavior [ RunTime:0.000000s ]
INFO: [ app_init ] --END-- [ RunTime:0.001000s ]
ERR: 无法加载模块:Consult

[ 2019-04-30T14:18:12+08:00 ] 127.0.0.1 /Consult/GetLgData
INFO: [ app_init ] --START--
INFO: Run Behavior\BuildLiteBehavior [ RunTime:0.000000s ]
INFO: [ app_init ] --END-- [ RunTime:0.000000s ]
ERR: 无法加载模块:Consult

[ 2019-04-30T14:19:46+08:00 ] 127.0.0.1 /Consult/GetLgData
INFO: [ app_init ] --START--
INFO: Run Behavior\BuildLiteBehavior [ RunTime:0.000000s ]
INFO: [ app_init ] --END-- [ RunTime:0.001000s ]
ERR: 无法加载模块:Consult

[ 2019-04-30T14:35:46+08:00 ] 127.0.0.1 /Consult/UpdateConsult?id=undefined
INFO: [ app_init ] --START--
INFO: Run Behavior\BuildLiteBehavior [ RunTime:0.000000s ]
INFO: [ app_init ] --END-- [ RunTime:0.001000s ]
ERR: 无法加载模块:Consult

[ 2019-04-30T14:48:58+08:00 ] 127.0.0.1 /Consult/UpdateConsult?id=undefined
INFO: [ app_init ] --START--
INFO: Run Behavior\BuildLiteBehavior [ RunTime:0.000000s ]
INFO: [ app_init ] --END-- [ RunTime:0.001000s ]
ERR: 无法加载模块:Consult

[ 2019-04-30T14:49:01+08:00 ] 127.0.0.1 /Consult/UpdateConsult?id=undefined
INFO: [ app_init ] --START--
INFO: Run Behavior\BuildLiteBehavior [ RunTime:0.000000s ]
INFO: [ app_init ] --END-- [ RunTime:0.001000s ]
ERR: 无法加载模块:Consult

[ 2019-04-30T14:49:32+08:00 ] 127.0.0.1 /Consult/OffConsult
INFO: [ app_init ] --START--
INFO: Run Behavior\BuildLiteBehavior [ RunTime:0.000000s ]
INFO: [ app_init ] --END-- [ RunTime:0.001000s ]
ERR: 无法加载模块:Consult

[ 2019-04-30T14:49:56+08:00 ] 127.0.0.1 /Consult/UpdateConsult?id=undefined
INFO: [ app_init ] --START--
INFO: Run Behavior\BuildLiteBehavior [ RunTime:0.000000s ]
INFO: [ app_init ] --END-- [ RunTime:0.001000s ]
ERR: 无法加载模块:Consult

[ 2019-04-30T14:50:04+08:00 ] 127.0.0.1 /Consult/UpdateConsult?id=undefined
INFO: [ app_init ] --START--
INFO: Run Behavior\BuildLiteBehavior [ RunTime:0.000000s ]
INFO: [ app_init ] --END-- [ RunTime:0.000000s ]
ERR: 无法加载模块:Consult

[ 2019-04-30T14:50:24+08:00 ] 127.0.0.1 /Consult/UpdateConsult?id=undefined
INFO: [ app_init ] --START--
INFO: Run Behavior\BuildLiteBehavior [ RunTime:0.000000s ]
INFO: [ app_init ] --END-- [ RunTime:0.001000s ]
ERR: 无法加载模块:Consult

[ 2019-04-30T14:50:42+08:00 ] 127.0.0.1 /Consult/OffConsult
INFO: [ app_init ] --START--
INFO: Run Behavior\BuildLiteBehavior [ RunTime:0.000000s ]
INFO: [ app_init ] --END-- [ RunTime:0.000000s ]
ERR: 无法加载模块:Consult

[ 2019-04-30T14:50:43+08:00 ] 127.0.0.1 /Consult/UpdateConsult?id=undefined
INFO: [ app_init ] --START--
INFO: Run Behavior\BuildLiteBehavior [ RunTime:0.000000s ]
INFO: [ app_init ] --END-- [ RunTime:0.000000s ]
ERR: 无法加载模块:Consult

[ 2019-04-30T14:53:51+08:00 ] 127.0.0.1 /Consult/UpdateConsult?id=undefined
INFO: [ app_init ] --START--
INFO: Run Behavior\BuildLiteBehavior [ RunTime:0.000000s ]
INFO: [ app_init ] --END-- [ RunTime:0.001000s ]
ERR: 无法加载模块:Consult

[ 2019-04-30T15:29:29+08:00 ] 127.0.0.1 /Consult/GetLgData
INFO: [ app_init ] --START--
INFO: Run Behavior\BuildLiteBehavior [ RunTime:0.000000s ]
INFO: [ app_init ] --END-- [ RunTime:0.001000s ]
ERR: 无法加载模块:Consult

