[ 2019-05-14T09:13:12+08:00 ] 127.0.0.1 /favicon.ico
INFO: [ app_init ] --START--
INFO: Run Behavior\BuildLiteBehavior [ RunTime:0.000000s ]
INFO: [ app_init ] --END-- [ RunTime:0.000000s ]

[ 2019-05-14T09:14:17+08:00 ] 127.0.0.1 /demo/table/user/?page=1&limit=10
INFO: [ app_init ] --START--
INFO: Run Behavior\BuildLiteBehavior [ RunTime:0.000000s ]
INFO: [ app_init ] --END-- [ RunTime:0.000000s ]
ERR: 无法加载模块:Demo

[ 2019-05-14T09:39:20+08:00 ] 127.0.0.1 /demo/table/user/?page=1&limit=10
INFO: [ app_init ] --START--
INFO: Run Behavior\BuildLiteBehavior [ RunTime:0.000000s ]
INFO: [ app_init ] --END-- [ RunTime:0.000000s ]
ERR: 无法加载模块:Demo

[ 2019-05-14T09:39:20+08:00 ] 127.0.0.1 /demo/table/user/?page=1&limit=10
INFO: [ app_init ] --START--
INFO: Run Behavior\BuildLiteBehavior [ RunTime:0.000000s ]
INFO: [ app_init ] --END-- [ RunTime:0.000000s ]
ERR: 无法加载模块:Demo

[ 2019-05-14T09:39:20+08:00 ] 127.0.0.1 /demo/table/user/?page=1&limit=10
INFO: [ app_init ] --START--
INFO: Run Behavior\BuildLiteBehavior [ RunTime:0.000000s ]
INFO: [ app_init ] --END-- [ RunTime:0.000000s ]
ERR: 无法加载模块:Demo

[ 2019-05-14T09:39:20+08:00 ] 127.0.0.1 /demo/table/user/?page=1&limit=10
INFO: [ app_init ] --START--
INFO: Run Behavior\BuildLiteBehavior [ RunTime:0.000000s ]
INFO: [ app_init ] --END-- [ RunTime:0.000000s ]
ERR: 无法加载模块:Demo

[ 2019-05-14T09:39:20+08:00 ] 127.0.0.1 /demo/table/user/?page=1&limit=10
INFO: [ app_init ] --START--
INFO: Run Behavior\BuildLiteBehavior [ RunTime:0.000000s ]
INFO: [ app_init ] --END-- [ RunTime:0.001000s ]
ERR: 无法加载模块:Demo

[ 2019-05-14T09:39:33+08:00 ] 127.0.0.1 /demo/table/user/?page=1&limit=10
INFO: [ app_init ] --START--
INFO: Run Behavior\BuildLiteBehavior [ RunTime:0.000000s ]
INFO: [ app_init ] --END-- [ RunTime:0.000000s ]
ERR: 无法加载模块:Demo

[ 2019-05-14T09:51:42+08:00 ] 127.0.0.1 /demo/table/user/?page=1&limit=10
INFO: [ app_init ] --START--
INFO: Run Behavior\BuildLiteBehavior [ RunTime:0.000000s ]
INFO: [ app_init ] --END-- [ RunTime:0.001000s ]
ERR: 无法加载模块:Demo

[ 2019-05-14T09:51:42+08:00 ] 127.0.0.1 /demo/table/user/?page=1&limit=10
INFO: [ app_init ] --START--
INFO: Run Behavior\BuildLiteBehavior [ RunTime:0.000000s ]
INFO: [ app_init ] --END-- [ RunTime:0.001000s ]
ERR: 无法加载模块:Demo

[ 2019-05-14T09:51:42+08:00 ] 127.0.0.1 /demo/table/user/?page=1&limit=10
INFO: [ app_init ] --START--
INFO: Run Behavior\BuildLiteBehavior [ RunTime:0.000000s ]
INFO: [ app_init ] --END-- [ RunTime:0.000000s ]
ERR: 无法加载模块:Demo

[ 2019-05-14T09:51:42+08:00 ] 127.0.0.1 /demo/table/user/?page=1&limit=10
INFO: [ app_init ] --START--
INFO: Run Behavior\BuildLiteBehavior [ RunTime:0.000000s ]
INFO: [ app_init ] --END-- [ RunTime:0.000000s ]
ERR: 无法加载模块:Demo

[ 2019-05-14T09:51:42+08:00 ] 127.0.0.1 /demo/table/user/?page=1&limit=10
INFO: [ app_init ] --START--
INFO: Run Behavior\BuildLiteBehavior [ RunTime:0.000000s ]
INFO: [ app_init ] --END-- [ RunTime:0.000000s ]
ERR: 无法加载模块:Demo

[ 2019-05-14T10:08:45+08:00 ] 127.0.0.1 /demo/table/user/?page=1&limit=10
INFO: [ app_init ] --START--
INFO: Run Behavior\BuildLiteBehavior [ RunTime:0.000000s ]
INFO: [ app_init ] --END-- [ RunTime:0.001000s ]
ERR: 无法加载模块:Demo

[ 2019-05-14T10:08:58+08:00 ] 127.0.0.1 /demo/table/user/?page=1&limit=10
INFO: [ app_init ] --START--
INFO: Run Behavior\BuildLiteBehavior [ RunTime:0.000000s ]
INFO: [ app_init ] --END-- [ RunTime:0.001000s ]
ERR: 无法加载模块:Demo

[ 2019-05-14T10:09:13+08:00 ] 127.0.0.1 /demo/table/user/?page=1&limit=10
INFO: [ app_init ] --START--
INFO: Run Behavior\BuildLiteBehavior [ RunTime:0.000000s ]
INFO: [ app_init ] --END-- [ RunTime:0.000000s ]
ERR: 无法加载模块:Demo

[ 2019-05-14T13:56:48+08:00 ] 127.0.0.1 /Admin/marketing/img/qq_3.jpg
INFO: [ app_init ] --START--
INFO: Run Behavior\BuildLiteBehavior [ RunTime:0.000000s ]
INFO: [ app_init ] --END-- [ RunTime:0.001000s ]

[ 2019-05-14T13:56:48+08:00 ] 127.0.0.1 /Admin/marketing/img/msn_1.gif
INFO: [ app_init ] --START--
INFO: Run Behavior\BuildLiteBehavior [ RunTime:0.000000s ]
INFO: [ app_init ] --END-- [ RunTime:0.001000s ]

[ 2019-05-14T13:56:48+08:00 ] 127.0.0.1 /Admin/marketing/img/qq/qq_5.jpg
INFO: [ app_init ] --START--
INFO: Run Behavior\BuildLiteBehavior [ RunTime:0.000000s ]
INFO: [ app_init ] --END-- [ RunTime:0.000000s ]

[ 2019-05-14T13:56:48+08:00 ] 127.0.0.1 /Admin/marketing/img/qq/qq_8.jpg
INFO: [ app_init ] --START--
INFO: Run Behavior\BuildLiteBehavior [ RunTime:0.000000s ]
INFO: [ app_init ] --END-- [ RunTime:0.000000s ]

[ 2019-05-14T13:56:48+08:00 ] 127.0.0.1 /Admin/marketing/img/qq/qq_9.jpg
INFO: [ app_init ] --START--
INFO: Run Behavior\BuildLiteBehavior [ RunTime:0.000000s ]
INFO: [ app_init ] --END-- [ RunTime:0.001000s ]

[ 2019-05-14T13:56:48+08:00 ] 127.0.0.1 /Admin/marketing/img/qq/qq_10.jpg
INFO: [ app_init ] --START--
INFO: Run Behavior\BuildLiteBehavior [ RunTime:0.000000s ]
INFO: [ app_init ] --END-- [ RunTime:0.001000s ]

[ 2019-05-14T13:56:48+08:00 ] 127.0.0.1 /Admin/marketing/img/qq/qq_44.jpg
INFO: [ app_init ] --START--
INFO: Run Behavior\BuildLiteBehavior [ RunTime:0.000000s ]
INFO: [ app_init ] --END-- [ RunTime:0.001001s ]

[ 2019-05-14T13:56:48+08:00 ] 127.0.0.1 /Admin/marketing/img/qq/qq_46.jpg
INFO: [ app_init ] --START--
INFO: Run Behavior\BuildLiteBehavior [ RunTime:0.000000s ]
INFO: [ app_init ] --END-- [ RunTime:0.001000s ]

[ 2019-05-14T13:56:48+08:00 ] 127.0.0.1 /Admin/marketing/img/qq/qq_1.jpg
INFO: [ app_init ] --START--
INFO: Run Behavior\BuildLiteBehavior [ RunTime:0.000000s ]
INFO: [ app_init ] --END-- [ RunTime:0.000000s ]

[ 2019-05-14T13:56:48+08:00 ] 127.0.0.1 /Admin/marketing/img/qq/qq_6.jpg
INFO: [ app_init ] --START--
INFO: Run Behavior\BuildLiteBehavior [ RunTime:0.000000s ]
INFO: [ app_init ] --END-- [ RunTime:0.000000s ]

[ 2019-05-14T13:56:48+08:00 ] 127.0.0.1 /Admin/marketing/img/qq/qq_7.jpg
INFO: [ app_init ] --START--
INFO: Run Behavior\BuildLiteBehavior [ RunTime:0.000000s ]
INFO: [ app_init ] --END-- [ RunTime:0.001000s ]

[ 2019-05-14T13:56:48+08:00 ] 127.0.0.1 /Admin/marketing/img/qq/qq_47.jpg
INFO: [ app_init ] --START--
INFO: Run Behavior\BuildLiteBehavior [ RunTime:0.000000s ]
INFO: [ app_init ] --END-- [ RunTime:0.001000s ]

[ 2019-05-14T13:56:49+08:00 ] 127.0.0.1 /Admin/marketing/img/qq/qq_41.jpg
INFO: [ app_init ] --START--
INFO: Run Behavior\BuildLiteBehavior [ RunTime:0.000000s ]
INFO: [ app_init ] --END-- [ RunTime:0.000000s ]

[ 2019-05-14T13:56:49+08:00 ] 127.0.0.1 /Admin/marketing/img/qq/qq_42.jpg
INFO: [ app_init ] --START--
INFO: Run Behavior\BuildLiteBehavior [ RunTime:0.000000s ]
INFO: [ app_init ] --END-- [ RunTime:0.001000s ]

[ 2019-05-14T13:56:49+08:00 ] 127.0.0.1 /Admin/marketing/img/qq/qq_2.jpg
INFO: [ app_init ] --START--
INFO: Run Behavior\BuildLiteBehavior [ RunTime:0.000000s ]
INFO: [ app_init ] --END-- [ RunTime:0.001000s ]

[ 2019-05-14T13:56:49+08:00 ] 127.0.0.1 /Admin/marketing/img/qq/qq_3.jpg
INFO: [ app_init ] --START--
INFO: Run Behavior\BuildLiteBehavior [ RunTime:0.000000s ]
INFO: [ app_init ] --END-- [ RunTime:0.001000s ]

[ 2019-05-14T13:56:49+08:00 ] 127.0.0.1 /Admin/marketing/img/qq/qq_11.jpg
INFO: [ app_init ] --START--
INFO: Run Behavior\BuildLiteBehavior [ RunTime:0.000000s ]
INFO: [ app_init ] --END-- [ RunTime:0.000000s ]

[ 2019-05-14T13:56:49+08:00 ] 127.0.0.1 /Admin/marketing/img/qq/qq_12.jpg
INFO: [ app_init ] --START--
INFO: Run Behavior\BuildLiteBehavior [ RunTime:0.000000s ]
INFO: [ app_init ] --END-- [ RunTime:0.000000s ]

[ 2019-05-14T13:56:49+08:00 ] 127.0.0.1 /Admin/marketing/img/qq/qq_43.jpg
INFO: [ app_init ] --START--
INFO: Run Behavior\BuildLiteBehavior [ RunTime:0.000000s ]
INFO: [ app_init ] --END-- [ RunTime:0.000000s ]

[ 2019-05-14T13:56:49+08:00 ] 127.0.0.1 /Admin/marketing/img/qq/qq_13.jpg
INFO: [ app_init ] --START--
INFO: Run Behavior\BuildLiteBehavior [ RunTime:0.000000s ]
INFO: [ app_init ] --END-- [ RunTime:0.001000s ]

[ 2019-05-14T13:56:49+08:00 ] 127.0.0.1 /Admin/marketing/img/MsN/msn_1.gif
INFO: [ app_init ] --START--
INFO: Run Behavior\BuildLiteBehavior [ RunTime:0.000000s ]
INFO: [ app_init ] --END-- [ RunTime:0.001000s ]

[ 2019-05-14T13:56:49+08:00 ] 127.0.0.1 /Admin/marketing/img/MsN/msn_2.gif
INFO: [ app_init ] --START--
INFO: Run Behavior\BuildLiteBehavior [ RunTime:0.000000s ]
INFO: [ app_init ] --END-- [ RunTime:0.000000s ]

[ 2019-05-14T13:56:49+08:00 ] 127.0.0.1 /Admin/marketing/img/MsN/msn_3.gif
INFO: [ app_init ] --START--
INFO: Run Behavior\BuildLiteBehavior [ RunTime:0.000000s ]
INFO: [ app_init ] --END-- [ RunTime:0.000000s ]

[ 2019-05-14T13:56:49+08:00 ] 127.0.0.1 /Admin/marketing/img/MsN/msn_4.gif
INFO: [ app_init ] --START--
INFO: Run Behavior\BuildLiteBehavior [ RunTime:0.000000s ]
INFO: [ app_init ] --END-- [ RunTime:0.001000s ]

[ 2019-05-14T13:56:49+08:00 ] 127.0.0.1 /Admin/marketing/img/MsN/msn_5.gif
INFO: [ app_init ] --START--
INFO: Run Behavior\BuildLiteBehavior [ RunTime:0.000000s ]
INFO: [ app_init ] --END-- [ RunTime:0.000000s ]

[ 2019-05-14T13:56:49+08:00 ] 127.0.0.1 /Admin/marketing/img/MsN/msn_6.gif
INFO: [ app_init ] --START--
INFO: Run Behavior\BuildLiteBehavior [ RunTime:0.000000s ]
INFO: [ app_init ] --END-- [ RunTime:0.000000s ]

[ 2019-05-14T13:56:49+08:00 ] 127.0.0.1 /Admin/marketing/img/MsN/msn_7.gif
INFO: [ app_init ] --START--
INFO: Run Behavior\BuildLiteBehavior [ RunTime:0.000000s ]
INFO: [ app_init ] --END-- [ RunTime:0.000000s ]

[ 2019-05-14T13:56:49+08:00 ] 127.0.0.1 /Admin/marketing/img/MsN/msn_8.gif
INFO: [ app_init ] --START--
INFO: Run Behavior\BuildLiteBehavior [ RunTime:0.000000s ]
INFO: [ app_init ] --END-- [ RunTime:0.001000s ]

[ 2019-05-14T13:56:49+08:00 ] 127.0.0.1 /Admin/marketing/img/MsN/msn_9.gif
INFO: [ app_init ] --START--
INFO: Run Behavior\BuildLiteBehavior [ RunTime:0.000000s ]
INFO: [ app_init ] --END-- [ RunTime:0.001001s ]

[ 2019-05-14T13:56:49+08:00 ] 127.0.0.1 /Admin/marketing/img/MsN/msn_10.gif
INFO: [ app_init ] --START--
INFO: Run Behavior\BuildLiteBehavior [ RunTime:0.000000s ]
INFO: [ app_init ] --END-- [ RunTime:0.000000s ]

[ 2019-05-14T13:56:49+08:00 ] 127.0.0.1 /Admin/marketing/img/MsN/msn_11.gif
INFO: [ app_init ] --START--
INFO: Run Behavior\BuildLiteBehavior [ RunTime:0.000000s ]
INFO: [ app_init ] --END-- [ RunTime:0.000000s ]

[ 2019-05-14T13:56:49+08:00 ] 127.0.0.1 /Admin/marketing/img/MsN/msn_12.gif
INFO: [ app_init ] --START--
INFO: Run Behavior\BuildLiteBehavior [ RunTime:0.000000s ]
INFO: [ app_init ] --END-- [ RunTime:0.001000s ]

[ 2019-05-14T13:56:49+08:00 ] 127.0.0.1 /Admin/marketing/img/MsN/msn_13.gif
INFO: [ app_init ] --START--
INFO: Run Behavior\BuildLiteBehavior [ RunTime:0.000000s ]
INFO: [ app_init ] --END-- [ RunTime:0.000000s ]

[ 2019-05-14T13:56:49+08:00 ] 127.0.0.1 /Admin/marketing/img/taobao/taobao_1.jpg
INFO: [ app_init ] --START--
INFO: Run Behavior\BuildLiteBehavior [ RunTime:0.000000s ]
INFO: [ app_init ] --END-- [ RunTime:0.000000s ]

[ 2019-05-14T13:56:49+08:00 ] 127.0.0.1 /Admin/marketing/img/skupe/skype_1.gif
INFO: [ app_init ] --START--
INFO: Run Behavior\BuildLiteBehavior [ RunTime:0.000000s ]
INFO: [ app_init ] --END-- [ RunTime:0.000000s ]

[ 2019-05-14T13:56:49+08:00 ] 127.0.0.1 /Admin/marketing/img/skupe/skype_2.gif
INFO: [ app_init ] --START--
INFO: Run Behavior\BuildLiteBehavior [ RunTime:0.000000s ]
INFO: [ app_init ] --END-- [ RunTime:0.000000s ]

[ 2019-05-14T13:56:49+08:00 ] 127.0.0.1 /Admin/marketing/img/skupe/skype_3.gif
INFO: [ app_init ] --START--
INFO: Run Behavior\BuildLiteBehavior [ RunTime:0.000000s ]
INFO: [ app_init ] --END-- [ RunTime:0.001000s ]

[ 2019-05-14T13:56:49+08:00 ] 127.0.0.1 /Admin/marketing/img/skupe/skype_4.gif
INFO: [ app_init ] --START--
INFO: Run Behavior\BuildLiteBehavior [ RunTime:0.000000s ]
INFO: [ app_init ] --END-- [ RunTime:0.000000s ]

[ 2019-05-14T13:56:49+08:00 ] 127.0.0.1 /Admin/marketing/img/skupe/skype_5.gif
INFO: [ app_init ] --START--
INFO: Run Behavior\BuildLiteBehavior [ RunTime:0.000000s ]
INFO: [ app_init ] --END-- [ RunTime:0.000000s ]

[ 2019-05-14T13:56:49+08:00 ] 127.0.0.1 /Admin/marketing/img/skupe/skype_6.gif
INFO: [ app_init ] --START--
INFO: Run Behavior\BuildLiteBehavior [ RunTime:0.000000s ]
INFO: [ app_init ] --END-- [ RunTime:0.000000s ]

[ 2019-05-14T13:56:49+08:00 ] 127.0.0.1 /Admin/marketing/img/skupe/skype_7.gif
INFO: [ app_init ] --START--
INFO: Run Behavior\BuildLiteBehavior [ RunTime:0.000000s ]
INFO: [ app_init ] --END-- [ RunTime:0.001000s ]

[ 2019-05-14T13:56:49+08:00 ] 127.0.0.1 /Admin/marketing/img/skupe/skype_8.gif
INFO: [ app_init ] --START--
INFO: Run Behavior\BuildLiteBehavior [ RunTime:0.000000s ]
INFO: [ app_init ] --END-- [ RunTime:0.000000s ]

[ 2019-05-14T13:56:49+08:00 ] 127.0.0.1 /Admin/marketing/img/skupe/skype_9.gif
INFO: [ app_init ] --START--
INFO: Run Behavior\BuildLiteBehavior [ RunTime:0.000000s ]
INFO: [ app_init ] --END-- [ RunTime:0.001000s ]

[ 2019-05-14T13:56:49+08:00 ] 127.0.0.1 /Admin/marketing/img/skupe/skype_10.gif
INFO: [ app_init ] --START--
INFO: Run Behavior\BuildLiteBehavior [ RunTime:0.000000s ]
INFO: [ app_init ] --END-- [ RunTime:0.000000s ]

[ 2019-05-14T13:56:49+08:00 ] 127.0.0.1 /Admin/marketing/img/skupe/skype_11.gif
INFO: [ app_init ] --START--
INFO: Run Behavior\BuildLiteBehavior [ RunTime:0.000000s ]
INFO: [ app_init ] --END-- [ RunTime:0.001000s ]

[ 2019-05-14T13:56:49+08:00 ] 127.0.0.1 /Admin/marketing/img/skupe/skype_12.gif
INFO: [ app_init ] --START--
INFO: Run Behavior\BuildLiteBehavior [ RunTime:0.000000s ]
INFO: [ app_init ] --END-- [ RunTime:0.000000s ]

[ 2019-05-14T13:56:49+08:00 ] 127.0.0.1 /Admin/marketing/img/skupe/skype_13.gif
INFO: [ app_init ] --START--
INFO: Run Behavior\BuildLiteBehavior [ RunTime:0.000000s ]
INFO: [ app_init ] --END-- [ RunTime:0.001000s ]

[ 2019-05-14T13:56:49+08:00 ] 127.0.0.1 /Admin/marketing/img/ali/alibaba_10.jpg
INFO: [ app_init ] --START--
INFO: Run Behavior\BuildLiteBehavior [ RunTime:0.000000s ]
INFO: [ app_init ] --END-- [ RunTime:0.001000s ]

[ 2019-05-14T13:56:49+08:00 ] 127.0.0.1 /Admin/marketing/img/alibaba_10.jpg
INFO: [ app_init ] --START--
INFO: Run Behavior\BuildLiteBehavior [ RunTime:0.000000s ]
INFO: [ app_init ] --END-- [ RunTime:0.000000s ]

[ 2019-05-14T13:56:49+08:00 ] 127.0.0.1 /Admin/marketing/img/ali/alibaba_11.jpg
INFO: [ app_init ] --START--
INFO: Run Behavior\BuildLiteBehavior [ RunTime:0.000000s ]
INFO: [ app_init ] --END-- [ RunTime:0.001000s ]

[ 2019-05-14T13:56:50+08:00 ] 127.0.0.1 /Admin/marketing/img/taobao_2.jpg
INFO: [ app_init ] --START--
INFO: Run Behavior\BuildLiteBehavior [ RunTime:0.000000s ]
INFO: [ app_init ] --END-- [ RunTime:0.001000s ]

[ 2019-05-14T13:56:50+08:00 ] 127.0.0.1 /Admin/marketing/img/ali/alibaba_12.jpg
INFO: [ app_init ] --START--
INFO: Run Behavior\BuildLiteBehavior [ RunTime:0.000000s ]
INFO: [ app_init ] --END-- [ RunTime:0.000000s ]

[ 2019-05-14T13:56:50+08:00 ] 127.0.0.1 /Admin/marketing/img/skype_11.gif
INFO: [ app_init ] --START--
INFO: Run Behavior\BuildLiteBehavior [ RunTime:0.000000s ]
INFO: [ app_init ] --END-- [ RunTime:0.000000s ]

[ 2019-05-14T13:56:50+08:00 ] 127.0.0.1 /Admin/marketing/img/qq/qq_4.jpg
INFO: [ app_init ] --START--
INFO: Run Behavior\BuildLiteBehavior [ RunTime:0.000000s ]
INFO: [ app_init ] --END-- [ RunTime:0.000000s ]

[ 2019-05-14T13:56:50+08:00 ] 127.0.0.1 /demo/table/user/?page=1&limit=10
INFO: [ app_init ] --START--
INFO: Run Behavior\BuildLiteBehavior [ RunTime:0.000000s ]
INFO: [ app_init ] --END-- [ RunTime:0.001000s ]
ERR: 无法加载模块:Demo

[ 2019-05-14T13:56:50+08:00 ] 127.0.0.1 /Admin/marketing/img/qq/qq_45.jpg
INFO: [ app_init ] --START--
INFO: Run Behavior\BuildLiteBehavior [ RunTime:0.000000s ]
INFO: [ app_init ] --END-- [ RunTime:0.000000s ]

[ 2019-05-14T14:04:52+08:00 ] 127.0.0.1 /demo/table/user/?page=1&limit=10
INFO: [ app_init ] --START--
INFO: Run Behavior\BuildLiteBehavior [ RunTime:0.000000s ]
INFO: [ app_init ] --END-- [ RunTime:0.001000s ]
ERR: 无法加载模块:Demo

[ 2019-05-14T14:09:58+08:00 ] 127.0.0.1 /demo/table/user/?page=1&limit=10
INFO: [ app_init ] --START--
INFO: Run Behavior\BuildLiteBehavior [ RunTime:0.000000s ]
INFO: [ app_init ] --END-- [ RunTime:0.000000s ]
ERR: 无法加载模块:Demo

[ 2019-05-14T16:03:01+08:00 ] 127.0.0.1 /Admin/marketing/img/qq_3.jpg
INFO: [ app_init ] --START--
INFO: Run Behavior\BuildLiteBehavior [ RunTime:0.000000s ]
INFO: [ app_init ] --END-- [ RunTime:0.000000s ]

[ 2019-05-14T16:03:01+08:00 ] 127.0.0.1 /Admin/marketing/img/msn_1.gif
INFO: [ app_init ] --START--
INFO: Run Behavior\BuildLiteBehavior [ RunTime:0.000000s ]
INFO: [ app_init ] --END-- [ RunTime:0.001000s ]

[ 2019-05-14T16:03:01+08:00 ] 127.0.0.1 /Admin/marketing/img/qq/qq_4.jpg
INFO: [ app_init ] --START--
INFO: Run Behavior\BuildLiteBehavior [ RunTime:0.000000s ]
INFO: [ app_init ] --END-- [ RunTime:0.001000s ]

[ 2019-05-14T16:03:01+08:00 ] 127.0.0.1 /Admin/marketing/img/qq/qq_8.jpg
INFO: [ app_init ] --START--
INFO: Run Behavior\BuildLiteBehavior [ RunTime:0.000000s ]
INFO: [ app_init ] --END-- [ RunTime:0.000000s ]

[ 2019-05-14T16:03:01+08:00 ] 127.0.0.1 /Admin/marketing/img/qq/qq_9.jpg
INFO: [ app_init ] --START--
INFO: Run Behavior\BuildLiteBehavior [ RunTime:0.000000s ]
INFO: [ app_init ] --END-- [ RunTime:0.000000s ]

[ 2019-05-14T16:03:02+08:00 ] 127.0.0.1 /Admin/marketing/img/qq/qq_10.jpg
INFO: [ app_init ] --START--
INFO: Run Behavior\BuildLiteBehavior [ RunTime:0.000000s ]
INFO: [ app_init ] --END-- [ RunTime:0.000000s ]

[ 2019-05-14T16:03:02+08:00 ] 127.0.0.1 /Admin/marketing/img/qq/qq_44.jpg
INFO: [ app_init ] --START--
INFO: Run Behavior\BuildLiteBehavior [ RunTime:0.000000s ]
INFO: [ app_init ] --END-- [ RunTime:0.000000s ]

[ 2019-05-14T16:03:02+08:00 ] 127.0.0.1 /Admin/marketing/img/qq/qq_46.jpg
INFO: [ app_init ] --START--
INFO: Run Behavior\BuildLiteBehavior [ RunTime:0.000000s ]
INFO: [ app_init ] --END-- [ RunTime:0.000000s ]

[ 2019-05-14T16:03:02+08:00 ] 127.0.0.1 /Admin/marketing/img/qq/qq_1.jpg
INFO: [ app_init ] --START--
INFO: Run Behavior\BuildLiteBehavior [ RunTime:0.000000s ]
INFO: [ app_init ] --END-- [ RunTime:0.000000s ]

[ 2019-05-14T16:03:02+08:00 ] 127.0.0.1 /Admin/marketing/img/qq/qq_6.jpg
INFO: [ app_init ] --START--
INFO: Run Behavior\BuildLiteBehavior [ RunTime:0.000000s ]
INFO: [ app_init ] --END-- [ RunTime:0.000000s ]

[ 2019-05-14T16:03:02+08:00 ] 127.0.0.1 /Admin/marketing/img/qq/qq_7.jpg
INFO: [ app_init ] --START--
INFO: Run Behavior\BuildLiteBehavior [ RunTime:0.000000s ]
INFO: [ app_init ] --END-- [ RunTime:0.001000s ]

[ 2019-05-14T16:03:02+08:00 ] 127.0.0.1 /Admin/marketing/img/qq/qq_47.jpg
INFO: [ app_init ] --START--
INFO: Run Behavior\BuildLiteBehavior [ RunTime:0.000000s ]
INFO: [ app_init ] --END-- [ RunTime:0.000000s ]

[ 2019-05-14T16:03:02+08:00 ] 127.0.0.1 /Admin/marketing/img/qq/qq_41.jpg
INFO: [ app_init ] --START--
INFO: Run Behavior\BuildLiteBehavior [ RunTime:0.000000s ]
INFO: [ app_init ] --END-- [ RunTime:0.001000s ]

[ 2019-05-14T16:03:02+08:00 ] 127.0.0.1 /Admin/marketing/img/qq/qq_42.jpg
INFO: [ app_init ] --START--
INFO: Run Behavior\BuildLiteBehavior [ RunTime:0.000000s ]
INFO: [ app_init ] --END-- [ RunTime:0.001000s ]

[ 2019-05-14T16:03:02+08:00 ] 127.0.0.1 /Admin/marketing/img/qq/qq_2.jpg
INFO: [ app_init ] --START--
INFO: Run Behavior\BuildLiteBehavior [ RunTime:0.000000s ]
INFO: [ app_init ] --END-- [ RunTime:0.001000s ]

[ 2019-05-14T16:03:02+08:00 ] 127.0.0.1 /Admin/marketing/img/qq/qq_3.jpg
INFO: [ app_init ] --START--
INFO: Run Behavior\BuildLiteBehavior [ RunTime:0.000000s ]
INFO: [ app_init ] --END-- [ RunTime:0.001000s ]

[ 2019-05-14T16:03:02+08:00 ] 127.0.0.1 /Admin/marketing/img/qq/qq_11.jpg
INFO: [ app_init ] --START--
INFO: Run Behavior\BuildLiteBehavior [ RunTime:0.000000s ]
INFO: [ app_init ] --END-- [ RunTime:0.001000s ]

[ 2019-05-14T16:03:02+08:00 ] 127.0.0.1 /Admin/marketing/img/qq/qq_12.jpg
INFO: [ app_init ] --START--
INFO: Run Behavior\BuildLiteBehavior [ RunTime:0.000000s ]
INFO: [ app_init ] --END-- [ RunTime:0.000000s ]

[ 2019-05-14T16:03:02+08:00 ] 127.0.0.1 /Admin/marketing/img/qq/qq_43.jpg
INFO: [ app_init ] --START--
INFO: Run Behavior\BuildLiteBehavior [ RunTime:0.000000s ]
INFO: [ app_init ] --END-- [ RunTime:0.000000s ]

[ 2019-05-14T16:03:02+08:00 ] 127.0.0.1 /Admin/marketing/img/qq/qq_13.jpg
INFO: [ app_init ] --START--
INFO: Run Behavior\BuildLiteBehavior [ RunTime:0.000000s ]
INFO: [ app_init ] --END-- [ RunTime:0.000000s ]

[ 2019-05-14T16:03:02+08:00 ] 127.0.0.1 /Admin/marketing/img/MsN/msn_1.gif
INFO: [ app_init ] --START--
INFO: Run Behavior\BuildLiteBehavior [ RunTime:0.000000s ]
INFO: [ app_init ] --END-- [ RunTime:0.001000s ]

[ 2019-05-14T16:03:02+08:00 ] 127.0.0.1 /Admin/marketing/img/MsN/msn_2.gif
INFO: [ app_init ] --START--
INFO: Run Behavior\BuildLiteBehavior [ RunTime:0.000000s ]
INFO: [ app_init ] --END-- [ RunTime:0.001000s ]

[ 2019-05-14T16:03:02+08:00 ] 127.0.0.1 /Admin/marketing/img/MsN/msn_3.gif
INFO: [ app_init ] --START--
INFO: Run Behavior\BuildLiteBehavior [ RunTime:0.000000s ]
INFO: [ app_init ] --END-- [ RunTime:0.000000s ]

[ 2019-05-14T16:03:02+08:00 ] 127.0.0.1 /Admin/marketing/img/MsN/msn_4.gif
INFO: [ app_init ] --START--
INFO: Run Behavior\BuildLiteBehavior [ RunTime:0.000000s ]
INFO: [ app_init ] --END-- [ RunTime:0.001000s ]

[ 2019-05-14T16:03:02+08:00 ] 127.0.0.1 /Admin/marketing/img/MsN/msn_5.gif
INFO: [ app_init ] --START--
INFO: Run Behavior\BuildLiteBehavior [ RunTime:0.000000s ]
INFO: [ app_init ] --END-- [ RunTime:0.001000s ]

[ 2019-05-14T16:03:02+08:00 ] 127.0.0.1 /Admin/marketing/img/MsN/msn_6.gif
INFO: [ app_init ] --START--
INFO: Run Behavior\BuildLiteBehavior [ RunTime:0.000000s ]
INFO: [ app_init ] --END-- [ RunTime:0.000000s ]

[ 2019-05-14T16:03:02+08:00 ] 127.0.0.1 /Admin/marketing/img/MsN/msn_7.gif
INFO: [ app_init ] --START--
INFO: Run Behavior\BuildLiteBehavior [ RunTime:0.000000s ]
INFO: [ app_init ] --END-- [ RunTime:0.001000s ]

[ 2019-05-14T16:03:02+08:00 ] 127.0.0.1 /Admin/marketing/img/MsN/msn_8.gif
INFO: [ app_init ] --START--
INFO: Run Behavior\BuildLiteBehavior [ RunTime:0.000000s ]
INFO: [ app_init ] --END-- [ RunTime:0.001000s ]

[ 2019-05-14T16:03:02+08:00 ] 127.0.0.1 /Admin/marketing/img/MsN/msn_9.gif
INFO: [ app_init ] --START--
INFO: Run Behavior\BuildLiteBehavior [ RunTime:0.000000s ]
INFO: [ app_init ] --END-- [ RunTime:0.000000s ]

[ 2019-05-14T16:03:02+08:00 ] 127.0.0.1 /Admin/marketing/img/MsN/msn_10.gif
INFO: [ app_init ] --START--
INFO: Run Behavior\BuildLiteBehavior [ RunTime:0.000000s ]
INFO: [ app_init ] --END-- [ RunTime:0.000000s ]

[ 2019-05-14T16:03:02+08:00 ] 127.0.0.1 /Admin/marketing/img/MsN/msn_11.gif
INFO: [ app_init ] --START--
INFO: Run Behavior\BuildLiteBehavior [ RunTime:0.000000s ]
INFO: [ app_init ] --END-- [ RunTime:0.000000s ]

[ 2019-05-14T16:03:02+08:00 ] 127.0.0.1 /Admin/marketing/img/MsN/msn_12.gif
INFO: [ app_init ] --START--
INFO: Run Behavior\BuildLiteBehavior [ RunTime:0.000000s ]
INFO: [ app_init ] --END-- [ RunTime:0.000000s ]

[ 2019-05-14T16:03:02+08:00 ] 127.0.0.1 /Admin/marketing/img/MsN/msn_13.gif
INFO: [ app_init ] --START--
INFO: Run Behavior\BuildLiteBehavior [ RunTime:0.000000s ]
INFO: [ app_init ] --END-- [ RunTime:0.001000s ]

[ 2019-05-14T16:03:02+08:00 ] 127.0.0.1 /Admin/marketing/img/taobao/taobao_1.jpg
INFO: [ app_init ] --START--
INFO: Run Behavior\BuildLiteBehavior [ RunTime:0.000000s ]
INFO: [ app_init ] --END-- [ RunTime:0.000000s ]

[ 2019-05-14T16:03:02+08:00 ] 127.0.0.1 /Admin/marketing/img/skupe/skype_1.gif
INFO: [ app_init ] --START--
INFO: Run Behavior\BuildLiteBehavior [ RunTime:0.000000s ]
INFO: [ app_init ] --END-- [ RunTime:0.000000s ]

[ 2019-05-14T16:03:02+08:00 ] 127.0.0.1 /Admin/marketing/img/skupe/skype_2.gif
INFO: [ app_init ] --START--
INFO: Run Behavior\BuildLiteBehavior [ RunTime:0.000000s ]
INFO: [ app_init ] --END-- [ RunTime:0.001000s ]

[ 2019-05-14T16:03:02+08:00 ] 127.0.0.1 /Admin/marketing/img/skupe/skype_3.gif
INFO: [ app_init ] --START--
INFO: Run Behavior\BuildLiteBehavior [ RunTime:0.000000s ]
INFO: [ app_init ] --END-- [ RunTime:0.000000s ]

[ 2019-05-14T16:03:02+08:00 ] 127.0.0.1 /Admin/marketing/img/skupe/skype_4.gif
INFO: [ app_init ] --START--
INFO: Run Behavior\BuildLiteBehavior [ RunTime:0.000000s ]
INFO: [ app_init ] --END-- [ RunTime:0.000000s ]

[ 2019-05-14T16:03:02+08:00 ] 127.0.0.1 /Admin/marketing/img/skupe/skype_5.gif
INFO: [ app_init ] --START--
INFO: Run Behavior\BuildLiteBehavior [ RunTime:0.000000s ]
INFO: [ app_init ] --END-- [ RunTime:0.000000s ]

[ 2019-05-14T16:03:02+08:00 ] 127.0.0.1 /Admin/marketing/img/skupe/skype_6.gif
INFO: [ app_init ] --START--
INFO: Run Behavior\BuildLiteBehavior [ RunTime:0.000000s ]
INFO: [ app_init ] --END-- [ RunTime:0.001000s ]

[ 2019-05-14T16:03:02+08:00 ] 127.0.0.1 /Admin/marketing/img/skupe/skype_7.gif
INFO: [ app_init ] --START--
INFO: Run Behavior\BuildLiteBehavior [ RunTime:0.000000s ]
INFO: [ app_init ] --END-- [ RunTime:0.000000s ]

[ 2019-05-14T16:03:02+08:00 ] 127.0.0.1 /Admin/marketing/img/skupe/skype_8.gif
INFO: [ app_init ] --START--
INFO: Run Behavior\BuildLiteBehavior [ RunTime:0.000000s ]
INFO: [ app_init ] --END-- [ RunTime:0.001000s ]

[ 2019-05-14T16:03:02+08:00 ] 127.0.0.1 /Admin/marketing/img/skupe/skype_9.gif
INFO: [ app_init ] --START--
INFO: Run Behavior\BuildLiteBehavior [ RunTime:0.000000s ]
INFO: [ app_init ] --END-- [ RunTime:0.001000s ]

[ 2019-05-14T16:03:03+08:00 ] 127.0.0.1 /Admin/marketing/img/skupe/skype_10.gif
INFO: [ app_init ] --START--
INFO: Run Behavior\BuildLiteBehavior [ RunTime:0.000000s ]
INFO: [ app_init ] --END-- [ RunTime:0.001000s ]

[ 2019-05-14T16:03:03+08:00 ] 127.0.0.1 /Admin/marketing/img/skupe/skype_11.gif
INFO: [ app_init ] --START--
INFO: Run Behavior\BuildLiteBehavior [ RunTime:0.000000s ]
INFO: [ app_init ] --END-- [ RunTime:0.000000s ]

[ 2019-05-14T16:03:03+08:00 ] 127.0.0.1 /Admin/marketing/img/alibaba_10.jpg
INFO: [ app_init ] --START--
INFO: Run Behavior\BuildLiteBehavior [ RunTime:0.000000s ]
INFO: [ app_init ] --END-- [ RunTime:0.001000s ]

[ 2019-05-14T16:03:03+08:00 ] 127.0.0.1 /Admin/marketing/img/skupe/skype_13.gif
INFO: [ app_init ] --START--
INFO: Run Behavior\BuildLiteBehavior [ RunTime:0.000000s ]
INFO: [ app_init ] --END-- [ RunTime:0.001000s ]

[ 2019-05-14T16:03:03+08:00 ] 127.0.0.1 /Admin/marketing/img/skupe/skype_12.gif
INFO: [ app_init ] --START--
INFO: Run Behavior\BuildLiteBehavior [ RunTime:0.000000s ]
INFO: [ app_init ] --END-- [ RunTime:0.001000s ]

[ 2019-05-14T16:03:03+08:00 ] 127.0.0.1 /Admin/marketing/img/skype_11.gif
INFO: [ app_init ] --START--
INFO: Run Behavior\BuildLiteBehavior [ RunTime:0.000000s ]
INFO: [ app_init ] --END-- [ RunTime:0.001000s ]

[ 2019-05-14T16:03:03+08:00 ] 127.0.0.1 /Admin/marketing/img/ali/alibaba_11.jpg
INFO: [ app_init ] --START--
INFO: Run Behavior\BuildLiteBehavior [ RunTime:0.000000s ]
INFO: [ app_init ] --END-- [ RunTime:0.001000s ]

[ 2019-05-14T16:03:03+08:00 ] 127.0.0.1 /Admin/marketing/img/ali/alibaba_10.jpg
INFO: [ app_init ] --START--
INFO: Run Behavior\BuildLiteBehavior [ RunTime:0.000000s ]
INFO: [ app_init ] --END-- [ RunTime:0.001000s ]

[ 2019-05-14T16:03:03+08:00 ] 127.0.0.1 /Admin/marketing/img/ali/alibaba_12.jpg
INFO: [ app_init ] --START--
INFO: Run Behavior\BuildLiteBehavior [ RunTime:0.000000s ]
INFO: [ app_init ] --END-- [ RunTime:0.001000s ]

[ 2019-05-14T16:03:03+08:00 ] 127.0.0.1 /Admin/marketing/img/taobao_2.jpg
INFO: [ app_init ] --START--
INFO: Run Behavior\BuildLiteBehavior [ RunTime:0.000000s ]
INFO: [ app_init ] --END-- [ RunTime:0.002000s ]

[ 2019-05-14T16:03:03+08:00 ] 127.0.0.1 /Admin/marketing/img/qq/qq_45.jpg
INFO: [ app_init ] --START--
INFO: Run Behavior\BuildLiteBehavior [ RunTime:0.000000s ]
INFO: [ app_init ] --END-- [ RunTime:0.001000s ]

[ 2019-05-14T16:03:03+08:00 ] 127.0.0.1 /demo/table/user/?page=1&limit=10
INFO: [ app_init ] --START--
INFO: Run Behavior\BuildLiteBehavior [ RunTime:0.000000s ]
INFO: [ app_init ] --END-- [ RunTime:0.000000s ]
ERR: 无法加载模块:Demo

[ 2019-05-14T16:03:03+08:00 ] 127.0.0.1 /Admin/marketing/img/qq/qq_5.jpg
INFO: [ app_init ] --START--
INFO: Run Behavior\BuildLiteBehavior [ RunTime:0.000000s ]
INFO: [ app_init ] --END-- [ RunTime:0.001000s ]

[ 2019-05-14T16:05:34+08:00 ] 127.0.0.1 /demo/table/user/?page=1&limit=10
INFO: [ app_init ] --START--
INFO: Run Behavior\BuildLiteBehavior [ RunTime:0.000000s ]
INFO: [ app_init ] --END-- [ RunTime:0.001001s ]
ERR: 无法加载模块:Demo

[ 2019-05-14T16:09:15+08:00 ] 127.0.0.1 /demo/table/user/?page=1&limit=10
INFO: [ app_init ] --START--
INFO: Run Behavior\BuildLiteBehavior [ RunTime:0.000000s ]
INFO: [ app_init ] --END-- [ RunTime:0.001000s ]
ERR: 无法加载模块:Demo

[ 2019-05-14T16:09:15+08:00 ] 127.0.0.1 /demo/table/user/?page=1&limit=10
INFO: [ app_init ] --START--
INFO: Run Behavior\BuildLiteBehavior [ RunTime:0.000000s ]
INFO: [ app_init ] --END-- [ RunTime:0.000000s ]
ERR: 无法加载模块:Demo

[ 2019-05-14T16:09:15+08:00 ] 127.0.0.1 /demo/table/user/?page=1&limit=10
INFO: [ app_init ] --START--
INFO: Run Behavior\BuildLiteBehavior [ RunTime:0.000000s ]
INFO: [ app_init ] --END-- [ RunTime:0.001000s ]
ERR: 无法加载模块:Demo

[ 2019-05-14T16:09:15+08:00 ] 127.0.0.1 /demo/table/user/?page=1&limit=10
INFO: [ app_init ] --START--
INFO: Run Behavior\BuildLiteBehavior [ RunTime:0.000000s ]
INFO: [ app_init ] --END-- [ RunTime:0.001000s ]
ERR: 无法加载模块:Demo

[ 2019-05-14T16:09:15+08:00 ] 127.0.0.1 /demo/table/user/?page=1&limit=10
INFO: [ app_init ] --START--
INFO: Run Behavior\BuildLiteBehavior [ RunTime:0.000000s ]
INFO: [ app_init ] --END-- [ RunTime:0.001000s ]
ERR: 无法加载模块:Demo

[ 2019-05-14T16:09:18+08:00 ] 127.0.0.1 /demo/table/user/?page=1&limit=10
INFO: [ app_init ] --START--
INFO: Run Behavior\BuildLiteBehavior [ RunTime:0.000000s ]
INFO: [ app_init ] --END-- [ RunTime:0.001000s ]
ERR: 无法加载模块:Demo

[ 2019-05-14T16:09:21+08:00 ] 127.0.0.1 /demo/table/user/?page=1&limit=10
INFO: [ app_init ] --START--
INFO: Run Behavior\BuildLiteBehavior [ RunTime:0.001000s ]
INFO: [ app_init ] --END-- [ RunTime:0.001000s ]
ERR: 无法加载模块:Demo

[ 2019-05-14T16:13:02+08:00 ] 127.0.0.1 /demo/table/user/?page=1&limit=10
INFO: [ app_init ] --START--
INFO: Run Behavior\BuildLiteBehavior [ RunTime:0.000000s ]
INFO: [ app_init ] --END-- [ RunTime:0.001000s ]
ERR: 无法加载模块:Demo

[ 2019-05-14T16:50:53+08:00 ] 127.0.0.1 /demo/table/user/?page=1&limit=10
INFO: [ app_init ] --START--
INFO: Run Behavior\BuildLiteBehavior [ RunTime:0.000000s ]
INFO: [ app_init ] --END-- [ RunTime:0.001000s ]
ERR: 无法加载模块:Demo

