[ 2019-07-01T09:28:03+08:00 ] 127.0.0.1 /favicon.ico
INFO: [ app_init ] --START--
INFO: Run Behavior\BuildLiteBehavior [ RunTime:0.000000s ]
INFO: [ app_init ] --END-- [ RunTime:0.000000s ]

[ 2019-07-01T18:23:43+08:00 ] 116.231.197.48 /index.php/index.php/admin/Message/messagenoanswer.html
INFO: [ app_init ] --START--
INFO: Run Behavior\BuildLiteBehavior [ RunTime:0.000014s ]
INFO: [ app_init ] --END-- [ RunTime:0.000358s ]
ERR: 无法加载模块:Index.php
NOTIC: [2] Cannot modify header information - headers already sent E:\code\subject\ThinkPHP\Library\Think\Think.class.php 第 256 行.
NOTIC: [2] Cannot modify header information - headers already sent E:\code\subject\ThinkPHP\Library\Think\Think.class.php 第 257 行.

[ 2019-07-01T18:23:46+08:00 ] 116.231.197.48 /index.php/index.php/admin/Message/messagenoanswer.html
INFO: [ app_init ] --START--
INFO: Run Behavior\BuildLiteBehavior [ RunTime:0.000015s ]
INFO: [ app_init ] --END-- [ RunTime:0.000543s ]
ERR: 无法加载模块:Index.php
NOTIC: [2] Cannot modify header information - headers already sent E:\code\subject\ThinkPHP\Library\Think\Think.class.php 第 256 行.
NOTIC: [2] Cannot modify header information - headers already sent E:\code\subject\ThinkPHP\Library\Think\Think.class.php 第 257 行.

[ 2019-07-01T18:23:49+08:00 ] 116.231.197.48 /index.php/index.php/admin/Message/messagenoanswer.html
INFO: [ app_init ] --START--
INFO: Run Behavior\BuildLiteBehavior [ RunTime:0.000016s ]
INFO: [ app_init ] --END-- [ RunTime:0.000381s ]
ERR: 无法加载模块:Index.php
NOTIC: [2] Cannot modify header information - headers already sent E:\code\subject\ThinkPHP\Library\Think\Think.class.php 第 256 行.
NOTIC: [2] Cannot modify header information - headers already sent E:\code\subject\ThinkPHP\Library\Think\Think.class.php 第 257 行.

[ 2019-07-01T18:23:52+08:00 ] 116.231.197.48 /index.php/index.php/admin/Message/messagenoanswer.html
INFO: [ app_init ] --START--
INFO: Run Behavior\BuildLiteBehavior [ RunTime:0.000017s ]
INFO: [ app_init ] --END-- [ RunTime:0.000349s ]
ERR: 无法加载模块:Index.php
NOTIC: [2] Cannot modify header information - headers already sent E:\code\subject\ThinkPHP\Library\Think\Think.class.php 第 256 行.
NOTIC: [2] Cannot modify header information - headers already sent E:\code\subject\ThinkPHP\Library\Think\Think.class.php 第 257 行.

[ 2019-07-01T18:23:55+08:00 ] 116.231.197.48 /index.php/index.php/admin/Message/messagenoanswer.html
INFO: [ app_init ] --START--
INFO: Run Behavior\BuildLiteBehavior [ RunTime:0.000016s ]
INFO: [ app_init ] --END-- [ RunTime:0.000364s ]
ERR: 无法加载模块:Index.php
NOTIC: [2] Cannot modify header information - headers already sent E:\code\subject\ThinkPHP\Library\Think\Think.class.php 第 256 行.
NOTIC: [2] Cannot modify header information - headers already sent E:\code\subject\ThinkPHP\Library\Think\Think.class.php 第 257 行.

[ 2019-07-01T18:23:58+08:00 ] 116.231.197.48 /index.php/index.php/admin/Message/messagenoanswer.html
INFO: [ app_init ] --START--
INFO: Run Behavior\BuildLiteBehavior [ RunTime:0.000021s ]
INFO: [ app_init ] --END-- [ RunTime:0.000418s ]
ERR: 无法加载模块:Index.php
NOTIC: [2] Cannot modify header information - headers already sent E:\code\subject\ThinkPHP\Library\Think\Think.class.php 第 256 行.
NOTIC: [2] Cannot modify header information - headers already sent E:\code\subject\ThinkPHP\Library\Think\Think.class.php 第 257 行.

[ 2019-07-01T20:55:58+08:00 ] 101.245.120.127 /favicon.ico
INFO: [ app_init ] --START--
INFO: Run Behavior\BuildLiteBehavior [ RunTime:0.000016s ]
INFO: [ app_init ] --END-- [ RunTime:0.000394s ]

