[ 2019-06-17T16:02:34+08:00 ] 127.0.0.1 /admin
INFO: [ app_init ] --START--
INFO: Run Behavior\BuildLiteBehavior [ RunTime:0.000000s ]
INFO: [ app_init ] --END-- [ RunTime:0.001000s ]
INFO: [ app_begin ] --START--
INFO: Run Behavior\ReadHtmlCacheBehavior [ RunTime:0.000000s ]
INFO: [ app_begin ] --END-- [ RunTime:0.001000s ]
SQL: SHOW COLUMNS FROM `userinfoes` [ RunTime:0.0240s ]
NOTIC: [8] Undefined offset: 1 E:\code\subject\App\Admin\Model\UserinfoesModel.class.php 第 21 行.
INFO: [ view_parse ] --START--
INFO: [ template_filter ] --START--
INFO: Run Behavior\ContentReplaceBehavior [ RunTime:0.001000s ]
INFO: [ template_filter ] --END-- [ RunTime:0.001000s ]
NOTIC: [8] Undefined variable: username E:\code\subject\Runtime\Cache\Admin\9e16ef9b2db844fc51a9919830447cb9.php 第 26 行.
INFO: Run Behavior\ParseTemplateBehavior [ RunTime:0.028002s ]
INFO: [ view_parse ] --END-- [ RunTime:0.028002s ]
INFO: [ view_filter ] --START--
INFO: Run Behavior\WriteHtmlCacheBehavior [ RunTime:0.001000s ]
INFO: [ view_filter ] --END-- [ RunTime:0.001000s ]
INFO: [ app_end ] --START--
INFO: Run Behavior\ShowPageTraceBehavior [ RunTime:0.001000s ]
INFO: [ app_end ] --END-- [ RunTime:0.001000s ]

[ 2019-06-17T16:02:35+08:00 ] 127.0.0.1 /Admin/login/verify.html
INFO: [ app_init ] --START--
INFO: Run Behavior\BuildLiteBehavior [ RunTime:0.000000s ]
INFO: [ app_init ] --END-- [ RunTime:0.000000s ]
INFO: [ app_begin ] --START--
INFO: Run Behavior\ReadHtmlCacheBehavior [ RunTime:0.001000s ]
INFO: [ app_begin ] --END-- [ RunTime:0.001000s ]
INFO: [ app_end ] --START--
INFO: Run Behavior\ShowPageTraceBehavior [ RunTime:0.001000s ]
INFO: [ app_end ] --END-- [ RunTime:0.001000s ]

[ 2019-06-17T16:02:35+08:00 ] 127.0.0.1 /Admin/login/verify.html
INFO: [ app_init ] --START--
INFO: Run Behavior\BuildLiteBehavior [ RunTime:0.000000s ]
INFO: [ app_init ] --END-- [ RunTime:0.001000s ]
INFO: [ app_begin ] --START--
INFO: Run Behavior\ReadHtmlCacheBehavior [ RunTime:0.001000s ]
INFO: [ app_begin ] --END-- [ RunTime:0.001000s ]
INFO: [ app_end ] --START--
INFO: Run Behavior\ShowPageTraceBehavior [ RunTime:0.001000s ]
INFO: [ app_end ] --END-- [ RunTime:0.001000s ]

[ 2019-06-17T16:02:49+08:00 ] 127.0.0.1 /Admin/login/check.html
INFO: [ app_init ] --START--
INFO: Run Behavior\BuildLiteBehavior [ RunTime:0.000000s ]
INFO: [ app_init ] --END-- [ RunTime:0.001000s ]
INFO: [ app_begin ] --START--
INFO: Run Behavior\ReadHtmlCacheBehavior [ RunTime:0.001000s ]
INFO: [ app_begin ] --END-- [ RunTime:0.002000s ]
SQL: SHOW COLUMNS FROM `userinfoes` [ RunTime:0.0130s ]
SQL: SELECT * FROM `userinfoes` WHERE `loginname` = 'admin' LIMIT 1   [ RunTime:0.0180s ]
SQL: UPDATE `userinfoes` SET `LastLoginTime`='2019-06-17 16:02:49' WHERE ( Id=22 ) [ RunTime:0.0000s ]
SQL: UPDATE `userinfoes` SET `LoginCount`=LoginCount+1 WHERE ( Id=22 ) [ RunTime:0.0010s ]

[ 2019-06-17T16:02:54+08:00 ] 127.0.0.1 /Admin/index/home.html
INFO: [ app_init ] --START--
INFO: Run Behavior\BuildLiteBehavior [ RunTime:0.000000s ]
INFO: [ app_init ] --END-- [ RunTime:0.001000s ]
INFO: [ app_begin ] --START--
INFO: Run Behavior\ReadHtmlCacheBehavior [ RunTime:0.002001s ]
INFO: [ app_begin ] --END-- [ RunTime:0.002001s ]
INFO: [ view_parse ] --START--
INFO: [ template_filter ] --START--
INFO: Run Behavior\ContentReplaceBehavior [ RunTime:0.000000s ]
INFO: [ template_filter ] --END-- [ RunTime:0.000000s ]
INFO: Run Behavior\ParseTemplateBehavior [ RunTime:0.043003s ]
INFO: [ view_parse ] --END-- [ RunTime:0.043003s ]
INFO: [ view_filter ] --START--
INFO: Run Behavior\WriteHtmlCacheBehavior [ RunTime:0.001000s ]
INFO: [ view_filter ] --END-- [ RunTime:0.001000s ]
INFO: [ app_end ] --START--
INFO: Run Behavior\ShowPageTraceBehavior [ RunTime:0.001000s ]
INFO: [ app_end ] --END-- [ RunTime:0.001000s ]

[ 2019-06-17T16:02:54+08:00 ] 127.0.0.1 /Admin/index/bower.html
INFO: [ app_init ] --START--
INFO: Run Behavior\BuildLiteBehavior [ RunTime:0.000000s ]
INFO: [ app_init ] --END-- [ RunTime:0.001000s ]
INFO: [ app_begin ] --START--
INFO: Run Behavior\ReadHtmlCacheBehavior [ RunTime:0.002000s ]
INFO: [ app_begin ] --END-- [ RunTime:0.003000s ]
SQL: SHOW COLUMNS FROM `tallydata` [ RunTime:0.0140s ]
SQL: SELECT browser as name,count(tdid) as value FROM `tallydata` GROUP BY browser  [ RunTime:0.0010s ]

[ 2019-06-17T16:02:54+08:00 ] 127.0.0.1 /Admin/index/traffic.html
INFO: [ app_init ] --START--
INFO: Run Behavior\BuildLiteBehavior [ RunTime:0.000000s ]
INFO: [ app_init ] --END-- [ RunTime:0.001000s ]
INFO: [ app_begin ] --START--
INFO: Run Behavior\ReadHtmlCacheBehavior [ RunTime:0.002001s ]
INFO: [ app_begin ] --END-- [ RunTime:0.002001s ]
SQL: SHOW COLUMNS FROM `tallydata` [ RunTime:0.0120s ]
SQL: SELECT Round((count(distinct ip)/count(distinct tdid))*100,0) as avg FROM `tallydata` WHERE `date` = '2019-06-17'  [ RunTime:0.0010s ]

[ 2019-06-17T16:02:56+08:00 ] 127.0.0.1 /Admin/public/base.html
INFO: [ app_init ] --START--
INFO: Run Behavior\BuildLiteBehavior [ RunTime:0.000000s ]
INFO: [ app_init ] --END-- [ RunTime:0.001001s ]
INFO: [ app_begin ] --START--
INFO: Run Behavior\ReadHtmlCacheBehavior [ RunTime:0.002000s ]
INFO: [ app_begin ] --END-- [ RunTime:0.002000s ]
SQL: SHOW COLUMNS FROM `gcsys_auth_rule` [ RunTime:0.0350s ]
SQL: SELECT `id`,title as name,name as title,`pid` FROM `gcsys_auth_rule` WHERE `ismenu` <> 0 AND `status` = 1 ORDER BY `sort` ASC  [ RunTime:0.0040s ]
SQL: SHOW COLUMNS FROM `gcsys_auth_group_access` [ RunTime:0.0440s ]
SQL: SELECT `uid`,`group_id`,`title`,`rules` FROM gcsys_auth_group_access a INNER JOIN gcsys_auth_group g on a.group_id=g.id  WHERE ( a.uid='22' and g.status='1' )  [ RunTime:0.0090s ]
SQL: SHOW COLUMNS FROM `gcsys_auth_rule` [ RunTime:0.0140s ]
SQL: SELECT `condition`,`name` FROM `gcsys_auth_rule` WHERE `id` IN ('20','21','25','26','27','28','29','56','57','72','73','74','75','76','58','59','60','61','62','30','31','32','100','101','102','103','33','34','35','104','105','36','65','92','93','94','95','66','96','97','98','99','37','67','38','68','83','84','85','86','87','88','89','90','91','40','64','106','107','108','109','110','111','112','113','41','69','77','78','79','80','81','82','70','71','42','43','46','47','114','115','116','117','118','48','49','50','51','52','119','120','121','122','53','54','55') AND `type` = 1 AND `status` = 1  [ RunTime:0.0010s ]

[ 2019-06-17T16:02:56+08:00 ] 127.0.0.1 /Admin/index/hotsearch.html?page=1&limit=5
INFO: [ app_init ] --START--
INFO: Run Behavior\BuildLiteBehavior [ RunTime:0.000000s ]
INFO: [ app_init ] --END-- [ RunTime:0.001000s ]
INFO: [ app_begin ] --START--
INFO: Run Behavior\ReadHtmlCacheBehavior [ RunTime:0.002000s ]
INFO: [ app_begin ] --END-- [ RunTime:0.002000s ]
SQL: SHOW COLUMNS FROM `tallydata` [ RunTime:0.0140s ]
SQL: SELECT keyword as name,count(distinct tdid) as number,count(distinct cookie) as usernumber FROM `tallydata` WHERE `date` = '2019-06-17' GROUP BY keyword  [ RunTime:0.0020s ]
SQL: SELECT keyword as name,count(distinct tdid) as number,count(distinct cookie) as usernumber FROM `tallydata` WHERE `date` = '2019-06-17' GROUP BY keyword LIMIT 0,5   [ RunTime:0.0010s ]

[ 2019-06-17T16:02:57+08:00 ] 127.0.0.1 /Admin/index/caller.html
INFO: [ app_init ] --START--
INFO: Run Behavior\BuildLiteBehavior [ RunTime:0.000000s ]
INFO: [ app_init ] --END-- [ RunTime:0.001000s ]
INFO: [ app_begin ] --START--
INFO: Run Behavior\ReadHtmlCacheBehavior [ RunTime:0.001000s ]
INFO: [ app_begin ] --END-- [ RunTime:0.001000s ]
SQL: SHOW COLUMNS FROM `tallydata` [ RunTime:0.0130s ]
SQL: SELECT COUNT(*) AS tp_count FROM `tallydata` WHERE ( `time` >= 1560700800 AND `time` <= 1560787199  ) LIMIT 1   [ RunTime:0.0010s ]
SQL: SELECT COUNT(*) AS tp_count FROM `tallydata` WHERE ( `time` >= 1560787200 AND `time` <= 1560873599  ) LIMIT 1   [ RunTime:0.0010s ]
SQL: SELECT COUNT(*) AS tp_count FROM `tallydata` WHERE ( `time` >= 1560873600 AND `time` <= 1560959999  ) LIMIT 1   [ RunTime:0.0000s ]
SQL: SELECT COUNT(*) AS tp_count FROM `tallydata` WHERE ( `time` >= 1560960000 AND `time` <= 1561046399  ) LIMIT 1   [ RunTime:0.0000s ]
SQL: SELECT COUNT(*) AS tp_count FROM `tallydata` WHERE ( `time` >= 1561046400 AND `time` <= 1561132799  ) LIMIT 1   [ RunTime:0.0000s ]
SQL: SELECT COUNT(*) AS tp_count FROM `tallydata` WHERE ( `time` >= 1561132800 AND `time` <= 1561219199  ) LIMIT 1   [ RunTime:0.0010s ]
SQL: SELECT COUNT(*) AS tp_count FROM `tallydata` WHERE ( `time` >= 1561219200 AND `time` <= 1561305599  ) LIMIT 1   [ RunTime:0.0010s ]

[ 2019-06-17T16:02:58+08:00 ] 127.0.0.1 /Admin/index/eachpv.html
INFO: [ app_init ] --START--
INFO: Run Behavior\BuildLiteBehavior [ RunTime:0.000000s ]
INFO: [ app_init ] --END-- [ RunTime:0.001000s ]
INFO: [ app_begin ] --START--
INFO: Run Behavior\ReadHtmlCacheBehavior [ RunTime:0.002000s ]
INFO: [ app_begin ] --END-- [ RunTime:0.003000s ]
SQL: SHOW COLUMNS FROM `tallydata` [ RunTime:0.0160s ]
SQL: SELECT COUNT(*) AS tp_count FROM `tallydata` WHERE ( `time` >= 1560700800 AND `time` <= 1560708000  ) LIMIT 1   [ RunTime:0.0010s ]
SQL: SELECT COUNT(*) AS tp_count FROM `tallydata` WHERE ( `time` >= 1560096000 AND `time` <= 1560103200  ) LIMIT 1   [ RunTime:0.0010s ]
SQL: SELECT COUNT(*) AS tp_count FROM `tallydata` WHERE ( `time` >= 1560708000 AND `time` <= 1560715200  ) LIMIT 1   [ RunTime:0.0000s ]
SQL: SELECT COUNT(*) AS tp_count FROM `tallydata` WHERE ( `time` >= 1560103200 AND `time` <= 1560110400  ) LIMIT 1   [ RunTime:0.0000s ]
SQL: SELECT COUNT(*) AS tp_count FROM `tallydata` WHERE ( `time` >= 1560715200 AND `time` <= 1560722400  ) LIMIT 1   [ RunTime:0.0010s ]
SQL: SELECT COUNT(*) AS tp_count FROM `tallydata` WHERE ( `time` >= 1560110400 AND `time` <= 1560117600  ) LIMIT 1   [ RunTime:0.0000s ]
SQL: SELECT COUNT(*) AS tp_count FROM `tallydata` WHERE ( `time` >= 1560722400 AND `time` <= 1560729600  ) LIMIT 1   [ RunTime:0.0000s ]
SQL: SELECT COUNT(*) AS tp_count FROM `tallydata` WHERE ( `time` >= 1560117600 AND `time` <= 1560124800  ) LIMIT 1   [ RunTime:0.0010s ]
SQL: SELECT COUNT(*) AS tp_count FROM `tallydata` WHERE ( `time` >= 1560729600 AND `time` <= 1560736800  ) LIMIT 1   [ RunTime:0.0000s ]
SQL: SELECT COUNT(*) AS tp_count FROM `tallydata` WHERE ( `time` >= 1560124800 AND `time` <= 1560132000  ) LIMIT 1   [ RunTime:0.0000s ]
SQL: SELECT COUNT(*) AS tp_count FROM `tallydata` WHERE ( `time` >= 1560736800 AND `time` <= 1560744000  ) LIMIT 1   [ RunTime:0.0010s ]
SQL: SELECT COUNT(*) AS tp_count FROM `tallydata` WHERE ( `time` >= 1560132000 AND `time` <= 1560139200  ) LIMIT 1   [ RunTime:0.0000s ]
SQL: SELECT COUNT(*) AS tp_count FROM `tallydata` WHERE ( `time` >= 1560744000 AND `time` <= 1560751200  ) LIMIT 1   [ RunTime:0.0010s ]
SQL: SELECT COUNT(*) AS tp_count FROM `tallydata` WHERE ( `time` >= 1560139200 AND `time` <= 1560146400  ) LIMIT 1   [ RunTime:0.0010s ]
SQL: SELECT COUNT(*) AS tp_count FROM `tallydata` WHERE ( `time` >= 1560751200 AND `time` <= 1560758400  ) LIMIT 1   [ RunTime:0.0000s ]
SQL: SELECT COUNT(*) AS tp_count FROM `tallydata` WHERE ( `time` >= 1560146400 AND `time` <= 1560153600  ) LIMIT 1   [ RunTime:0.0000s ]
SQL: SELECT COUNT(*) AS tp_count FROM `tallydata` WHERE ( `time` >= 1560758400 AND `time` <= 1560765600  ) LIMIT 1   [ RunTime:0.0010s ]
SQL: SELECT COUNT(*) AS tp_count FROM `tallydata` WHERE ( `time` >= 1560153600 AND `time` <= 1560160800  ) LIMIT 1   [ RunTime:0.0000s ]
SQL: SELECT COUNT(*) AS tp_count FROM `tallydata` WHERE ( `time` >= 1560765600 AND `time` <= 1560772800  ) LIMIT 1   [ RunTime:0.0000s ]
SQL: SELECT COUNT(*) AS tp_count FROM `tallydata` WHERE ( `time` >= 1560160800 AND `time` <= 1560168000  ) LIMIT 1   [ RunTime:0.0010s ]
SQL: SELECT COUNT(*) AS tp_count FROM `tallydata` WHERE ( `time` >= 1560772800 AND `time` <= 1560780000  ) LIMIT 1   [ RunTime:0.0000s ]
SQL: SELECT COUNT(*) AS tp_count FROM `tallydata` WHERE ( `time` >= 1560168000 AND `time` <= 1560175200  ) LIMIT 1   [ RunTime:0.0000s ]
NOTIC: [8] Undefined offset: 12 E:\code\subject\App\Admin\Controller\IndexController.class.php 第 74 行.

[ 2019-06-17T16:02:58+08:00 ] 127.0.0.1 /Admin/Message/messagenoanswer.html
INFO: [ app_init ] --START--
INFO: Run Behavior\BuildLiteBehavior [ RunTime:0.000000s ]
INFO: [ app_init ] --END-- [ RunTime:0.000000s ]
INFO: [ app_begin ] --START--
INFO: Run Behavior\ReadHtmlCacheBehavior [ RunTime:0.001000s ]
INFO: [ app_begin ] --END-- [ RunTime:0.001000s ]
SQL: SHOW COLUMNS FROM `messageinfoes` [ RunTime:0.0130s ]
SQL: SELECT COUNT(*) AS tp_count FROM `messageinfoes` WHERE `Dispose` = 0 LIMIT 1   [ RunTime:0.0010s ]

[ 2019-06-17T16:03:00+08:00 ] 127.0.0.1 /Admin/index/caller.html
INFO: [ app_init ] --START--
INFO: Run Behavior\BuildLiteBehavior [ RunTime:0.000000s ]
INFO: [ app_init ] --END-- [ RunTime:0.001000s ]
INFO: [ app_begin ] --START--
INFO: Run Behavior\ReadHtmlCacheBehavior [ RunTime:0.001000s ]
INFO: [ app_begin ] --END-- [ RunTime:0.001000s ]
SQL: SHOW COLUMNS FROM `tallydata` [ RunTime:0.0130s ]
SQL: SELECT COUNT(*) AS tp_count FROM `tallydata` WHERE ( `time` >= 1560700800 AND `time` <= 1560787199  ) LIMIT 1   [ RunTime:0.0010s ]
SQL: SELECT COUNT(*) AS tp_count FROM `tallydata` WHERE ( `time` >= 1560787200 AND `time` <= 1560873599  ) LIMIT 1   [ RunTime:0.0000s ]
SQL: SELECT COUNT(*) AS tp_count FROM `tallydata` WHERE ( `time` >= 1560873600 AND `time` <= 1560959999  ) LIMIT 1   [ RunTime:0.0010s ]
SQL: SELECT COUNT(*) AS tp_count FROM `tallydata` WHERE ( `time` >= 1560960000 AND `time` <= 1561046399  ) LIMIT 1   [ RunTime:0.0010s ]
SQL: SELECT COUNT(*) AS tp_count FROM `tallydata` WHERE ( `time` >= 1561046400 AND `time` <= 1561132799  ) LIMIT 1   [ RunTime:0.0000s ]
SQL: SELECT COUNT(*) AS tp_count FROM `tallydata` WHERE ( `time` >= 1561132800 AND `time` <= 1561219199  ) LIMIT 1   [ RunTime:0.0010s ]
SQL: SELECT COUNT(*) AS tp_count FROM `tallydata` WHERE ( `time` >= 1561219200 AND `time` <= 1561305599  ) LIMIT 1   [ RunTime:0.0010s ]

[ 2019-06-17T16:03:00+08:00 ] 127.0.0.1 /Admin/index/eachpv.html
INFO: [ app_init ] --START--
INFO: Run Behavior\BuildLiteBehavior [ RunTime:0.000000s ]
INFO: [ app_init ] --END-- [ RunTime:0.001000s ]
INFO: [ app_begin ] --START--
INFO: Run Behavior\ReadHtmlCacheBehavior [ RunTime:0.002001s ]
INFO: [ app_begin ] --END-- [ RunTime:0.002001s ]
SQL: SHOW COLUMNS FROM `tallydata` [ RunTime:0.0130s ]
SQL: SELECT COUNT(*) AS tp_count FROM `tallydata` WHERE ( `time` >= 1560700800 AND `time` <= 1560708000  ) LIMIT 1   [ RunTime:0.0000s ]
SQL: SELECT COUNT(*) AS tp_count FROM `tallydata` WHERE ( `time` >= 1560096000 AND `time` <= 1560103200  ) LIMIT 1   [ RunTime:0.0010s ]
SQL: SELECT COUNT(*) AS tp_count FROM `tallydata` WHERE ( `time` >= 1560708000 AND `time` <= 1560715200  ) LIMIT 1   [ RunTime:0.0010s ]
SQL: SELECT COUNT(*) AS tp_count FROM `tallydata` WHERE ( `time` >= 1560103200 AND `time` <= 1560110400  ) LIMIT 1   [ RunTime:0.0000s ]
SQL: SELECT COUNT(*) AS tp_count FROM `tallydata` WHERE ( `time` >= 1560715200 AND `time` <= 1560722400  ) LIMIT 1   [ RunTime:0.0010s ]
SQL: SELECT COUNT(*) AS tp_count FROM `tallydata` WHERE ( `time` >= 1560110400 AND `time` <= 1560117600  ) LIMIT 1   [ RunTime:0.0000s ]
SQL: SELECT COUNT(*) AS tp_count FROM `tallydata` WHERE ( `time` >= 1560722400 AND `time` <= 1560729600  ) LIMIT 1   [ RunTime:0.0000s ]
SQL: SELECT COUNT(*) AS tp_count FROM `tallydata` WHERE ( `time` >= 1560117600 AND `time` <= 1560124800  ) LIMIT 1   [ RunTime:0.0010s ]
SQL: SELECT COUNT(*) AS tp_count FROM `tallydata` WHERE ( `time` >= 1560729600 AND `time` <= 1560736800  ) LIMIT 1   [ RunTime:0.0000s ]
SQL: SELECT COUNT(*) AS tp_count FROM `tallydata` WHERE ( `time` >= 1560124800 AND `time` <= 1560132000  ) LIMIT 1   [ RunTime:0.0010s ]
SQL: SELECT COUNT(*) AS tp_count FROM `tallydata` WHERE ( `time` >= 1560736800 AND `time` <= 1560744000  ) LIMIT 1   [ RunTime:0.0010s ]
SQL: SELECT COUNT(*) AS tp_count FROM `tallydata` WHERE ( `time` >= 1560132000 AND `time` <= 1560139200  ) LIMIT 1   [ RunTime:0.0000s ]
SQL: SELECT COUNT(*) AS tp_count FROM `tallydata` WHERE ( `time` >= 1560744000 AND `time` <= 1560751200  ) LIMIT 1   [ RunTime:0.0010s ]
SQL: SELECT COUNT(*) AS tp_count FROM `tallydata` WHERE ( `time` >= 1560139200 AND `time` <= 1560146400  ) LIMIT 1   [ RunTime:0.0000s ]
SQL: SELECT COUNT(*) AS tp_count FROM `tallydata` WHERE ( `time` >= 1560751200 AND `time` <= 1560758400  ) LIMIT 1   [ RunTime:0.0000s ]
SQL: SELECT COUNT(*) AS tp_count FROM `tallydata` WHERE ( `time` >= 1560146400 AND `time` <= 1560153600  ) LIMIT 1   [ RunTime:0.0000s ]
SQL: SELECT COUNT(*) AS tp_count FROM `tallydata` WHERE ( `time` >= 1560758400 AND `time` <= 1560765600  ) LIMIT 1   [ RunTime:0.0000s ]
SQL: SELECT COUNT(*) AS tp_count FROM `tallydata` WHERE ( `time` >= 1560153600 AND `time` <= 1560160800  ) LIMIT 1   [ RunTime:0.0010s ]
SQL: SELECT COUNT(*) AS tp_count FROM `tallydata` WHERE ( `time` >= 1560765600 AND `time` <= 1560772800  ) LIMIT 1   [ RunTime:0.0000s ]
SQL: SELECT COUNT(*) AS tp_count FROM `tallydata` WHERE ( `time` >= 1560160800 AND `time` <= 1560168000  ) LIMIT 1   [ RunTime:0.0000s ]
SQL: SELECT COUNT(*) AS tp_count FROM `tallydata` WHERE ( `time` >= 1560772800 AND `time` <= 1560780000  ) LIMIT 1   [ RunTime:0.0010s ]
SQL: SELECT COUNT(*) AS tp_count FROM `tallydata` WHERE ( `time` >= 1560168000 AND `time` <= 1560175200  ) LIMIT 1   [ RunTime:0.0000s ]
NOTIC: [8] Undefined offset: 12 E:\code\subject\App\Admin\Controller\IndexController.class.php 第 74 行.

[ 2019-06-17T16:03:00+08:00 ] 127.0.0.1 /Admin/Message/messagenoanswer.html
INFO: [ app_init ] --START--
INFO: Run Behavior\BuildLiteBehavior [ RunTime:0.000000s ]
INFO: [ app_init ] --END-- [ RunTime:0.001000s ]
INFO: [ app_begin ] --START--
INFO: Run Behavior\ReadHtmlCacheBehavior [ RunTime:0.001000s ]
INFO: [ app_begin ] --END-- [ RunTime:0.001000s ]
SQL: SHOW COLUMNS FROM `messageinfoes` [ RunTime:0.0120s ]
SQL: SELECT COUNT(*) AS tp_count FROM `messageinfoes` WHERE `Dispose` = 0 LIMIT 1   [ RunTime:0.0000s ]

[ 2019-06-17T16:03:03+08:00 ] 127.0.0.1 /Admin/index/caller.html
INFO: [ app_init ] --START--
INFO: Run Behavior\BuildLiteBehavior [ RunTime:0.000000s ]
INFO: [ app_init ] --END-- [ RunTime:0.001000s ]
INFO: [ app_begin ] --START--
INFO: Run Behavior\ReadHtmlCacheBehavior [ RunTime:0.001000s ]
INFO: [ app_begin ] --END-- [ RunTime:0.001000s ]
SQL: SHOW COLUMNS FROM `tallydata` [ RunTime:0.0130s ]
SQL: SELECT COUNT(*) AS tp_count FROM `tallydata` WHERE ( `time` >= 1560700800 AND `time` <= 1560787199  ) LIMIT 1   [ RunTime:0.0010s ]
SQL: SELECT COUNT(*) AS tp_count FROM `tallydata` WHERE ( `time` >= 1560787200 AND `time` <= 1560873599  ) LIMIT 1   [ RunTime:0.0010s ]
SQL: SELECT COUNT(*) AS tp_count FROM `tallydata` WHERE ( `time` >= 1560873600 AND `time` <= 1560959999  ) LIMIT 1   [ RunTime:0.0000s ]
SQL: SELECT COUNT(*) AS tp_count FROM `tallydata` WHERE ( `time` >= 1560960000 AND `time` <= 1561046399  ) LIMIT 1   [ RunTime:0.0000s ]
SQL: SELECT COUNT(*) AS tp_count FROM `tallydata` WHERE ( `time` >= 1561046400 AND `time` <= 1561132799  ) LIMIT 1   [ RunTime:0.0010s ]
SQL: SELECT COUNT(*) AS tp_count FROM `tallydata` WHERE ( `time` >= 1561132800 AND `time` <= 1561219199  ) LIMIT 1   [ RunTime:0.0010s ]
SQL: SELECT COUNT(*) AS tp_count FROM `tallydata` WHERE ( `time` >= 1561219200 AND `time` <= 1561305599  ) LIMIT 1   [ RunTime:0.0000s ]

[ 2019-06-17T16:03:03+08:00 ] 127.0.0.1 /Admin/index/eachpv.html
INFO: [ app_init ] --START--
INFO: Run Behavior\BuildLiteBehavior [ RunTime:0.000000s ]
INFO: [ app_init ] --END-- [ RunTime:0.001000s ]
INFO: [ app_begin ] --START--
INFO: Run Behavior\ReadHtmlCacheBehavior [ RunTime:0.001000s ]
INFO: [ app_begin ] --END-- [ RunTime:0.001000s ]
SQL: SHOW COLUMNS FROM `tallydata` [ RunTime:0.0130s ]
SQL: SELECT COUNT(*) AS tp_count FROM `tallydata` WHERE ( `time` >= 1560700800 AND `time` <= 1560708000  ) LIMIT 1   [ RunTime:0.0010s ]
SQL: SELECT COUNT(*) AS tp_count FROM `tallydata` WHERE ( `time` >= 1560096000 AND `time` <= 1560103200  ) LIMIT 1   [ RunTime:0.0010s ]
SQL: SELECT COUNT(*) AS tp_count FROM `tallydata` WHERE ( `time` >= 1560708000 AND `time` <= 1560715200  ) LIMIT 1   [ RunTime:0.0000s ]
SQL: SELECT COUNT(*) AS tp_count FROM `tallydata` WHERE ( `time` >= 1560103200 AND `time` <= 1560110400  ) LIMIT 1   [ RunTime:0.0000s ]
SQL: SELECT COUNT(*) AS tp_count FROM `tallydata` WHERE ( `time` >= 1560715200 AND `time` <= 1560722400  ) LIMIT 1   [ RunTime:0.0010s ]
SQL: SELECT COUNT(*) AS tp_count FROM `tallydata` WHERE ( `time` >= 1560110400 AND `time` <= 1560117600  ) LIMIT 1   [ RunTime:0.0010s ]
SQL: SELECT COUNT(*) AS tp_count FROM `tallydata` WHERE ( `time` >= 1560722400 AND `time` <= 1560729600  ) LIMIT 1   [ RunTime:0.0000s ]
SQL: SELECT COUNT(*) AS tp_count FROM `tallydata` WHERE ( `time` >= 1560117600 AND `time` <= 1560124800  ) LIMIT 1   [ RunTime:0.0010s ]
SQL: SELECT COUNT(*) AS tp_count FROM `tallydata` WHERE ( `time` >= 1560729600 AND `time` <= 1560736800  ) LIMIT 1   [ RunTime:0.0000s ]
SQL: SELECT COUNT(*) AS tp_count FROM `tallydata` WHERE ( `time` >= 1560124800 AND `time` <= 1560132000  ) LIMIT 1   [ RunTime:0.0000s ]
SQL: SELECT COUNT(*) AS tp_count FROM `tallydata` WHERE ( `time` >= 1560736800 AND `time` <= 1560744000  ) LIMIT 1   [ RunTime:0.0010s ]
SQL: SELECT COUNT(*) AS tp_count FROM `tallydata` WHERE ( `time` >= 1560132000 AND `time` <= 1560139200  ) LIMIT 1   [ RunTime:0.0000s ]
SQL: SELECT COUNT(*) AS tp_count FROM `tallydata` WHERE ( `time` >= 1560744000 AND `time` <= 1560751200  ) LIMIT 1   [ RunTime:0.0000s ]
SQL: SELECT COUNT(*) AS tp_count FROM `tallydata` WHERE ( `time` >= 1560139200 AND `time` <= 1560146400  ) LIMIT 1   [ RunTime:0.0010s ]
SQL: SELECT COUNT(*) AS tp_count FROM `tallydata` WHERE ( `time` >= 1560751200 AND `time` <= 1560758400  ) LIMIT 1   [ RunTime:0.0000s ]
SQL: SELECT COUNT(*) AS tp_count FROM `tallydata` WHERE ( `time` >= 1560146400 AND `time` <= 1560153600  ) LIMIT 1   [ RunTime:0.0000s ]
SQL: SELECT COUNT(*) AS tp_count FROM `tallydata` WHERE ( `time` >= 1560758400 AND `time` <= 1560765600  ) LIMIT 1   [ RunTime:0.0010s ]
SQL: SELECT COUNT(*) AS tp_count FROM `tallydata` WHERE ( `time` >= 1560153600 AND `time` <= 1560160800  ) LIMIT 1   [ RunTime:0.0000s ]
SQL: SELECT COUNT(*) AS tp_count FROM `tallydata` WHERE ( `time` >= 1560765600 AND `time` <= 1560772800  ) LIMIT 1   [ RunTime:0.0000s ]
SQL: SELECT COUNT(*) AS tp_count FROM `tallydata` WHERE ( `time` >= 1560160800 AND `time` <= 1560168000  ) LIMIT 1   [ RunTime:0.0010s ]
SQL: SELECT COUNT(*) AS tp_count FROM `tallydata` WHERE ( `time` >= 1560772800 AND `time` <= 1560780000  ) LIMIT 1   [ RunTime:0.0000s ]
SQL: SELECT COUNT(*) AS tp_count FROM `tallydata` WHERE ( `time` >= 1560168000 AND `time` <= 1560175200  ) LIMIT 1   [ RunTime:0.0010s ]
NOTIC: [8] Undefined offset: 12 E:\code\subject\App\Admin\Controller\IndexController.class.php 第 74 行.

[ 2019-06-17T16:03:03+08:00 ] 127.0.0.1 /Admin/Message/messagenoanswer.html
INFO: [ app_init ] --START--
INFO: Run Behavior\BuildLiteBehavior [ RunTime:0.000000s ]
INFO: [ app_init ] --END-- [ RunTime:0.000000s ]
INFO: [ app_begin ] --START--
INFO: Run Behavior\ReadHtmlCacheBehavior [ RunTime:0.001000s ]
INFO: [ app_begin ] --END-- [ RunTime:0.001000s ]
SQL: SHOW COLUMNS FROM `messageinfoes` [ RunTime:0.0130s ]
SQL: SELECT COUNT(*) AS tp_count FROM `messageinfoes` WHERE `Dispose` = 0 LIMIT 1   [ RunTime:0.0010s ]

[ 2019-06-17T16:03:03+08:00 ] 127.0.0.1 /admin/programa/programainfo
INFO: [ app_init ] --START--
INFO: Run Behavior\BuildLiteBehavior [ RunTime:0.000000s ]
INFO: [ app_init ] --END-- [ RunTime:0.001000s ]
INFO: [ app_begin ] --START--
INFO: Run Behavior\ReadHtmlCacheBehavior [ RunTime:0.001000s ]
INFO: [ app_begin ] --END-- [ RunTime:0.001000s ]
INFO: [ view_parse ] --START--
INFO: [ template_filter ] --START--
INFO: Run Behavior\ContentReplaceBehavior [ RunTime:0.000000s ]
INFO: [ template_filter ] --END-- [ RunTime:0.000000s ]
INFO: Run Behavior\ParseTemplateBehavior [ RunTime:0.044003s ]
INFO: [ view_parse ] --END-- [ RunTime:0.044003s ]
INFO: [ view_filter ] --START--
INFO: Run Behavior\WriteHtmlCacheBehavior [ RunTime:0.001000s ]
INFO: [ view_filter ] --END-- [ RunTime:0.001000s ]
INFO: [ app_end ] --START--
INFO: Run Behavior\ShowPageTraceBehavior [ RunTime:0.001000s ]
INFO: [ app_end ] --END-- [ RunTime:0.001000s ]

[ 2019-06-17T16:03:04+08:00 ] 127.0.0.1 /Admin/public/base.html
INFO: [ app_init ] --START--
INFO: Run Behavior\BuildLiteBehavior [ RunTime:0.000000s ]
INFO: [ app_init ] --END-- [ RunTime:0.000000s ]
INFO: [ app_begin ] --START--
INFO: Run Behavior\ReadHtmlCacheBehavior [ RunTime:0.001000s ]
INFO: [ app_begin ] --END-- [ RunTime:0.001000s ]
SQL: SHOW COLUMNS FROM `gcsys_auth_rule` [ RunTime:0.0130s ]
SQL: SELECT `id`,title as name,name as title,`pid` FROM `gcsys_auth_rule` WHERE `ismenu` <> 0 AND `status` = 1 ORDER BY `sort` ASC  [ RunTime:0.0000s ]
SQL: SHOW COLUMNS FROM `gcsys_auth_group_access` [ RunTime:0.0130s ]
SQL: SELECT `uid`,`group_id`,`title`,`rules` FROM gcsys_auth_group_access a INNER JOIN gcsys_auth_group g on a.group_id=g.id  WHERE ( a.uid='22' and g.status='1' )  [ RunTime:0.0010s ]
SQL: SHOW COLUMNS FROM `gcsys_auth_rule` [ RunTime:0.0130s ]
SQL: SELECT `condition`,`name` FROM `gcsys_auth_rule` WHERE `id` IN ('20','21','25','26','27','28','29','56','57','72','73','74','75','76','58','59','60','61','62','30','31','32','100','101','102','103','33','34','35','104','105','36','65','92','93','94','95','66','96','97','98','99','37','67','38','68','83','84','85','86','87','88','89','90','91','40','64','106','107','108','109','110','111','112','113','41','69','77','78','79','80','81','82','70','71','42','43','46','47','114','115','116','117','118','48','49','50','51','52','119','120','121','122','53','54','55') AND `type` = 1 AND `status` = 1  [ RunTime:0.0010s ]

[ 2019-06-17T16:03:04+08:00 ] 127.0.0.1 /Admin/programa/programainfo.html
INFO: [ app_init ] --START--
INFO: Run Behavior\BuildLiteBehavior [ RunTime:0.000000s ]
INFO: [ app_init ] --END-- [ RunTime:0.001000s ]
INFO: [ app_begin ] --START--
INFO: Run Behavior\ReadHtmlCacheBehavior [ RunTime:0.000000s ]
INFO: [ app_begin ] --END-- [ RunTime:0.001000s ]
SQL: SHOW COLUMNS FROM `programas` [ RunTime:0.0320s ]
SQL: SHOW COLUMNS FROM `programas` [ RunTime:0.0150s ]
SQL: SELECT Id as id,Id as c_id,Title as Name,TitleUrl as Url,`Describe`,`Sort`,`Lock`,`Sign` FROM `programas` ORDER BY `Sort` DESC  [ RunTime:0.0000s ]
SQL: SHOW COLUMNS FROM `programas_sm` [ RunTime:0.0140s ]
SQL: SELECT Id as c_id,Title as Name,`Describe`,TitleUrl as Url,`Sort`,`Lock`,`Sign`,`Pid` FROM `programas_sm` WHERE `Pid` IN ('8','9') ORDER BY `Sort` DESC  [ RunTime:0.0000s ]

[ 2019-06-17T16:03:06+08:00 ] 127.0.0.1 /admin/programa/proadd.html
INFO: [ app_init ] --START--
INFO: Run Behavior\BuildLiteBehavior [ RunTime:0.000000s ]
INFO: [ app_init ] --END-- [ RunTime:0.001000s ]
INFO: [ app_begin ] --START--
INFO: Run Behavior\ReadHtmlCacheBehavior [ RunTime:0.001000s ]
INFO: [ app_begin ] --END-- [ RunTime:0.001000s ]
INFO: [ view_parse ] --START--
INFO: [ template_filter ] --START--
INFO: Run Behavior\ContentReplaceBehavior [ RunTime:0.000000s ]
INFO: [ template_filter ] --END-- [ RunTime:0.000000s ]
INFO: Run Behavior\ParseTemplateBehavior [ RunTime:0.012001s ]
INFO: [ view_parse ] --END-- [ RunTime:0.013001s ]
INFO: [ view_filter ] --START--
INFO: Run Behavior\WriteHtmlCacheBehavior [ RunTime:0.000000s ]
INFO: [ view_filter ] --END-- [ RunTime:0.000000s ]
INFO: [ app_end ] --START--
INFO: Run Behavior\ShowPageTraceBehavior [ RunTime:0.001000s ]
INFO: [ app_end ] --END-- [ RunTime:0.001000s ]

[ 2019-06-17T16:03:07+08:00 ] 127.0.0.1 /Admin/Message/messagenoanswer.html
INFO: [ app_init ] --START--
INFO: Run Behavior\BuildLiteBehavior [ RunTime:0.000000s ]
INFO: [ app_init ] --END-- [ RunTime:0.000000s ]
INFO: [ app_begin ] --START--
INFO: Run Behavior\ReadHtmlCacheBehavior [ RunTime:0.001000s ]
INFO: [ app_begin ] --END-- [ RunTime:0.001000s ]
SQL: SHOW COLUMNS FROM `messageinfoes` [ RunTime:0.0140s ]
SQL: SELECT COUNT(*) AS tp_count FROM `messageinfoes` WHERE `Dispose` = 0 LIMIT 1   [ RunTime:0.0000s ]

[ 2019-06-17T16:03:10+08:00 ] 127.0.0.1 /Admin/Message/messagenoanswer.html
INFO: [ app_init ] --START--
INFO: Run Behavior\BuildLiteBehavior [ RunTime:0.000000s ]
INFO: [ app_init ] --END-- [ RunTime:0.001000s ]
INFO: [ app_begin ] --START--
INFO: Run Behavior\ReadHtmlCacheBehavior [ RunTime:0.001000s ]
INFO: [ app_begin ] --END-- [ RunTime:0.001000s ]
SQL: SHOW COLUMNS FROM `messageinfoes` [ RunTime:0.0140s ]
SQL: SELECT COUNT(*) AS tp_count FROM `messageinfoes` WHERE `Dispose` = 0 LIMIT 1   [ RunTime:0.0010s ]

[ 2019-06-17T16:03:13+08:00 ] 127.0.0.1 /Admin/Message/messagenoanswer.html
INFO: [ app_init ] --START--
INFO: Run Behavior\BuildLiteBehavior [ RunTime:0.000000s ]
INFO: [ app_init ] --END-- [ RunTime:0.000000s ]
INFO: [ app_begin ] --START--
INFO: Run Behavior\ReadHtmlCacheBehavior [ RunTime:0.001000s ]
INFO: [ app_begin ] --END-- [ RunTime:0.001000s ]
SQL: SHOW COLUMNS FROM `messageinfoes` [ RunTime:0.0130s ]
SQL: SELECT COUNT(*) AS tp_count FROM `messageinfoes` WHERE `Dispose` = 0 LIMIT 1   [ RunTime:0.0010s ]

[ 2019-06-17T16:03:13+08:00 ] 127.0.0.1 /Admin/programa/programainfo.html
INFO: [ app_init ] --START--
INFO: Run Behavior\BuildLiteBehavior [ RunTime:0.000000s ]
INFO: [ app_init ] --END-- [ RunTime:0.001001s ]
INFO: [ app_begin ] --START--
INFO: Run Behavior\ReadHtmlCacheBehavior [ RunTime:0.000000s ]
INFO: [ app_begin ] --END-- [ RunTime:0.000000s ]
SQL: SHOW COLUMNS FROM `programas` [ RunTime:0.0140s ]
SQL: SHOW COLUMNS FROM `programas` [ RunTime:0.0150s ]
SQL: SELECT Id as id,Id as c_id,Title as Name,TitleUrl as Url,`Describe`,`Sort`,`Lock`,`Sign` FROM `programas` ORDER BY `Sort` DESC  [ RunTime:0.0000s ]
SQL: SHOW COLUMNS FROM `programas_sm` [ RunTime:0.0100s ]
SQL: SELECT Id as c_id,Title as Name,`Describe`,TitleUrl as Url,`Sort`,`Lock`,`Sign`,`Pid` FROM `programas_sm` WHERE `Pid` IN ('8','9') ORDER BY `Sort` DESC  [ RunTime:0.0010s ]

[ 2019-06-17T16:03:15+08:00 ] 127.0.0.1 /admin/programa/proadd.html
INFO: [ app_init ] --START--
INFO: Run Behavior\BuildLiteBehavior [ RunTime:0.000000s ]
INFO: [ app_init ] --END-- [ RunTime:0.000000s ]
INFO: [ app_begin ] --START--
INFO: Run Behavior\ReadHtmlCacheBehavior [ RunTime:0.001000s ]
INFO: [ app_begin ] --END-- [ RunTime:0.001000s ]
INFO: [ view_parse ] --START--
INFO: [ template_filter ] --START--
INFO: Run Behavior\ContentReplaceBehavior [ RunTime:0.000000s ]
INFO: [ template_filter ] --END-- [ RunTime:0.000000s ]
INFO: Run Behavior\ParseTemplateBehavior [ RunTime:0.010001s ]
INFO: [ view_parse ] --END-- [ RunTime:0.010001s ]
INFO: [ view_filter ] --START--
INFO: Run Behavior\WriteHtmlCacheBehavior [ RunTime:0.000000s ]
INFO: [ view_filter ] --END-- [ RunTime:0.001000s ]
INFO: [ app_end ] --START--
INFO: Run Behavior\ShowPageTraceBehavior [ RunTime:0.001000s ]
INFO: [ app_end ] --END-- [ RunTime:0.001000s ]

[ 2019-06-17T16:03:16+08:00 ] 127.0.0.1 /Admin/Message/messagenoanswer.html
INFO: [ app_init ] --START--
INFO: Run Behavior\BuildLiteBehavior [ RunTime:0.000000s ]
INFO: [ app_init ] --END-- [ RunTime:0.000000s ]
INFO: [ app_begin ] --START--
INFO: Run Behavior\ReadHtmlCacheBehavior [ RunTime:0.001000s ]
INFO: [ app_begin ] --END-- [ RunTime:0.001000s ]
SQL: SHOW COLUMNS FROM `messageinfoes` [ RunTime:0.0130s ]
SQL: SELECT COUNT(*) AS tp_count FROM `messageinfoes` WHERE `Dispose` = 0 LIMIT 1   [ RunTime:0.0010s ]

[ 2019-06-17T16:03:16+08:00 ] 127.0.0.1 /Admin/programa/programainfo.html
INFO: [ app_init ] --START--
INFO: Run Behavior\BuildLiteBehavior [ RunTime:0.000000s ]
INFO: [ app_init ] --END-- [ RunTime:0.000000s ]
INFO: [ app_begin ] --START--
INFO: Run Behavior\ReadHtmlCacheBehavior [ RunTime:0.001001s ]
INFO: [ app_begin ] --END-- [ RunTime:0.001001s ]
SQL: SHOW COLUMNS FROM `programas` [ RunTime:0.0140s ]
SQL: SHOW COLUMNS FROM `programas` [ RunTime:0.0130s ]
SQL: SELECT Id as id,Id as c_id,Title as Name,TitleUrl as Url,`Describe`,`Sort`,`Lock`,`Sign` FROM `programas` ORDER BY `Sort` DESC  [ RunTime:0.0000s ]
SQL: SHOW COLUMNS FROM `programas_sm` [ RunTime:0.0120s ]
SQL: SELECT Id as c_id,Title as Name,`Describe`,TitleUrl as Url,`Sort`,`Lock`,`Sign`,`Pid` FROM `programas_sm` WHERE `Pid` IN ('8','9') ORDER BY `Sort` DESC  [ RunTime:0.0000s ]

