[ 2019-06-10T18:33:02+08:00 ] 127.0.0.1 /Admin/Message/messagenoanswer.html
INFO: [ app_init ] --START--
INFO: Run Behavior\BuildLiteBehavior [ RunTime:0.000000s ]
INFO: [ app_init ] --END-- [ RunTime:0.000000s ]
INFO: [ app_begin ] --START--
INFO: Run Behavior\ReadHtmlCacheBehavior [ RunTime:0.000000s ]
INFO: [ app_begin ] --END-- [ RunTime:0.000000s ]
SQL: SHOW COLUMNS FROM `messageinfoes` [ RunTime:0.0240s ]
SQL: SELECT COUNT(*) AS tp_count FROM `messageinfoes` WHERE `Dispose` = 0 LIMIT 1   [ RunTime:0.0000s ]

[ 2019-06-10T18:33:12+08:00 ] 127.0.0.1 /Admin/Message/messagenoanswer.html
INFO: [ app_init ] --START--
INFO: Run Behavior\BuildLiteBehavior [ RunTime:0.000000s ]
INFO: [ app_init ] --END-- [ RunTime:0.001000s ]
INFO: [ app_begin ] --START--
INFO: Run Behavior\ReadHtmlCacheBehavior [ RunTime:0.001000s ]
INFO: [ app_begin ] --END-- [ RunTime:0.001000s ]
SQL: SHOW COLUMNS FROM `messageinfoes` [ RunTime:0.0220s ]
SQL: SELECT COUNT(*) AS tp_count FROM `messageinfoes` WHERE `Dispose` = 0 LIMIT 1   [ RunTime:0.0000s ]

[ 2019-06-10T18:33:20+08:00 ] 127.0.0.1 /Admin/Message/messagenoanswer.html
INFO: [ app_init ] --START--
INFO: Run Behavior\BuildLiteBehavior [ RunTime:0.000000s ]
INFO: [ app_init ] --END-- [ RunTime:0.001000s ]
INFO: [ app_begin ] --START--
INFO: Run Behavior\ReadHtmlCacheBehavior [ RunTime:0.001000s ]
INFO: [ app_begin ] --END-- [ RunTime:0.001000s ]
SQL: SHOW COLUMNS FROM `messageinfoes` [ RunTime:0.0240s ]
SQL: SELECT COUNT(*) AS tp_count FROM `messageinfoes` WHERE `Dispose` = 0 LIMIT 1   [ RunTime:0.0000s ]

[ 2019-06-10T18:33:29+08:00 ] 127.0.0.1 /Admin/Message/messagenoanswer.html
INFO: [ app_init ] --START--
INFO: Run Behavior\BuildLiteBehavior [ RunTime:0.000000s ]
INFO: [ app_init ] --END-- [ RunTime:0.000000s ]
INFO: [ app_begin ] --START--
INFO: Run Behavior\ReadHtmlCacheBehavior [ RunTime:0.000000s ]
INFO: [ app_begin ] --END-- [ RunTime:0.000000s ]
SQL: SHOW COLUMNS FROM `messageinfoes` [ RunTime:0.0210s ]
SQL: SELECT COUNT(*) AS tp_count FROM `messageinfoes` WHERE `Dispose` = 0 LIMIT 1   [ RunTime:0.0010s ]

[ 2019-06-10T18:33:37+08:00 ] 127.0.0.1 /Admin/Message/messagenoanswer.html
INFO: [ app_init ] --START--
INFO: Run Behavior\BuildLiteBehavior [ RunTime:0.000000s ]
INFO: [ app_init ] --END-- [ RunTime:0.001000s ]
INFO: [ app_begin ] --START--
INFO: Run Behavior\ReadHtmlCacheBehavior [ RunTime:0.001000s ]
INFO: [ app_begin ] --END-- [ RunTime:0.001000s ]
SQL: SHOW COLUMNS FROM `messageinfoes` [ RunTime:0.0220s ]
SQL: SELECT COUNT(*) AS tp_count FROM `messageinfoes` WHERE `Dispose` = 0 LIMIT 1   [ RunTime:0.0000s ]

[ 2019-06-10T18:33:44+08:00 ] 127.0.0.1 /Admin/Message/messagenoanswer.html
INFO: [ app_init ] --START--
INFO: Run Behavior\BuildLiteBehavior [ RunTime:0.000000s ]
INFO: [ app_init ] --END-- [ RunTime:0.001000s ]
INFO: [ app_begin ] --START--
INFO: Run Behavior\ReadHtmlCacheBehavior [ RunTime:0.001000s ]
INFO: [ app_begin ] --END-- [ RunTime:0.001000s ]
SQL: SHOW COLUMNS FROM `messageinfoes` [ RunTime:0.0200s ]
SQL: SELECT COUNT(*) AS tp_count FROM `messageinfoes` WHERE `Dispose` = 0 LIMIT 1   [ RunTime:0.0000s ]

[ 2019-06-10T18:33:52+08:00 ] 127.0.0.1 /Admin/Message/messagenoanswer.html
INFO: [ app_init ] --START--
INFO: Run Behavior\BuildLiteBehavior [ RunTime:0.000000s ]
INFO: [ app_init ] --END-- [ RunTime:0.001000s ]
INFO: [ app_begin ] --START--
INFO: Run Behavior\ReadHtmlCacheBehavior [ RunTime:0.001001s ]
INFO: [ app_begin ] --END-- [ RunTime:0.001001s ]
SQL: SHOW COLUMNS FROM `messageinfoes` [ RunTime:0.0220s ]
SQL: SELECT COUNT(*) AS tp_count FROM `messageinfoes` WHERE `Dispose` = 0 LIMIT 1   [ RunTime:0.0010s ]

[ 2019-06-10T18:34:01+08:00 ] 127.0.0.1 /Admin/Message/messagenoanswer.html
INFO: [ app_init ] --START--
INFO: Run Behavior\BuildLiteBehavior [ RunTime:0.000000s ]
INFO: [ app_init ] --END-- [ RunTime:0.000000s ]
INFO: [ app_begin ] --START--
INFO: Run Behavior\ReadHtmlCacheBehavior [ RunTime:0.001000s ]
INFO: [ app_begin ] --END-- [ RunTime:0.001000s ]
SQL: SHOW COLUMNS FROM `messageinfoes` [ RunTime:0.0230s ]
SQL: SELECT COUNT(*) AS tp_count FROM `messageinfoes` WHERE `Dispose` = 0 LIMIT 1   [ RunTime:0.0010s ]

[ 2019-06-10T18:34:08+08:00 ] 127.0.0.1 /Admin/Message/messagenoanswer.html
INFO: [ app_init ] --START--
INFO: Run Behavior\BuildLiteBehavior [ RunTime:0.000000s ]
INFO: [ app_init ] --END-- [ RunTime:0.000000s ]
INFO: [ app_begin ] --START--
INFO: Run Behavior\ReadHtmlCacheBehavior [ RunTime:0.001000s ]
INFO: [ app_begin ] --END-- [ RunTime:0.001000s ]
SQL: SHOW COLUMNS FROM `messageinfoes` [ RunTime:0.0220s ]
SQL: SELECT COUNT(*) AS tp_count FROM `messageinfoes` WHERE `Dispose` = 0 LIMIT 1   [ RunTime:0.0010s ]

[ 2019-06-10T18:34:16+08:00 ] 127.0.0.1 /Admin/Message/messagenoanswer.html
INFO: [ app_init ] --START--
INFO: Run Behavior\BuildLiteBehavior [ RunTime:0.000000s ]
INFO: [ app_init ] --END-- [ RunTime:0.000000s ]
INFO: [ app_begin ] --START--
INFO: Run Behavior\ReadHtmlCacheBehavior [ RunTime:0.000000s ]
INFO: [ app_begin ] --END-- [ RunTime:0.000000s ]
SQL: SHOW COLUMNS FROM `messageinfoes` [ RunTime:0.0220s ]
SQL: SELECT COUNT(*) AS tp_count FROM `messageinfoes` WHERE `Dispose` = 0 LIMIT 1   [ RunTime:0.0010s ]

[ 2019-06-10T18:34:24+08:00 ] 127.0.0.1 /Admin/Message/messagenoanswer.html
INFO: [ app_init ] --START--
INFO: Run Behavior\BuildLiteBehavior [ RunTime:0.000000s ]
INFO: [ app_init ] --END-- [ RunTime:0.000000s ]
INFO: [ app_begin ] --START--
INFO: Run Behavior\ReadHtmlCacheBehavior [ RunTime:0.000000s ]
INFO: [ app_begin ] --END-- [ RunTime:0.000000s ]
SQL: SHOW COLUMNS FROM `messageinfoes` [ RunTime:0.0210s ]
SQL: SELECT COUNT(*) AS tp_count FROM `messageinfoes` WHERE `Dispose` = 0 LIMIT 1   [ RunTime:0.0000s ]

[ 2019-06-10T18:34:31+08:00 ] 127.0.0.1 /Admin/Message/messagenoanswer.html
INFO: [ app_init ] --START--
INFO: Run Behavior\BuildLiteBehavior [ RunTime:0.000000s ]
INFO: [ app_init ] --END-- [ RunTime:0.001000s ]
INFO: [ app_begin ] --START--
INFO: Run Behavior\ReadHtmlCacheBehavior [ RunTime:0.001000s ]
INFO: [ app_begin ] --END-- [ RunTime:0.001000s ]
SQL: SHOW COLUMNS FROM `messageinfoes` [ RunTime:0.0240s ]
SQL: SELECT COUNT(*) AS tp_count FROM `messageinfoes` WHERE `Dispose` = 0 LIMIT 1   [ RunTime:0.0000s ]

[ 2019-06-10T18:34:39+08:00 ] 127.0.0.1 /Admin/Message/messagenoanswer.html
INFO: [ app_init ] --START--
INFO: Run Behavior\BuildLiteBehavior [ RunTime:0.000000s ]
INFO: [ app_init ] --END-- [ RunTime:0.000000s ]
INFO: [ app_begin ] --START--
INFO: Run Behavior\ReadHtmlCacheBehavior [ RunTime:0.001000s ]
INFO: [ app_begin ] --END-- [ RunTime:0.001000s ]
SQL: SHOW COLUMNS FROM `messageinfoes` [ RunTime:0.0220s ]
SQL: SELECT COUNT(*) AS tp_count FROM `messageinfoes` WHERE `Dispose` = 0 LIMIT 1   [ RunTime:0.0010s ]

[ 2019-06-10T18:34:46+08:00 ] 127.0.0.1 /Admin/Message/messagenoanswer.html
INFO: [ app_init ] --START--
INFO: Run Behavior\BuildLiteBehavior [ RunTime:0.000000s ]
INFO: [ app_init ] --END-- [ RunTime:0.000000s ]
INFO: [ app_begin ] --START--
INFO: Run Behavior\ReadHtmlCacheBehavior [ RunTime:0.000000s ]
INFO: [ app_begin ] --END-- [ RunTime:0.000000s ]
SQL: SHOW COLUMNS FROM `messageinfoes` [ RunTime:0.0220s ]
SQL: SELECT COUNT(*) AS tp_count FROM `messageinfoes` WHERE `Dispose` = 0 LIMIT 1   [ RunTime:0.0000s ]

[ 2019-06-10T18:34:55+08:00 ] 127.0.0.1 /Admin/Message/messagenoanswer.html
INFO: [ app_init ] --START--
INFO: Run Behavior\BuildLiteBehavior [ RunTime:0.000000s ]
INFO: [ app_init ] --END-- [ RunTime:0.000000s ]
INFO: [ app_begin ] --START--
INFO: Run Behavior\ReadHtmlCacheBehavior [ RunTime:0.000000s ]
INFO: [ app_begin ] --END-- [ RunTime:0.000000s ]
SQL: SHOW COLUMNS FROM `messageinfoes` [ RunTime:0.0210s ]
SQL: SELECT COUNT(*) AS tp_count FROM `messageinfoes` WHERE `Dispose` = 0 LIMIT 1   [ RunTime:0.0010s ]

[ 2019-06-10T18:35:02+08:00 ] 127.0.0.1 /Admin/Message/messagenoanswer.html
INFO: [ app_init ] --START--
INFO: Run Behavior\BuildLiteBehavior [ RunTime:0.000000s ]
INFO: [ app_init ] --END-- [ RunTime:0.000000s ]
INFO: [ app_begin ] --START--
INFO: Run Behavior\ReadHtmlCacheBehavior [ RunTime:0.000000s ]
INFO: [ app_begin ] --END-- [ RunTime:0.000000s ]
SQL: SHOW COLUMNS FROM `messageinfoes` [ RunTime:0.0240s ]
SQL: SELECT COUNT(*) AS tp_count FROM `messageinfoes` WHERE `Dispose` = 0 LIMIT 1   [ RunTime:0.0010s ]

[ 2019-06-10T18:35:10+08:00 ] 127.0.0.1 /Admin/Message/messagenoanswer.html
INFO: [ app_init ] --START--
INFO: Run Behavior\BuildLiteBehavior [ RunTime:0.000000s ]
INFO: [ app_init ] --END-- [ RunTime:0.000000s ]
INFO: [ app_begin ] --START--
INFO: Run Behavior\ReadHtmlCacheBehavior [ RunTime:0.001000s ]
INFO: [ app_begin ] --END-- [ RunTime:0.001000s ]
SQL: SHOW COLUMNS FROM `messageinfoes` [ RunTime:0.0220s ]
SQL: SELECT COUNT(*) AS tp_count FROM `messageinfoes` WHERE `Dispose` = 0 LIMIT 1   [ RunTime:0.0000s ]

[ 2019-06-10T18:35:19+08:00 ] 127.0.0.1 /Admin/Message/messagenoanswer.html
INFO: [ app_init ] --START--
INFO: Run Behavior\BuildLiteBehavior [ RunTime:0.000000s ]
INFO: [ app_init ] --END-- [ RunTime:0.001000s ]
INFO: [ app_begin ] --START--
INFO: Run Behavior\ReadHtmlCacheBehavior [ RunTime:0.001000s ]
INFO: [ app_begin ] --END-- [ RunTime:0.001000s ]
SQL: SHOW COLUMNS FROM `messageinfoes` [ RunTime:0.0190s ]
SQL: SELECT COUNT(*) AS tp_count FROM `messageinfoes` WHERE `Dispose` = 0 LIMIT 1   [ RunTime:0.0010s ]

[ 2019-06-10T18:35:42+08:00 ] 127.0.0.1 /Admin/Message/messagenoanswer.html
INFO: [ app_init ] --START--
INFO: Run Behavior\BuildLiteBehavior [ RunTime:0.000000s ]
INFO: [ app_init ] --END-- [ RunTime:0.001000s ]
INFO: [ app_begin ] --START--
INFO: Run Behavior\ReadHtmlCacheBehavior [ RunTime:0.001000s ]
INFO: [ app_begin ] --END-- [ RunTime:0.001000s ]
SQL: SHOW COLUMNS FROM `messageinfoes` [ RunTime:0.0210s ]
SQL: SELECT COUNT(*) AS tp_count FROM `messageinfoes` WHERE `Dispose` = 0 LIMIT 1   [ RunTime:0.0010s ]

[ 2019-06-10T18:35:50+08:00 ] 127.0.0.1 /Admin/Message/messagenoanswer.html
INFO: [ app_init ] --START--
INFO: Run Behavior\BuildLiteBehavior [ RunTime:0.000000s ]
INFO: [ app_init ] --END-- [ RunTime:0.001000s ]
INFO: [ app_begin ] --START--
INFO: Run Behavior\ReadHtmlCacheBehavior [ RunTime:0.001000s ]
INFO: [ app_begin ] --END-- [ RunTime:0.001000s ]
SQL: SHOW COLUMNS FROM `messageinfoes` [ RunTime:0.0210s ]
SQL: SELECT COUNT(*) AS tp_count FROM `messageinfoes` WHERE `Dispose` = 0 LIMIT 1   [ RunTime:0.0010s ]

[ 2019-06-10T18:35:59+08:00 ] 127.0.0.1 /Admin/Message/messagenoanswer.html
INFO: [ app_init ] --START--
INFO: Run Behavior\BuildLiteBehavior [ RunTime:0.000000s ]
INFO: [ app_init ] --END-- [ RunTime:0.000000s ]
INFO: [ app_begin ] --START--
INFO: Run Behavior\ReadHtmlCacheBehavior [ RunTime:0.000000s ]
INFO: [ app_begin ] --END-- [ RunTime:0.000000s ]
SQL: SHOW COLUMNS FROM `messageinfoes` [ RunTime:0.0230s ]
SQL: SELECT COUNT(*) AS tp_count FROM `messageinfoes` WHERE `Dispose` = 0 LIMIT 1   [ RunTime:0.0000s ]

[ 2019-06-10T18:36:06+08:00 ] 127.0.0.1 /Admin/Message/messagenoanswer.html
INFO: [ app_init ] --START--
INFO: Run Behavior\BuildLiteBehavior [ RunTime:0.000000s ]
INFO: [ app_init ] --END-- [ RunTime:0.000000s ]
INFO: [ app_begin ] --START--
INFO: Run Behavior\ReadHtmlCacheBehavior [ RunTime:0.000000s ]
INFO: [ app_begin ] --END-- [ RunTime:0.000000s ]
SQL: SHOW COLUMNS FROM `messageinfoes` [ RunTime:0.0210s ]
SQL: SELECT COUNT(*) AS tp_count FROM `messageinfoes` WHERE `Dispose` = 0 LIMIT 1   [ RunTime:0.0000s ]

[ 2019-06-10T18:36:13+08:00 ] 127.0.0.1 /Admin/Message/messagenoanswer.html
INFO: [ app_init ] --START--
INFO: Run Behavior\BuildLiteBehavior [ RunTime:0.000000s ]
INFO: [ app_init ] --END-- [ RunTime:0.000000s ]
INFO: [ app_begin ] --START--
INFO: Run Behavior\ReadHtmlCacheBehavior [ RunTime:0.000000s ]
INFO: [ app_begin ] --END-- [ RunTime:0.000000s ]
SQL: SHOW COLUMNS FROM `messageinfoes` [ RunTime:0.0220s ]
SQL: SELECT COUNT(*) AS tp_count FROM `messageinfoes` WHERE `Dispose` = 0 LIMIT 1   [ RunTime:0.0010s ]

[ 2019-06-10T18:36:20+08:00 ] 127.0.0.1 /Admin/Message/messagenoanswer.html
INFO: [ app_init ] --START--
INFO: Run Behavior\BuildLiteBehavior [ RunTime:0.000000s ]
INFO: [ app_init ] --END-- [ RunTime:0.000000s ]
INFO: [ app_begin ] --START--
INFO: Run Behavior\ReadHtmlCacheBehavior [ RunTime:0.000000s ]
INFO: [ app_begin ] --END-- [ RunTime:0.000000s ]
SQL: SHOW COLUMNS FROM `messageinfoes` [ RunTime:0.0210s ]
SQL: SELECT COUNT(*) AS tp_count FROM `messageinfoes` WHERE `Dispose` = 0 LIMIT 1   [ RunTime:0.0010s ]

[ 2019-06-10T18:36:27+08:00 ] 127.0.0.1 /Admin/Message/messagenoanswer.html
INFO: [ app_init ] --START--
INFO: Run Behavior\BuildLiteBehavior [ RunTime:0.000000s ]
INFO: [ app_init ] --END-- [ RunTime:0.000000s ]
INFO: [ app_begin ] --START--
INFO: Run Behavior\ReadHtmlCacheBehavior [ RunTime:0.001000s ]
INFO: [ app_begin ] --END-- [ RunTime:0.001000s ]
SQL: SHOW COLUMNS FROM `messageinfoes` [ RunTime:0.0240s ]
SQL: SELECT COUNT(*) AS tp_count FROM `messageinfoes` WHERE `Dispose` = 0 LIMIT 1   [ RunTime:0.0010s ]

[ 2019-06-10T18:36:35+08:00 ] 127.0.0.1 /Admin/Message/messagenoanswer.html
INFO: [ app_init ] --START--
INFO: Run Behavior\BuildLiteBehavior [ RunTime:0.000000s ]
INFO: [ app_init ] --END-- [ RunTime:0.001000s ]
INFO: [ app_begin ] --START--
INFO: Run Behavior\ReadHtmlCacheBehavior [ RunTime:0.001000s ]
INFO: [ app_begin ] --END-- [ RunTime:0.001000s ]
SQL: SHOW COLUMNS FROM `messageinfoes` [ RunTime:0.0230s ]
SQL: SELECT COUNT(*) AS tp_count FROM `messageinfoes` WHERE `Dispose` = 0 LIMIT 1   [ RunTime:0.0010s ]

[ 2019-06-10T18:36:42+08:00 ] 127.0.0.1 /Admin/Message/messagenoanswer.html
INFO: [ app_init ] --START--
INFO: Run Behavior\BuildLiteBehavior [ RunTime:0.000000s ]
INFO: [ app_init ] --END-- [ RunTime:0.000000s ]
INFO: [ app_begin ] --START--
INFO: Run Behavior\ReadHtmlCacheBehavior [ RunTime:0.000000s ]
INFO: [ app_begin ] --END-- [ RunTime:0.000000s ]
SQL: SHOW COLUMNS FROM `messageinfoes` [ RunTime:0.0230s ]
SQL: SELECT COUNT(*) AS tp_count FROM `messageinfoes` WHERE `Dispose` = 0 LIMIT 1   [ RunTime:0.0010s ]

[ 2019-06-10T18:36:50+08:00 ] 127.0.0.1 /Admin/Message/messagenoanswer.html
INFO: [ app_init ] --START--
INFO: Run Behavior\BuildLiteBehavior [ RunTime:0.000000s ]
INFO: [ app_init ] --END-- [ RunTime:0.000000s ]
INFO: [ app_begin ] --START--
INFO: Run Behavior\ReadHtmlCacheBehavior [ RunTime:0.000000s ]
INFO: [ app_begin ] --END-- [ RunTime:0.000000s ]
SQL: SHOW COLUMNS FROM `messageinfoes` [ RunTime:0.0200s ]
SQL: SELECT COUNT(*) AS tp_count FROM `messageinfoes` WHERE `Dispose` = 0 LIMIT 1   [ RunTime:0.0000s ]

[ 2019-06-10T18:36:58+08:00 ] 127.0.0.1 /Admin/Message/messagenoanswer.html
INFO: [ app_init ] --START--
INFO: Run Behavior\BuildLiteBehavior [ RunTime:0.000000s ]
INFO: [ app_init ] --END-- [ RunTime:0.000000s ]
INFO: [ app_begin ] --START--
INFO: Run Behavior\ReadHtmlCacheBehavior [ RunTime:0.000000s ]
INFO: [ app_begin ] --END-- [ RunTime:0.000000s ]
SQL: SHOW COLUMNS FROM `messageinfoes` [ RunTime:0.0210s ]
SQL: SELECT COUNT(*) AS tp_count FROM `messageinfoes` WHERE `Dispose` = 0 LIMIT 1   [ RunTime:0.0000s ]

[ 2019-06-10T18:37:05+08:00 ] 127.0.0.1 /Admin/Message/messagenoanswer.html
INFO: [ app_init ] --START--
INFO: Run Behavior\BuildLiteBehavior [ RunTime:0.000000s ]
INFO: [ app_init ] --END-- [ RunTime:0.000000s ]
INFO: [ app_begin ] --START--
INFO: Run Behavior\ReadHtmlCacheBehavior [ RunTime:0.000000s ]
INFO: [ app_begin ] --END-- [ RunTime:0.000000s ]
SQL: SHOW COLUMNS FROM `messageinfoes` [ RunTime:0.0210s ]
SQL: SELECT COUNT(*) AS tp_count FROM `messageinfoes` WHERE `Dispose` = 0 LIMIT 1   [ RunTime:0.0000s ]

[ 2019-06-10T18:37:12+08:00 ] 127.0.0.1 /Admin/Message/messagenoanswer.html
INFO: [ app_init ] --START--
INFO: Run Behavior\BuildLiteBehavior [ RunTime:0.000000s ]
INFO: [ app_init ] --END-- [ RunTime:0.001000s ]
INFO: [ app_begin ] --START--
INFO: Run Behavior\ReadHtmlCacheBehavior [ RunTime:0.001000s ]
INFO: [ app_begin ] --END-- [ RunTime:0.001000s ]
SQL: SHOW COLUMNS FROM `messageinfoes` [ RunTime:0.0220s ]
SQL: SELECT COUNT(*) AS tp_count FROM `messageinfoes` WHERE `Dispose` = 0 LIMIT 1   [ RunTime:0.0000s ]

