[ 2019-06-26T13:42:23+08:00 ] 127.0.0.1 /Public/home/css/bootstrap.css.map
INFO: [ app_init ] --START--
INFO: Run Behavior\BuildLiteBehavior [ RunTime:0.000000s ]
INFO: [ app_init ] --END-- [ RunTime:0.001000s ]
INFO: [ app_begin ] --START--
INFO: Run Behavior\ReadHtmlCacheBehavior [ RunTime:0.001000s ]
INFO: [ app_begin ] --END-- [ RunTime:0.001000s ]
ERR: 无法加载控制器:Home
NOTIC: [2] include(): Filename cannot be empty E:\code\subject\ThinkPHP\Library\Think\Think.class.php 第 347 行.
NOTIC: [2] include(): Failed opening '' for inclusion (include_path='.;C:\php\pear') E:\code\subject\ThinkPHP\Library\Think\Think.class.php 第 347 行.

[ 2019-06-26T13:42:38+08:00 ] 127.0.0.1 /Public/home/css/bootstrap.css.map
INFO: [ app_init ] --START--
INFO: Run Behavior\BuildLiteBehavior [ RunTime:0.000000s ]
INFO: [ app_init ] --END-- [ RunTime:0.001000s ]
INFO: [ app_begin ] --START--
INFO: Run Behavior\ReadHtmlCacheBehavior [ RunTime:0.001000s ]
INFO: [ app_begin ] --END-- [ RunTime:0.001000s ]
ERR: 无法加载控制器:Home
NOTIC: [2] include(): Filename cannot be empty E:\code\subject\ThinkPHP\Library\Think\Think.class.php 第 347 行.
NOTIC: [2] include(): Failed opening '' for inclusion (include_path='.;C:\php\pear') E:\code\subject\ThinkPHP\Library\Think\Think.class.php 第 347 行.

[ 2019-06-26T13:52:17+08:00 ] 127.0.0.1 /Public/home/css/bootstrap.css.map
INFO: [ app_init ] --START--
INFO: Run Behavior\BuildLiteBehavior [ RunTime:0.000000s ]
INFO: [ app_init ] --END-- [ RunTime:0.000000s ]
INFO: [ app_begin ] --START--
INFO: Run Behavior\ReadHtmlCacheBehavior [ RunTime:0.001000s ]
INFO: [ app_begin ] --END-- [ RunTime:0.001000s ]
ERR: 无法加载控制器:Home
NOTIC: [2] include(): Filename cannot be empty E:\code\subject\ThinkPHP\Library\Think\Think.class.php 第 347 行.
NOTIC: [2] include(): Failed opening '' for inclusion (include_path='.;C:\php\pear') E:\code\subject\ThinkPHP\Library\Think\Think.class.php 第 347 行.

[ 2019-06-26T14:04:23+08:00 ] 127.0.0.1 /Public/home/css/bootstrap.css.map
INFO: [ app_init ] --START--
INFO: Run Behavior\BuildLiteBehavior [ RunTime:0.000000s ]
INFO: [ app_init ] --END-- [ RunTime:0.000000s ]
INFO: [ app_begin ] --START--
INFO: Run Behavior\ReadHtmlCacheBehavior [ RunTime:0.001000s ]
INFO: [ app_begin ] --END-- [ RunTime:0.001000s ]
ERR: 无法加载控制器:Home
NOTIC: [2] include(): Filename cannot be empty E:\code\subject\ThinkPHP\Library\Think\Think.class.php 第 347 行.
NOTIC: [2] include(): Failed opening '' for inclusion (include_path='.;C:\php\pear') E:\code\subject\ThinkPHP\Library\Think\Think.class.php 第 347 行.

[ 2019-06-26T14:11:07+08:00 ] 127.0.0.1 /Public/home/css/bootstrap.css.map
INFO: [ app_init ] --START--
INFO: Run Behavior\BuildLiteBehavior [ RunTime:0.000000s ]
INFO: [ app_init ] --END-- [ RunTime:0.001000s ]
INFO: [ app_begin ] --START--
INFO: Run Behavior\ReadHtmlCacheBehavior [ RunTime:0.000000s ]
INFO: [ app_begin ] --END-- [ RunTime:0.000000s ]
ERR: 无法加载控制器:Home
NOTIC: [2] include(): Filename cannot be empty E:\code\subject\ThinkPHP\Library\Think\Think.class.php 第 347 行.
NOTIC: [2] include(): Failed opening '' for inclusion (include_path='.;C:\php\pear') E:\code\subject\ThinkPHP\Library\Think\Think.class.php 第 347 行.

[ 2019-06-26T14:13:02+08:00 ] 127.0.0.1 /Public/home/css/bootstrap.css.map
INFO: [ app_init ] --START--
INFO: Run Behavior\BuildLiteBehavior [ RunTime:0.000000s ]
INFO: [ app_init ] --END-- [ RunTime:0.001000s ]
INFO: [ app_begin ] --START--
INFO: Run Behavior\ReadHtmlCacheBehavior [ RunTime:0.001000s ]
INFO: [ app_begin ] --END-- [ RunTime:0.001000s ]
ERR: 无法加载控制器:Home
NOTIC: [2] include(): Filename cannot be empty E:\code\subject\ThinkPHP\Library\Think\Think.class.php 第 347 行.
NOTIC: [2] include(): Failed opening '' for inclusion (include_path='.;C:\php\pear') E:\code\subject\ThinkPHP\Library\Think\Think.class.php 第 347 行.

[ 2019-06-26T14:13:14+08:00 ] 127.0.0.1 /Public/home/css/bootstrap.css.map
INFO: [ app_init ] --START--
INFO: Run Behavior\BuildLiteBehavior [ RunTime:0.000000s ]
INFO: [ app_init ] --END-- [ RunTime:0.001000s ]
INFO: [ app_begin ] --START--
INFO: Run Behavior\ReadHtmlCacheBehavior [ RunTime:0.001000s ]
INFO: [ app_begin ] --END-- [ RunTime:0.001000s ]
ERR: 无法加载控制器:Home
NOTIC: [2] include(): Filename cannot be empty E:\code\subject\ThinkPHP\Library\Think\Think.class.php 第 347 行.
NOTIC: [2] include(): Failed opening '' for inclusion (include_path='.;C:\php\pear') E:\code\subject\ThinkPHP\Library\Think\Think.class.php 第 347 行.

[ 2019-06-26T14:13:32+08:00 ] 127.0.0.1 /Public/home/css/bootstrap.css.map
INFO: [ app_init ] --START--
INFO: Run Behavior\BuildLiteBehavior [ RunTime:0.000000s ]
INFO: [ app_init ] --END-- [ RunTime:0.001000s ]
INFO: [ app_begin ] --START--
INFO: Run Behavior\ReadHtmlCacheBehavior [ RunTime:0.001000s ]
INFO: [ app_begin ] --END-- [ RunTime:0.001000s ]
ERR: 无法加载控制器:Home
NOTIC: [2] include(): Filename cannot be empty E:\code\subject\ThinkPHP\Library\Think\Think.class.php 第 347 行.
NOTIC: [2] include(): Failed opening '' for inclusion (include_path='.;C:\php\pear') E:\code\subject\ThinkPHP\Library\Think\Think.class.php 第 347 行.

[ 2019-06-26T14:13:38+08:00 ] 127.0.0.1 /Public/home/css/bootstrap.css.map
INFO: [ app_init ] --START--
INFO: Run Behavior\BuildLiteBehavior [ RunTime:0.000000s ]
INFO: [ app_init ] --END-- [ RunTime:0.001000s ]
INFO: [ app_begin ] --START--
INFO: Run Behavior\ReadHtmlCacheBehavior [ RunTime:0.001000s ]
INFO: [ app_begin ] --END-- [ RunTime:0.001000s ]
ERR: 无法加载控制器:Home
NOTIC: [2] include(): Filename cannot be empty E:\code\subject\ThinkPHP\Library\Think\Think.class.php 第 347 行.
NOTIC: [2] include(): Failed opening '' for inclusion (include_path='.;C:\php\pear') E:\code\subject\ThinkPHP\Library\Think\Think.class.php 第 347 行.

[ 2019-06-26T14:13:43+08:00 ] 127.0.0.1 /Public/home/css/bootstrap.css.map
INFO: [ app_init ] --START--
INFO: Run Behavior\BuildLiteBehavior [ RunTime:0.000000s ]
INFO: [ app_init ] --END-- [ RunTime:0.000000s ]
INFO: [ app_begin ] --START--
INFO: Run Behavior\ReadHtmlCacheBehavior [ RunTime:0.001001s ]
INFO: [ app_begin ] --END-- [ RunTime:0.001001s ]
ERR: 无法加载控制器:Home
NOTIC: [2] include(): Filename cannot be empty E:\code\subject\ThinkPHP\Library\Think\Think.class.php 第 347 行.
NOTIC: [2] include(): Failed opening '' for inclusion (include_path='.;C:\php\pear') E:\code\subject\ThinkPHP\Library\Think\Think.class.php 第 347 行.

[ 2019-06-26T14:14:14+08:00 ] 127.0.0.1 /Public/home/css/bootstrap.css.map
INFO: [ app_init ] --START--
INFO: Run Behavior\BuildLiteBehavior [ RunTime:0.000000s ]
INFO: [ app_init ] --END-- [ RunTime:0.001000s ]
INFO: [ app_begin ] --START--
INFO: Run Behavior\ReadHtmlCacheBehavior [ RunTime:0.001001s ]
INFO: [ app_begin ] --END-- [ RunTime:0.001001s ]
ERR: 无法加载控制器:Home
NOTIC: [2] include(): Filename cannot be empty E:\code\subject\ThinkPHP\Library\Think\Think.class.php 第 347 行.
NOTIC: [2] include(): Failed opening '' for inclusion (include_path='.;C:\php\pear') E:\code\subject\ThinkPHP\Library\Think\Think.class.php 第 347 行.

[ 2019-06-26T14:15:34+08:00 ] 127.0.0.1 /Public/home/css/bootstrap.css.map
INFO: [ app_init ] --START--
INFO: Run Behavior\BuildLiteBehavior [ RunTime:0.000000s ]
INFO: [ app_init ] --END-- [ RunTime:0.001000s ]
INFO: [ app_begin ] --START--
INFO: Run Behavior\ReadHtmlCacheBehavior [ RunTime:0.001000s ]
INFO: [ app_begin ] --END-- [ RunTime:0.001000s ]
ERR: 无法加载控制器:Home
NOTIC: [2] include(): Filename cannot be empty E:\code\subject\ThinkPHP\Library\Think\Think.class.php 第 347 行.
NOTIC: [2] include(): Failed opening '' for inclusion (include_path='.;C:\php\pear') E:\code\subject\ThinkPHP\Library\Think\Think.class.php 第 347 行.

[ 2019-06-26T14:15:39+08:00 ] 127.0.0.1 /Public/home/css/bootstrap.css.map
INFO: [ app_init ] --START--
INFO: Run Behavior\BuildLiteBehavior [ RunTime:0.000000s ]
INFO: [ app_init ] --END-- [ RunTime:0.001000s ]
INFO: [ app_begin ] --START--
INFO: Run Behavior\ReadHtmlCacheBehavior [ RunTime:0.001001s ]
INFO: [ app_begin ] --END-- [ RunTime:0.001001s ]
ERR: 无法加载控制器:Home
NOTIC: [2] include(): Filename cannot be empty E:\code\subject\ThinkPHP\Library\Think\Think.class.php 第 347 行.
NOTIC: [2] include(): Failed opening '' for inclusion (include_path='.;C:\php\pear') E:\code\subject\ThinkPHP\Library\Think\Think.class.php 第 347 行.

[ 2019-06-26T14:15:42+08:00 ] 127.0.0.1 /Public/home/css/bootstrap.css.map
INFO: [ app_init ] --START--
INFO: Run Behavior\BuildLiteBehavior [ RunTime:0.000000s ]
INFO: [ app_init ] --END-- [ RunTime:0.000000s ]
INFO: [ app_begin ] --START--
INFO: Run Behavior\ReadHtmlCacheBehavior [ RunTime:0.001000s ]
INFO: [ app_begin ] --END-- [ RunTime:0.001000s ]
ERR: 无法加载控制器:Home
NOTIC: [2] include(): Filename cannot be empty E:\code\subject\ThinkPHP\Library\Think\Think.class.php 第 347 行.
NOTIC: [2] include(): Failed opening '' for inclusion (include_path='.;C:\php\pear') E:\code\subject\ThinkPHP\Library\Think\Think.class.php 第 347 行.

[ 2019-06-26T14:15:51+08:00 ] 127.0.0.1 /Public/home/css/bootstrap.css.map
INFO: [ app_init ] --START--
INFO: Run Behavior\BuildLiteBehavior [ RunTime:0.000000s ]
INFO: [ app_init ] --END-- [ RunTime:0.001000s ]
INFO: [ app_begin ] --START--
INFO: Run Behavior\ReadHtmlCacheBehavior [ RunTime:0.001000s ]
INFO: [ app_begin ] --END-- [ RunTime:0.001000s ]
ERR: 无法加载控制器:Home
NOTIC: [2] include(): Filename cannot be empty E:\code\subject\ThinkPHP\Library\Think\Think.class.php 第 347 行.
NOTIC: [2] include(): Failed opening '' for inclusion (include_path='.;C:\php\pear') E:\code\subject\ThinkPHP\Library\Think\Think.class.php 第 347 行.

[ 2019-06-26T14:19:16+08:00 ] 127.0.0.1 /Public/home/css/bootstrap.css.map
INFO: [ app_init ] --START--
INFO: Run Behavior\BuildLiteBehavior [ RunTime:0.000000s ]
INFO: [ app_init ] --END-- [ RunTime:0.000000s ]
INFO: [ app_begin ] --START--
INFO: Run Behavior\ReadHtmlCacheBehavior [ RunTime:0.001000s ]
INFO: [ app_begin ] --END-- [ RunTime:0.001000s ]
ERR: 无法加载控制器:Home
NOTIC: [2] include(): Filename cannot be empty E:\code\subject\ThinkPHP\Library\Think\Think.class.php 第 347 行.
NOTIC: [2] include(): Failed opening '' for inclusion (include_path='.;C:\php\pear') E:\code\subject\ThinkPHP\Library\Think\Think.class.php 第 347 行.

[ 2019-06-26T14:19:47+08:00 ] 127.0.0.1 /Public/home/css/bootstrap.css.map
INFO: [ app_init ] --START--
INFO: Run Behavior\BuildLiteBehavior [ RunTime:0.000000s ]
INFO: [ app_init ] --END-- [ RunTime:0.001000s ]
INFO: [ app_begin ] --START--
INFO: Run Behavior\ReadHtmlCacheBehavior [ RunTime:0.001000s ]
INFO: [ app_begin ] --END-- [ RunTime:0.001000s ]
ERR: 无法加载控制器:Home
NOTIC: [2] include(): Filename cannot be empty E:\code\subject\ThinkPHP\Library\Think\Think.class.php 第 347 行.
NOTIC: [2] include(): Failed opening '' for inclusion (include_path='.;C:\php\pear') E:\code\subject\ThinkPHP\Library\Think\Think.class.php 第 347 行.

[ 2019-06-26T14:19:58+08:00 ] 127.0.0.1 /Public/home/css/bootstrap.css.map
INFO: [ app_init ] --START--
INFO: Run Behavior\BuildLiteBehavior [ RunTime:0.000000s ]
INFO: [ app_init ] --END-- [ RunTime:0.001000s ]
INFO: [ app_begin ] --START--
INFO: Run Behavior\ReadHtmlCacheBehavior [ RunTime:0.001000s ]
INFO: [ app_begin ] --END-- [ RunTime:0.001000s ]
ERR: 无法加载控制器:Home
NOTIC: [2] include(): Filename cannot be empty E:\code\subject\ThinkPHP\Library\Think\Think.class.php 第 347 行.
NOTIC: [2] include(): Failed opening '' for inclusion (include_path='.;C:\php\pear') E:\code\subject\ThinkPHP\Library\Think\Think.class.php 第 347 行.

[ 2019-06-26T14:21:33+08:00 ] 127.0.0.1 /Public/home/css/bootstrap.css.map
INFO: [ app_init ] --START--
INFO: Run Behavior\BuildLiteBehavior [ RunTime:0.000000s ]
INFO: [ app_init ] --END-- [ RunTime:0.001000s ]
INFO: [ app_begin ] --START--
INFO: Run Behavior\ReadHtmlCacheBehavior [ RunTime:0.000000s ]
INFO: [ app_begin ] --END-- [ RunTime:0.001000s ]
ERR: 无法加载控制器:Home
NOTIC: [2] include(): Filename cannot be empty E:\code\subject\ThinkPHP\Library\Think\Think.class.php 第 347 行.
NOTIC: [2] include(): Failed opening '' for inclusion (include_path='.;C:\php\pear') E:\code\subject\ThinkPHP\Library\Think\Think.class.php 第 347 行.

[ 2019-06-26T14:26:24+08:00 ] 127.0.0.1 /Public/home/css/bootstrap.css.map
INFO: [ app_init ] --START--
INFO: Run Behavior\BuildLiteBehavior [ RunTime:0.000000s ]
INFO: [ app_init ] --END-- [ RunTime:0.001000s ]
INFO: [ app_begin ] --START--
INFO: Run Behavior\ReadHtmlCacheBehavior [ RunTime:0.006000s ]
INFO: [ app_begin ] --END-- [ RunTime:0.006000s ]
ERR: 无法加载控制器:Home
NOTIC: [2] include(): Filename cannot be empty E:\code\subject\ThinkPHP\Library\Think\Think.class.php 第 347 行.
NOTIC: [2] include(): Failed opening '' for inclusion (include_path='.;C:\php\pear') E:\code\subject\ThinkPHP\Library\Think\Think.class.php 第 347 行.

[ 2019-06-26T14:26:36+08:00 ] 127.0.0.1 /Public/home/css/bootstrap.css.map
INFO: [ app_init ] --START--
INFO: Run Behavior\BuildLiteBehavior [ RunTime:0.000000s ]
INFO: [ app_init ] --END-- [ RunTime:0.001000s ]
INFO: [ app_begin ] --START--
INFO: Run Behavior\ReadHtmlCacheBehavior [ RunTime:0.001000s ]
INFO: [ app_begin ] --END-- [ RunTime:0.001000s ]
ERR: 无法加载控制器:Home
NOTIC: [2] include(): Filename cannot be empty E:\code\subject\ThinkPHP\Library\Think\Think.class.php 第 347 行.
NOTIC: [2] include(): Failed opening '' for inclusion (include_path='.;C:\php\pear') E:\code\subject\ThinkPHP\Library\Think\Think.class.php 第 347 行.

[ 2019-06-26T14:26:54+08:00 ] 127.0.0.1 /Public/home/css/bootstrap.css.map
INFO: [ app_init ] --START--
INFO: Run Behavior\BuildLiteBehavior [ RunTime:0.000000s ]
INFO: [ app_init ] --END-- [ RunTime:0.001000s ]
INFO: [ app_begin ] --START--
INFO: Run Behavior\ReadHtmlCacheBehavior [ RunTime:0.002000s ]
INFO: [ app_begin ] --END-- [ RunTime:0.002000s ]
ERR: 无法加载控制器:Home
NOTIC: [2] include(): Filename cannot be empty E:\code\subject\ThinkPHP\Library\Think\Think.class.php 第 347 行.
NOTIC: [2] include(): Failed opening '' for inclusion (include_path='.;C:\php\pear') E:\code\subject\ThinkPHP\Library\Think\Think.class.php 第 347 行.

[ 2019-06-26T14:30:59+08:00 ] 127.0.0.1 /Public/home/css/bootstrap.css.map
INFO: [ app_init ] --START--
INFO: Run Behavior\BuildLiteBehavior [ RunTime:0.000000s ]
INFO: [ app_init ] --END-- [ RunTime:0.001000s ]
INFO: [ app_begin ] --START--
INFO: Run Behavior\ReadHtmlCacheBehavior [ RunTime:0.001000s ]
INFO: [ app_begin ] --END-- [ RunTime:0.001000s ]
ERR: 无法加载控制器:Home
NOTIC: [2] include(): Filename cannot be empty E:\code\subject\ThinkPHP\Library\Think\Think.class.php 第 347 行.
NOTIC: [2] include(): Failed opening '' for inclusion (include_path='.;C:\php\pear') E:\code\subject\ThinkPHP\Library\Think\Think.class.php 第 347 行.

[ 2019-06-26T14:35:16+08:00 ] 127.0.0.1 /Public/home/css/bootstrap.css.map
INFO: [ app_init ] --START--
INFO: Run Behavior\BuildLiteBehavior [ RunTime:0.000000s ]
INFO: [ app_init ] --END-- [ RunTime:0.001000s ]
INFO: [ app_begin ] --START--
INFO: Run Behavior\ReadHtmlCacheBehavior [ RunTime:0.001000s ]
INFO: [ app_begin ] --END-- [ RunTime:0.001000s ]
ERR: 无法加载控制器:Home
NOTIC: [2] include(): Filename cannot be empty E:\code\subject\ThinkPHP\Library\Think\Think.class.php 第 347 行.
NOTIC: [2] include(): Failed opening '' for inclusion (include_path='.;C:\php\pear') E:\code\subject\ThinkPHP\Library\Think\Think.class.php 第 347 行.

[ 2019-06-26T14:35:34+08:00 ] 127.0.0.1 /Public/home/css/bootstrap.css.map
INFO: [ app_init ] --START--
INFO: Run Behavior\BuildLiteBehavior [ RunTime:0.000000s ]
INFO: [ app_init ] --END-- [ RunTime:0.001000s ]
INFO: [ app_begin ] --START--
INFO: Run Behavior\ReadHtmlCacheBehavior [ RunTime:0.001000s ]
INFO: [ app_begin ] --END-- [ RunTime:0.001000s ]
ERR: 无法加载控制器:Home
NOTIC: [2] include(): Filename cannot be empty E:\code\subject\ThinkPHP\Library\Think\Think.class.php 第 347 行.
NOTIC: [2] include(): Failed opening '' for inclusion (include_path='.;C:\php\pear') E:\code\subject\ThinkPHP\Library\Think\Think.class.php 第 347 行.

[ 2019-06-26T14:35:38+08:00 ] 127.0.0.1 /Public/home/css/bootstrap.css.map
INFO: [ app_init ] --START--
INFO: Run Behavior\BuildLiteBehavior [ RunTime:0.000000s ]
INFO: [ app_init ] --END-- [ RunTime:0.000000s ]
INFO: [ app_begin ] --START--
INFO: Run Behavior\ReadHtmlCacheBehavior [ RunTime:0.005000s ]
INFO: [ app_begin ] --END-- [ RunTime:0.005000s ]
ERR: 无法加载控制器:Home
NOTIC: [2] include(): Filename cannot be empty E:\code\subject\ThinkPHP\Library\Think\Think.class.php 第 347 行.
NOTIC: [2] include(): Failed opening '' for inclusion (include_path='.;C:\php\pear') E:\code\subject\ThinkPHP\Library\Think\Think.class.php 第 347 行.

[ 2019-06-26T14:35:43+08:00 ] 127.0.0.1 /Public/home/css/bootstrap.css.map
INFO: [ app_init ] --START--
INFO: Run Behavior\BuildLiteBehavior [ RunTime:0.000000s ]
INFO: [ app_init ] --END-- [ RunTime:0.001000s ]
INFO: [ app_begin ] --START--
INFO: Run Behavior\ReadHtmlCacheBehavior [ RunTime:0.000000s ]
INFO: [ app_begin ] --END-- [ RunTime:0.001000s ]
ERR: 无法加载控制器:Home
NOTIC: [2] include(): Filename cannot be empty E:\code\subject\ThinkPHP\Library\Think\Think.class.php 第 347 行.
NOTIC: [2] include(): Failed opening '' for inclusion (include_path='.;C:\php\pear') E:\code\subject\ThinkPHP\Library\Think\Think.class.php 第 347 行.

[ 2019-06-26T14:38:24+08:00 ] 127.0.0.1 /Public/home/css/bootstrap.css.map
INFO: [ app_init ] --START--
INFO: Run Behavior\BuildLiteBehavior [ RunTime:0.000000s ]
INFO: [ app_init ] --END-- [ RunTime:0.001000s ]
INFO: [ app_begin ] --START--
INFO: Run Behavior\ReadHtmlCacheBehavior [ RunTime:0.002000s ]
INFO: [ app_begin ] --END-- [ RunTime:0.002000s ]
ERR: 无法加载控制器:Home
NOTIC: [2] include(): Filename cannot be empty E:\code\subject\ThinkPHP\Library\Think\Think.class.php 第 347 行.
NOTIC: [2] include(): Failed opening '' for inclusion (include_path='.;C:\php\pear') E:\code\subject\ThinkPHP\Library\Think\Think.class.php 第 347 行.

[ 2019-06-26T14:42:10+08:00 ] 127.0.0.1 /Public/home/css/bootstrap.css.map
INFO: [ app_init ] --START--
INFO: Run Behavior\BuildLiteBehavior [ RunTime:0.000000s ]
INFO: [ app_init ] --END-- [ RunTime:0.000000s ]
INFO: [ app_begin ] --START--
INFO: Run Behavior\ReadHtmlCacheBehavior [ RunTime:0.001000s ]
INFO: [ app_begin ] --END-- [ RunTime:0.001000s ]
ERR: 无法加载控制器:Home
NOTIC: [2] include(): Filename cannot be empty E:\code\subject\ThinkPHP\Library\Think\Think.class.php 第 347 行.
NOTIC: [2] include(): Failed opening '' for inclusion (include_path='.;C:\php\pear') E:\code\subject\ThinkPHP\Library\Think\Think.class.php 第 347 行.

[ 2019-06-26T14:42:12+08:00 ] 127.0.0.1 /Public/home/css/bootstrap.css.map
INFO: [ app_init ] --START--
INFO: Run Behavior\BuildLiteBehavior [ RunTime:0.000000s ]
INFO: [ app_init ] --END-- [ RunTime:0.000000s ]
INFO: [ app_begin ] --START--
INFO: Run Behavior\ReadHtmlCacheBehavior [ RunTime:0.001000s ]
INFO: [ app_begin ] --END-- [ RunTime:0.001000s ]
ERR: 无法加载控制器:Home
NOTIC: [2] include(): Filename cannot be empty E:\code\subject\ThinkPHP\Library\Think\Think.class.php 第 347 行.
NOTIC: [2] include(): Failed opening '' for inclusion (include_path='.;C:\php\pear') E:\code\subject\ThinkPHP\Library\Think\Think.class.php 第 347 行.

[ 2019-06-26T14:42:13+08:00 ] 127.0.0.1 /Public/home/css/bootstrap.css.map
INFO: [ app_init ] --START--
INFO: Run Behavior\BuildLiteBehavior [ RunTime:0.000000s ]
INFO: [ app_init ] --END-- [ RunTime:0.001000s ]
INFO: [ app_begin ] --START--
INFO: Run Behavior\ReadHtmlCacheBehavior [ RunTime:0.000000s ]
INFO: [ app_begin ] --END-- [ RunTime:0.001000s ]
ERR: 无法加载控制器:Home
NOTIC: [2] include(): Filename cannot be empty E:\code\subject\ThinkPHP\Library\Think\Think.class.php 第 347 行.
NOTIC: [2] include(): Failed opening '' for inclusion (include_path='.;C:\php\pear') E:\code\subject\ThinkPHP\Library\Think\Think.class.php 第 347 行.

[ 2019-06-26T14:42:15+08:00 ] 127.0.0.1 /Public/home/css/bootstrap.css.map
INFO: [ app_init ] --START--
INFO: Run Behavior\BuildLiteBehavior [ RunTime:0.000000s ]
INFO: [ app_init ] --END-- [ RunTime:0.001000s ]
INFO: [ app_begin ] --START--
INFO: Run Behavior\ReadHtmlCacheBehavior [ RunTime:0.001000s ]
INFO: [ app_begin ] --END-- [ RunTime:0.001000s ]
ERR: 无法加载控制器:Home
NOTIC: [2] include(): Filename cannot be empty E:\code\subject\ThinkPHP\Library\Think\Think.class.php 第 347 行.
NOTIC: [2] include(): Failed opening '' for inclusion (include_path='.;C:\php\pear') E:\code\subject\ThinkPHP\Library\Think\Think.class.php 第 347 行.

[ 2019-06-26T14:42:16+08:00 ] 127.0.0.1 /Public/home/css/bootstrap.css.map
INFO: [ app_init ] --START--
INFO: Run Behavior\BuildLiteBehavior [ RunTime:0.000000s ]
INFO: [ app_init ] --END-- [ RunTime:0.000000s ]
INFO: [ app_begin ] --START--
INFO: Run Behavior\ReadHtmlCacheBehavior [ RunTime:0.001000s ]
INFO: [ app_begin ] --END-- [ RunTime:0.001000s ]
ERR: 无法加载控制器:Home
NOTIC: [2] include(): Filename cannot be empty E:\code\subject\ThinkPHP\Library\Think\Think.class.php 第 347 行.
NOTIC: [2] include(): Failed opening '' for inclusion (include_path='.;C:\php\pear') E:\code\subject\ThinkPHP\Library\Think\Think.class.php 第 347 行.

[ 2019-06-26T14:42:18+08:00 ] 127.0.0.1 /Public/home/css/bootstrap.css.map
INFO: [ app_init ] --START--
INFO: Run Behavior\BuildLiteBehavior [ RunTime:0.000000s ]
INFO: [ app_init ] --END-- [ RunTime:0.000000s ]
INFO: [ app_begin ] --START--
INFO: Run Behavior\ReadHtmlCacheBehavior [ RunTime:0.001000s ]
INFO: [ app_begin ] --END-- [ RunTime:0.001000s ]
ERR: 无法加载控制器:Home
NOTIC: [2] include(): Filename cannot be empty E:\code\subject\ThinkPHP\Library\Think\Think.class.php 第 347 行.
NOTIC: [2] include(): Failed opening '' for inclusion (include_path='.;C:\php\pear') E:\code\subject\ThinkPHP\Library\Think\Think.class.php 第 347 行.

[ 2019-06-26T14:42:19+08:00 ] 127.0.0.1 /Public/home/css/bootstrap.css.map
INFO: [ app_init ] --START--
INFO: Run Behavior\BuildLiteBehavior [ RunTime:0.000000s ]
INFO: [ app_init ] --END-- [ RunTime:0.000000s ]
INFO: [ app_begin ] --START--
INFO: Run Behavior\ReadHtmlCacheBehavior [ RunTime:0.001000s ]
INFO: [ app_begin ] --END-- [ RunTime:0.001000s ]
ERR: 无法加载控制器:Home
NOTIC: [2] include(): Filename cannot be empty E:\code\subject\ThinkPHP\Library\Think\Think.class.php 第 347 行.
NOTIC: [2] include(): Failed opening '' for inclusion (include_path='.;C:\php\pear') E:\code\subject\ThinkPHP\Library\Think\Think.class.php 第 347 行.

[ 2019-06-26T14:42:24+08:00 ] 127.0.0.1 /Public/home/css/bootstrap.css.map
INFO: [ app_init ] --START--
INFO: Run Behavior\BuildLiteBehavior [ RunTime:0.000000s ]
INFO: [ app_init ] --END-- [ RunTime:0.001000s ]
INFO: [ app_begin ] --START--
INFO: Run Behavior\ReadHtmlCacheBehavior [ RunTime:0.002000s ]
INFO: [ app_begin ] --END-- [ RunTime:0.002000s ]
ERR: 无法加载控制器:Home
NOTIC: [2] include(): Filename cannot be empty E:\code\subject\ThinkPHP\Library\Think\Think.class.php 第 347 行.
NOTIC: [2] include(): Failed opening '' for inclusion (include_path='.;C:\php\pear') E:\code\subject\ThinkPHP\Library\Think\Think.class.php 第 347 行.

[ 2019-06-26T14:42:51+08:00 ] 127.0.0.1 /Public/home/css/bootstrap.css.map
INFO: [ app_init ] --START--
INFO: Run Behavior\BuildLiteBehavior [ RunTime:0.000000s ]
INFO: [ app_init ] --END-- [ RunTime:0.000000s ]
INFO: [ app_begin ] --START--
INFO: Run Behavior\ReadHtmlCacheBehavior [ RunTime:0.001000s ]
INFO: [ app_begin ] --END-- [ RunTime:0.001000s ]
ERR: 无法加载控制器:Home
NOTIC: [2] include(): Filename cannot be empty E:\code\subject\ThinkPHP\Library\Think\Think.class.php 第 347 行.
NOTIC: [2] include(): Failed opening '' for inclusion (include_path='.;C:\php\pear') E:\code\subject\ThinkPHP\Library\Think\Think.class.php 第 347 行.

[ 2019-06-26T14:43:45+08:00 ] 127.0.0.1 /Public/home/css/bootstrap.css.map
INFO: [ app_init ] --START--
INFO: Run Behavior\BuildLiteBehavior [ RunTime:0.000000s ]
INFO: [ app_init ] --END-- [ RunTime:0.000000s ]
INFO: [ app_begin ] --START--
INFO: Run Behavior\ReadHtmlCacheBehavior [ RunTime:0.000000s ]
INFO: [ app_begin ] --END-- [ RunTime:0.001000s ]
ERR: 无法加载控制器:Home
NOTIC: [2] include(): Filename cannot be empty E:\code\subject\ThinkPHP\Library\Think\Think.class.php 第 347 行.
NOTIC: [2] include(): Failed opening '' for inclusion (include_path='.;C:\php\pear') E:\code\subject\ThinkPHP\Library\Think\Think.class.php 第 347 行.

[ 2019-06-26T14:43:47+08:00 ] 127.0.0.1 /Public/home/css/bootstrap.css.map
INFO: [ app_init ] --START--
INFO: Run Behavior\BuildLiteBehavior [ RunTime:0.000000s ]
INFO: [ app_init ] --END-- [ RunTime:0.001000s ]
INFO: [ app_begin ] --START--
INFO: Run Behavior\ReadHtmlCacheBehavior [ RunTime:0.001001s ]
INFO: [ app_begin ] --END-- [ RunTime:0.001001s ]
ERR: 无法加载控制器:Home
NOTIC: [2] include(): Filename cannot be empty E:\code\subject\ThinkPHP\Library\Think\Think.class.php 第 347 行.
NOTIC: [2] include(): Failed opening '' for inclusion (include_path='.;C:\php\pear') E:\code\subject\ThinkPHP\Library\Think\Think.class.php 第 347 行.

[ 2019-06-26T14:43:48+08:00 ] 127.0.0.1 /Public/home/css/bootstrap.css.map
INFO: [ app_init ] --START--
INFO: Run Behavior\BuildLiteBehavior [ RunTime:0.000000s ]
INFO: [ app_init ] --END-- [ RunTime:0.001000s ]
INFO: [ app_begin ] --START--
INFO: Run Behavior\ReadHtmlCacheBehavior [ RunTime:0.001001s ]
INFO: [ app_begin ] --END-- [ RunTime:0.001001s ]
ERR: 无法加载控制器:Home
NOTIC: [2] include(): Filename cannot be empty E:\code\subject\ThinkPHP\Library\Think\Think.class.php 第 347 行.
NOTIC: [2] include(): Failed opening '' for inclusion (include_path='.;C:\php\pear') E:\code\subject\ThinkPHP\Library\Think\Think.class.php 第 347 行.

[ 2019-06-26T14:43:49+08:00 ] 127.0.0.1 /Public/home/css/bootstrap.css.map
INFO: [ app_init ] --START--
INFO: Run Behavior\BuildLiteBehavior [ RunTime:0.000000s ]
INFO: [ app_init ] --END-- [ RunTime:0.001000s ]
INFO: [ app_begin ] --START--
INFO: Run Behavior\ReadHtmlCacheBehavior [ RunTime:0.003000s ]
INFO: [ app_begin ] --END-- [ RunTime:0.003000s ]
ERR: 无法加载控制器:Home
NOTIC: [2] include(): Filename cannot be empty E:\code\subject\ThinkPHP\Library\Think\Think.class.php 第 347 行.
NOTIC: [2] include(): Failed opening '' for inclusion (include_path='.;C:\php\pear') E:\code\subject\ThinkPHP\Library\Think\Think.class.php 第 347 行.

[ 2019-06-26T14:43:50+08:00 ] 127.0.0.1 /Public/home/css/bootstrap.css.map
INFO: [ app_init ] --START--
INFO: Run Behavior\BuildLiteBehavior [ RunTime:0.000000s ]
INFO: [ app_init ] --END-- [ RunTime:0.000000s ]
INFO: [ app_begin ] --START--
INFO: Run Behavior\ReadHtmlCacheBehavior [ RunTime:0.001000s ]
INFO: [ app_begin ] --END-- [ RunTime:0.001000s ]
ERR: 无法加载控制器:Home
NOTIC: [2] include(): Filename cannot be empty E:\code\subject\ThinkPHP\Library\Think\Think.class.php 第 347 行.
NOTIC: [2] include(): Failed opening '' for inclusion (include_path='.;C:\php\pear') E:\code\subject\ThinkPHP\Library\Think\Think.class.php 第 347 行.

[ 2019-06-26T14:43:52+08:00 ] 127.0.0.1 /Public/home/css/bootstrap.css.map
INFO: [ app_init ] --START--
INFO: Run Behavior\BuildLiteBehavior [ RunTime:0.000000s ]
INFO: [ app_init ] --END-- [ RunTime:0.001000s ]
INFO: [ app_begin ] --START--
INFO: Run Behavior\ReadHtmlCacheBehavior [ RunTime:0.000000s ]
INFO: [ app_begin ] --END-- [ RunTime:0.000000s ]
ERR: 无法加载控制器:Home
NOTIC: [2] include(): Filename cannot be empty E:\code\subject\ThinkPHP\Library\Think\Think.class.php 第 347 行.
NOTIC: [2] include(): Failed opening '' for inclusion (include_path='.;C:\php\pear') E:\code\subject\ThinkPHP\Library\Think\Think.class.php 第 347 行.

[ 2019-06-26T14:43:53+08:00 ] 127.0.0.1 /Public/home/css/bootstrap.css.map
INFO: [ app_init ] --START--
INFO: Run Behavior\BuildLiteBehavior [ RunTime:0.000000s ]
INFO: [ app_init ] --END-- [ RunTime:0.001000s ]
INFO: [ app_begin ] --START--
INFO: Run Behavior\ReadHtmlCacheBehavior [ RunTime:0.001000s ]
INFO: [ app_begin ] --END-- [ RunTime:0.001000s ]
ERR: 无法加载控制器:Home
NOTIC: [2] include(): Filename cannot be empty E:\code\subject\ThinkPHP\Library\Think\Think.class.php 第 347 行.
NOTIC: [2] include(): Failed opening '' for inclusion (include_path='.;C:\php\pear') E:\code\subject\ThinkPHP\Library\Think\Think.class.php 第 347 行.

[ 2019-06-26T14:44:43+08:00 ] 127.0.0.1 /Public/home/css/bootstrap.css.map
INFO: [ app_init ] --START--
INFO: Run Behavior\BuildLiteBehavior [ RunTime:0.000000s ]
INFO: [ app_init ] --END-- [ RunTime:0.000000s ]
INFO: [ app_begin ] --START--
INFO: Run Behavior\ReadHtmlCacheBehavior [ RunTime:0.001000s ]
INFO: [ app_begin ] --END-- [ RunTime:0.001000s ]
ERR: 无法加载控制器:Home
NOTIC: [2] include(): Filename cannot be empty E:\code\subject\ThinkPHP\Library\Think\Think.class.php 第 347 行.
NOTIC: [2] include(): Failed opening '' for inclusion (include_path='.;C:\php\pear') E:\code\subject\ThinkPHP\Library\Think\Think.class.php 第 347 行.

[ 2019-06-26T14:44:46+08:00 ] 127.0.0.1 /Public/home/css/bootstrap.css.map
INFO: [ app_init ] --START--
INFO: Run Behavior\BuildLiteBehavior [ RunTime:0.000000s ]
INFO: [ app_init ] --END-- [ RunTime:0.001000s ]
INFO: [ app_begin ] --START--
INFO: Run Behavior\ReadHtmlCacheBehavior [ RunTime:0.001000s ]
INFO: [ app_begin ] --END-- [ RunTime:0.001000s ]
ERR: 无法加载控制器:Home
NOTIC: [2] include(): Filename cannot be empty E:\code\subject\ThinkPHP\Library\Think\Think.class.php 第 347 行.
NOTIC: [2] include(): Failed opening '' for inclusion (include_path='.;C:\php\pear') E:\code\subject\ThinkPHP\Library\Think\Think.class.php 第 347 行.

[ 2019-06-26T14:44:48+08:00 ] 127.0.0.1 /Public/home/css/bootstrap.css.map
INFO: [ app_init ] --START--
INFO: Run Behavior\BuildLiteBehavior [ RunTime:0.000000s ]
INFO: [ app_init ] --END-- [ RunTime:0.001000s ]
INFO: [ app_begin ] --START--
INFO: Run Behavior\ReadHtmlCacheBehavior [ RunTime:0.011000s ]
INFO: [ app_begin ] --END-- [ RunTime:0.011000s ]
ERR: 无法加载控制器:Home
NOTIC: [2] include(): Filename cannot be empty E:\code\subject\ThinkPHP\Library\Think\Think.class.php 第 347 行.
NOTIC: [2] include(): Failed opening '' for inclusion (include_path='.;C:\php\pear') E:\code\subject\ThinkPHP\Library\Think\Think.class.php 第 347 行.

[ 2019-06-26T14:44:50+08:00 ] 127.0.0.1 /Public/home/css/bootstrap.css.map
INFO: [ app_init ] --START--
INFO: Run Behavior\BuildLiteBehavior [ RunTime:0.000000s ]
INFO: [ app_init ] --END-- [ RunTime:0.001000s ]
INFO: [ app_begin ] --START--
INFO: Run Behavior\ReadHtmlCacheBehavior [ RunTime:0.001000s ]
INFO: [ app_begin ] --END-- [ RunTime:0.001000s ]
ERR: 无法加载控制器:Home
NOTIC: [2] include(): Filename cannot be empty E:\code\subject\ThinkPHP\Library\Think\Think.class.php 第 347 行.
NOTIC: [2] include(): Failed opening '' for inclusion (include_path='.;C:\php\pear') E:\code\subject\ThinkPHP\Library\Think\Think.class.php 第 347 行.

[ 2019-06-26T14:44:53+08:00 ] 127.0.0.1 /Public/home/css/bootstrap.css.map
INFO: [ app_init ] --START--
INFO: Run Behavior\BuildLiteBehavior [ RunTime:0.000000s ]
INFO: [ app_init ] --END-- [ RunTime:0.001000s ]
INFO: [ app_begin ] --START--
INFO: Run Behavior\ReadHtmlCacheBehavior [ RunTime:0.001000s ]
INFO: [ app_begin ] --END-- [ RunTime:0.002000s ]
ERR: 无法加载控制器:Home
NOTIC: [2] include(): Filename cannot be empty E:\code\subject\ThinkPHP\Library\Think\Think.class.php 第 347 行.
NOTIC: [2] include(): Failed opening '' for inclusion (include_path='.;C:\php\pear') E:\code\subject\ThinkPHP\Library\Think\Think.class.php 第 347 行.

[ 2019-06-26T14:44:56+08:00 ] 127.0.0.1 /Public/home/css/bootstrap.css.map
INFO: [ app_init ] --START--
INFO: Run Behavior\BuildLiteBehavior [ RunTime:0.000000s ]
INFO: [ app_init ] --END-- [ RunTime:0.001000s ]
INFO: [ app_begin ] --START--
INFO: Run Behavior\ReadHtmlCacheBehavior [ RunTime:0.001000s ]
INFO: [ app_begin ] --END-- [ RunTime:0.001000s ]
ERR: 无法加载控制器:Home
NOTIC: [2] include(): Filename cannot be empty E:\code\subject\ThinkPHP\Library\Think\Think.class.php 第 347 行.
NOTIC: [2] include(): Failed opening '' for inclusion (include_path='.;C:\php\pear') E:\code\subject\ThinkPHP\Library\Think\Think.class.php 第 347 行.

[ 2019-06-26T14:45:06+08:00 ] 127.0.0.1 /Public/home/css/bootstrap.css.map
INFO: [ app_init ] --START--
INFO: Run Behavior\BuildLiteBehavior [ RunTime:0.000000s ]
INFO: [ app_init ] --END-- [ RunTime:0.001000s ]
INFO: [ app_begin ] --START--
INFO: Run Behavior\ReadHtmlCacheBehavior [ RunTime:0.001000s ]
INFO: [ app_begin ] --END-- [ RunTime:0.001000s ]
ERR: 无法加载控制器:Home
NOTIC: [2] include(): Filename cannot be empty E:\code\subject\ThinkPHP\Library\Think\Think.class.php 第 347 行.
NOTIC: [2] include(): Failed opening '' for inclusion (include_path='.;C:\php\pear') E:\code\subject\ThinkPHP\Library\Think\Think.class.php 第 347 行.

[ 2019-06-26T14:45:08+08:00 ] 127.0.0.1 /Public/home/css/bootstrap.css.map
INFO: [ app_init ] --START--
INFO: Run Behavior\BuildLiteBehavior [ RunTime:0.000000s ]
INFO: [ app_init ] --END-- [ RunTime:0.000000s ]
INFO: [ app_begin ] --START--
INFO: Run Behavior\ReadHtmlCacheBehavior [ RunTime:0.001000s ]
INFO: [ app_begin ] --END-- [ RunTime:0.001000s ]
ERR: 无法加载控制器:Home
NOTIC: [2] include(): Filename cannot be empty E:\code\subject\ThinkPHP\Library\Think\Think.class.php 第 347 行.
NOTIC: [2] include(): Failed opening '' for inclusion (include_path='.;C:\php\pear') E:\code\subject\ThinkPHP\Library\Think\Think.class.php 第 347 行.

[ 2019-06-26T14:45:10+08:00 ] 127.0.0.1 /Public/home/css/bootstrap.css.map
INFO: [ app_init ] --START--
INFO: Run Behavior\BuildLiteBehavior [ RunTime:0.000000s ]
INFO: [ app_init ] --END-- [ RunTime:0.001000s ]
INFO: [ app_begin ] --START--
INFO: Run Behavior\ReadHtmlCacheBehavior [ RunTime:0.001000s ]
INFO: [ app_begin ] --END-- [ RunTime:0.001000s ]
ERR: 无法加载控制器:Home
NOTIC: [2] include(): Filename cannot be empty E:\code\subject\ThinkPHP\Library\Think\Think.class.php 第 347 行.
NOTIC: [2] include(): Failed opening '' for inclusion (include_path='.;C:\php\pear') E:\code\subject\ThinkPHP\Library\Think\Think.class.php 第 347 行.

[ 2019-06-26T14:48:39+08:00 ] 127.0.0.1 /Public/home/css/bootstrap.css.map
INFO: [ app_init ] --START--
INFO: Run Behavior\BuildLiteBehavior [ RunTime:0.000000s ]
INFO: [ app_init ] --END-- [ RunTime:0.001000s ]
INFO: [ app_begin ] --START--
INFO: Run Behavior\ReadHtmlCacheBehavior [ RunTime:0.001000s ]
INFO: [ app_begin ] --END-- [ RunTime:0.001000s ]
ERR: 无法加载控制器:Home
NOTIC: [2] include(): Filename cannot be empty E:\code\subject\ThinkPHP\Library\Think\Think.class.php 第 347 行.
NOTIC: [2] include(): Failed opening '' for inclusion (include_path='.;C:\php\pear') E:\code\subject\ThinkPHP\Library\Think\Think.class.php 第 347 行.

[ 2019-06-26T14:48:44+08:00 ] 127.0.0.1 /Public/home/css/bootstrap.css.map
INFO: [ app_init ] --START--
INFO: Run Behavior\BuildLiteBehavior [ RunTime:0.000000s ]
INFO: [ app_init ] --END-- [ RunTime:0.001000s ]
INFO: [ app_begin ] --START--
INFO: Run Behavior\ReadHtmlCacheBehavior [ RunTime:0.001000s ]
INFO: [ app_begin ] --END-- [ RunTime:0.001000s ]
ERR: 无法加载控制器:Home
NOTIC: [2] include(): Filename cannot be empty E:\code\subject\ThinkPHP\Library\Think\Think.class.php 第 347 行.
NOTIC: [2] include(): Failed opening '' for inclusion (include_path='.;C:\php\pear') E:\code\subject\ThinkPHP\Library\Think\Think.class.php 第 347 行.

[ 2019-06-26T14:48:46+08:00 ] 127.0.0.1 /Public/home/css/bootstrap.css.map
INFO: [ app_init ] --START--
INFO: Run Behavior\BuildLiteBehavior [ RunTime:0.000000s ]
INFO: [ app_init ] --END-- [ RunTime:0.000000s ]
INFO: [ app_begin ] --START--
INFO: Run Behavior\ReadHtmlCacheBehavior [ RunTime:0.001000s ]
INFO: [ app_begin ] --END-- [ RunTime:0.001000s ]
ERR: 无法加载控制器:Home
NOTIC: [2] include(): Filename cannot be empty E:\code\subject\ThinkPHP\Library\Think\Think.class.php 第 347 行.
NOTIC: [2] include(): Failed opening '' for inclusion (include_path='.;C:\php\pear') E:\code\subject\ThinkPHP\Library\Think\Think.class.php 第 347 行.

[ 2019-06-26T14:48:48+08:00 ] 127.0.0.1 /Public/home/css/bootstrap.css.map
INFO: [ app_init ] --START--
INFO: Run Behavior\BuildLiteBehavior [ RunTime:0.000000s ]
INFO: [ app_init ] --END-- [ RunTime:0.001000s ]
INFO: [ app_begin ] --START--
INFO: Run Behavior\ReadHtmlCacheBehavior [ RunTime:0.000000s ]
INFO: [ app_begin ] --END-- [ RunTime:0.000000s ]
ERR: 无法加载控制器:Home
NOTIC: [2] include(): Filename cannot be empty E:\code\subject\ThinkPHP\Library\Think\Think.class.php 第 347 行.
NOTIC: [2] include(): Failed opening '' for inclusion (include_path='.;C:\php\pear') E:\code\subject\ThinkPHP\Library\Think\Think.class.php 第 347 行.

[ 2019-06-26T14:48:49+08:00 ] 127.0.0.1 /Public/home/css/bootstrap.css.map
INFO: [ app_init ] --START--
INFO: Run Behavior\BuildLiteBehavior [ RunTime:0.000000s ]
INFO: [ app_init ] --END-- [ RunTime:0.001000s ]
INFO: [ app_begin ] --START--
INFO: Run Behavior\ReadHtmlCacheBehavior [ RunTime:0.001000s ]
INFO: [ app_begin ] --END-- [ RunTime:0.001000s ]
ERR: 无法加载控制器:Home
NOTIC: [2] include(): Filename cannot be empty E:\code\subject\ThinkPHP\Library\Think\Think.class.php 第 347 行.
NOTIC: [2] include(): Failed opening '' for inclusion (include_path='.;C:\php\pear') E:\code\subject\ThinkPHP\Library\Think\Think.class.php 第 347 行.

[ 2019-06-26T14:48:51+08:00 ] 127.0.0.1 /Public/home/css/bootstrap.css.map
INFO: [ app_init ] --START--
INFO: Run Behavior\BuildLiteBehavior [ RunTime:0.000000s ]
INFO: [ app_init ] --END-- [ RunTime:0.000000s ]
INFO: [ app_begin ] --START--
INFO: Run Behavior\ReadHtmlCacheBehavior [ RunTime:0.001001s ]
INFO: [ app_begin ] --END-- [ RunTime:0.001001s ]
ERR: 无法加载控制器:Home
NOTIC: [2] include(): Filename cannot be empty E:\code\subject\ThinkPHP\Library\Think\Think.class.php 第 347 行.
NOTIC: [2] include(): Failed opening '' for inclusion (include_path='.;C:\php\pear') E:\code\subject\ThinkPHP\Library\Think\Think.class.php 第 347 行.

[ 2019-06-26T14:48:54+08:00 ] 127.0.0.1 /Public/home/css/bootstrap.css.map
INFO: [ app_init ] --START--
INFO: Run Behavior\BuildLiteBehavior [ RunTime:0.000000s ]
INFO: [ app_init ] --END-- [ RunTime:0.000000s ]
INFO: [ app_begin ] --START--
INFO: Run Behavior\ReadHtmlCacheBehavior [ RunTime:0.001000s ]
INFO: [ app_begin ] --END-- [ RunTime:0.001000s ]
ERR: 无法加载控制器:Home
NOTIC: [2] include(): Filename cannot be empty E:\code\subject\ThinkPHP\Library\Think\Think.class.php 第 347 行.
NOTIC: [2] include(): Failed opening '' for inclusion (include_path='.;C:\php\pear') E:\code\subject\ThinkPHP\Library\Think\Think.class.php 第 347 行.

[ 2019-06-26T14:49:01+08:00 ] 127.0.0.1 /Public/home/css/bootstrap.css.map
INFO: [ app_init ] --START--
INFO: Run Behavior\BuildLiteBehavior [ RunTime:0.000000s ]
INFO: [ app_init ] --END-- [ RunTime:0.001000s ]
INFO: [ app_begin ] --START--
INFO: Run Behavior\ReadHtmlCacheBehavior [ RunTime:0.000000s ]
INFO: [ app_begin ] --END-- [ RunTime:0.000000s ]
ERR: 无法加载控制器:Home
NOTIC: [2] include(): Filename cannot be empty E:\code\subject\ThinkPHP\Library\Think\Think.class.php 第 347 行.
NOTIC: [2] include(): Failed opening '' for inclusion (include_path='.;C:\php\pear') E:\code\subject\ThinkPHP\Library\Think\Think.class.php 第 347 行.

[ 2019-06-26T14:49:48+08:00 ] 127.0.0.1 /Public/home/css/bootstrap.css.map
INFO: [ app_init ] --START--
INFO: Run Behavior\BuildLiteBehavior [ RunTime:0.000000s ]
INFO: [ app_init ] --END-- [ RunTime:0.000000s ]
INFO: [ app_begin ] --START--
INFO: Run Behavior\ReadHtmlCacheBehavior [ RunTime:0.001000s ]
INFO: [ app_begin ] --END-- [ RunTime:0.001000s ]
ERR: 无法加载控制器:Home
NOTIC: [2] include(): Filename cannot be empty E:\code\subject\ThinkPHP\Library\Think\Think.class.php 第 347 行.
NOTIC: [2] include(): Failed opening '' for inclusion (include_path='.;C:\php\pear') E:\code\subject\ThinkPHP\Library\Think\Think.class.php 第 347 行.

[ 2019-06-26T14:50:02+08:00 ] 127.0.0.1 /Public/home/css/bootstrap.css.map
INFO: [ app_init ] --START--
INFO: Run Behavior\BuildLiteBehavior [ RunTime:0.000000s ]
INFO: [ app_init ] --END-- [ RunTime:0.001000s ]
INFO: [ app_begin ] --START--
INFO: Run Behavior\ReadHtmlCacheBehavior [ RunTime:0.001000s ]
INFO: [ app_begin ] --END-- [ RunTime:0.001000s ]
ERR: 无法加载控制器:Home
NOTIC: [2] include(): Filename cannot be empty E:\code\subject\ThinkPHP\Library\Think\Think.class.php 第 347 行.
NOTIC: [2] include(): Failed opening '' for inclusion (include_path='.;C:\php\pear') E:\code\subject\ThinkPHP\Library\Think\Think.class.php 第 347 行.

[ 2019-06-26T14:50:04+08:00 ] 127.0.0.1 /Public/home/css/bootstrap.css.map
INFO: [ app_init ] --START--
INFO: Run Behavior\BuildLiteBehavior [ RunTime:0.000000s ]
INFO: [ app_init ] --END-- [ RunTime:0.001000s ]
INFO: [ app_begin ] --START--
INFO: Run Behavior\ReadHtmlCacheBehavior [ RunTime:0.001000s ]
INFO: [ app_begin ] --END-- [ RunTime:0.001000s ]
ERR: 无法加载控制器:Home
NOTIC: [2] include(): Filename cannot be empty E:\code\subject\ThinkPHP\Library\Think\Think.class.php 第 347 行.
NOTIC: [2] include(): Failed opening '' for inclusion (include_path='.;C:\php\pear') E:\code\subject\ThinkPHP\Library\Think\Think.class.php 第 347 行.

[ 2019-06-26T14:50:10+08:00 ] 127.0.0.1 /Public/home/css/bootstrap.css.map
INFO: [ app_init ] --START--
INFO: Run Behavior\BuildLiteBehavior [ RunTime:0.000000s ]
INFO: [ app_init ] --END-- [ RunTime:0.000000s ]
INFO: [ app_begin ] --START--
INFO: Run Behavior\ReadHtmlCacheBehavior [ RunTime:0.000000s ]
INFO: [ app_begin ] --END-- [ RunTime:0.000000s ]
ERR: 无法加载控制器:Home
NOTIC: [2] include(): Filename cannot be empty E:\code\subject\ThinkPHP\Library\Think\Think.class.php 第 347 行.
NOTIC: [2] include(): Failed opening '' for inclusion (include_path='.;C:\php\pear') E:\code\subject\ThinkPHP\Library\Think\Think.class.php 第 347 行.

[ 2019-06-26T14:51:43+08:00 ] 127.0.0.1 /Public/home/css/bootstrap.css.map
INFO: [ app_init ] --START--
INFO: Run Behavior\BuildLiteBehavior [ RunTime:0.001000s ]
INFO: [ app_init ] --END-- [ RunTime:0.001000s ]
INFO: [ app_begin ] --START--
INFO: Run Behavior\ReadHtmlCacheBehavior [ RunTime:0.001000s ]
INFO: [ app_begin ] --END-- [ RunTime:0.001000s ]
ERR: 无法加载控制器:Home
NOTIC: [2] include(): Filename cannot be empty E:\code\subject\ThinkPHP\Library\Think\Think.class.php 第 347 行.
NOTIC: [2] include(): Failed opening '' for inclusion (include_path='.;C:\php\pear') E:\code\subject\ThinkPHP\Library\Think\Think.class.php 第 347 行.

[ 2019-06-26T15:34:23+08:00 ] 127.0.0.1 /Public/home/css/bootstrap.css.map
INFO: [ app_init ] --START--
INFO: Run Behavior\BuildLiteBehavior [ RunTime:0.000000s ]
INFO: [ app_init ] --END-- [ RunTime:0.001000s ]
INFO: [ app_begin ] --START--
INFO: Run Behavior\ReadHtmlCacheBehavior [ RunTime:0.002000s ]
INFO: [ app_begin ] --END-- [ RunTime:0.002000s ]
ERR: 无法加载控制器:Home
NOTIC: [2] include(): Filename cannot be empty E:\code\subject\ThinkPHP\Library\Think\Think.class.php 第 347 行.
NOTIC: [2] include(): Failed opening '' for inclusion (include_path='.;C:\php\pear') E:\code\subject\ThinkPHP\Library\Think\Think.class.php 第 347 行.

[ 2019-06-26T15:36:27+08:00 ] 127.0.0.1 /Public/home/css/bootstrap.css.map
INFO: [ app_init ] --START--
INFO: Run Behavior\BuildLiteBehavior [ RunTime:0.000000s ]
INFO: [ app_init ] --END-- [ RunTime:0.000000s ]
INFO: [ app_begin ] --START--
INFO: Run Behavior\ReadHtmlCacheBehavior [ RunTime:0.002000s ]
INFO: [ app_begin ] --END-- [ RunTime:0.002000s ]
ERR: 无法加载控制器:Home
NOTIC: [2] include(): Filename cannot be empty E:\code\subject\ThinkPHP\Library\Think\Think.class.php 第 347 行.
NOTIC: [2] include(): Failed opening '' for inclusion (include_path='.;C:\php\pear') E:\code\subject\ThinkPHP\Library\Think\Think.class.php 第 347 行.

[ 2019-06-26T15:39:03+08:00 ] 127.0.0.1 /Public/home/css/bootstrap.css.map
INFO: [ app_init ] --START--
INFO: Run Behavior\BuildLiteBehavior [ RunTime:0.000000s ]
INFO: [ app_init ] --END-- [ RunTime:0.001000s ]
INFO: [ app_begin ] --START--
INFO: Run Behavior\ReadHtmlCacheBehavior [ RunTime:0.001000s ]
INFO: [ app_begin ] --END-- [ RunTime:0.001000s ]
ERR: 无法加载控制器:Home
NOTIC: [2] include(): Filename cannot be empty E:\code\subject\ThinkPHP\Library\Think\Think.class.php 第 347 行.
NOTIC: [2] include(): Failed opening '' for inclusion (include_path='.;C:\php\pear') E:\code\subject\ThinkPHP\Library\Think\Think.class.php 第 347 行.

[ 2019-06-26T15:39:18+08:00 ] 127.0.0.1 /Public/home/css/bootstrap.css.map
INFO: [ app_init ] --START--
INFO: Run Behavior\BuildLiteBehavior [ RunTime:0.000000s ]
INFO: [ app_init ] --END-- [ RunTime:0.001000s ]
INFO: [ app_begin ] --START--
INFO: Run Behavior\ReadHtmlCacheBehavior [ RunTime:0.001000s ]
INFO: [ app_begin ] --END-- [ RunTime:0.001000s ]
ERR: 无法加载控制器:Home
NOTIC: [2] include(): Filename cannot be empty E:\code\subject\ThinkPHP\Library\Think\Think.class.php 第 347 行.
NOTIC: [2] include(): Failed opening '' for inclusion (include_path='.;C:\php\pear') E:\code\subject\ThinkPHP\Library\Think\Think.class.php 第 347 行.

[ 2019-06-26T15:45:08+08:00 ] 127.0.0.1 /Public/home/css/bootstrap.css.map
INFO: [ app_init ] --START--
INFO: Run Behavior\BuildLiteBehavior [ RunTime:0.000000s ]
INFO: [ app_init ] --END-- [ RunTime:0.001000s ]
INFO: [ app_begin ] --START--
INFO: Run Behavior\ReadHtmlCacheBehavior [ RunTime:0.001000s ]
INFO: [ app_begin ] --END-- [ RunTime:0.001000s ]
ERR: 无法加载控制器:Home
NOTIC: [2] include(): Filename cannot be empty E:\code\subject\ThinkPHP\Library\Think\Think.class.php 第 347 行.
NOTIC: [2] include(): Failed opening '' for inclusion (include_path='.;C:\php\pear') E:\code\subject\ThinkPHP\Library\Think\Think.class.php 第 347 行.

[ 2019-06-26T15:47:06+08:00 ] 127.0.0.1 /Public/home/css/bootstrap.css.map
INFO: [ app_init ] --START--
INFO: Run Behavior\BuildLiteBehavior [ RunTime:0.000000s ]
INFO: [ app_init ] --END-- [ RunTime:0.001000s ]
INFO: [ app_begin ] --START--
INFO: Run Behavior\ReadHtmlCacheBehavior [ RunTime:0.001001s ]
INFO: [ app_begin ] --END-- [ RunTime:0.002001s ]
ERR: 无法加载控制器:Home
NOTIC: [2] include(): Filename cannot be empty E:\code\subject\ThinkPHP\Library\Think\Think.class.php 第 347 行.
NOTIC: [2] include(): Failed opening '' for inclusion (include_path='.;C:\php\pear') E:\code\subject\ThinkPHP\Library\Think\Think.class.php 第 347 行.

[ 2019-06-26T15:47:51+08:00 ] 127.0.0.1 /Public/home/css/bootstrap.css.map
INFO: [ app_init ] --START--
INFO: Run Behavior\BuildLiteBehavior [ RunTime:0.000000s ]
INFO: [ app_init ] --END-- [ RunTime:0.001000s ]
INFO: [ app_begin ] --START--
INFO: Run Behavior\ReadHtmlCacheBehavior [ RunTime:0.000000s ]
INFO: [ app_begin ] --END-- [ RunTime:0.000000s ]
ERR: 无法加载控制器:Home
NOTIC: [2] include(): Filename cannot be empty E:\code\subject\ThinkPHP\Library\Think\Think.class.php 第 347 行.
NOTIC: [2] include(): Failed opening '' for inclusion (include_path='.;C:\php\pear') E:\code\subject\ThinkPHP\Library\Think\Think.class.php 第 347 行.

[ 2019-06-26T15:48:54+08:00 ] 127.0.0.1 /Public/home/css/bootstrap.css.map
INFO: [ app_init ] --START--
INFO: Run Behavior\BuildLiteBehavior [ RunTime:0.000000s ]
INFO: [ app_init ] --END-- [ RunTime:0.000000s ]
INFO: [ app_begin ] --START--
INFO: Run Behavior\ReadHtmlCacheBehavior [ RunTime:0.001000s ]
INFO: [ app_begin ] --END-- [ RunTime:0.002000s ]
ERR: 无法加载控制器:Home
NOTIC: [2] include(): Filename cannot be empty E:\code\subject\ThinkPHP\Library\Think\Think.class.php 第 347 行.
NOTIC: [2] include(): Failed opening '' for inclusion (include_path='.;C:\php\pear') E:\code\subject\ThinkPHP\Library\Think\Think.class.php 第 347 行.

[ 2019-06-26T15:50:36+08:00 ] 127.0.0.1 /Public/home/css/bootstrap.css.map
INFO: [ app_init ] --START--
INFO: Run Behavior\BuildLiteBehavior [ RunTime:0.000000s ]
INFO: [ app_init ] --END-- [ RunTime:0.001000s ]
INFO: [ app_begin ] --START--
INFO: Run Behavior\ReadHtmlCacheBehavior [ RunTime:0.001000s ]
INFO: [ app_begin ] --END-- [ RunTime:0.001000s ]
ERR: 无法加载控制器:Home
NOTIC: [2] include(): Filename cannot be empty E:\code\subject\ThinkPHP\Library\Think\Think.class.php 第 347 行.
NOTIC: [2] include(): Failed opening '' for inclusion (include_path='.;C:\php\pear') E:\code\subject\ThinkPHP\Library\Think\Think.class.php 第 347 行.

[ 2019-06-26T15:51:19+08:00 ] 127.0.0.1 /Public/home/css/bootstrap.css.map
INFO: [ app_init ] --START--
INFO: Run Behavior\BuildLiteBehavior [ RunTime:0.000000s ]
INFO: [ app_init ] --END-- [ RunTime:0.002000s ]
INFO: [ app_begin ] --START--
INFO: Run Behavior\ReadHtmlCacheBehavior [ RunTime:0.001000s ]
INFO: [ app_begin ] --END-- [ RunTime:0.001000s ]
ERR: 无法加载控制器:Home
NOTIC: [2] include(): Filename cannot be empty E:\code\subject\ThinkPHP\Library\Think\Think.class.php 第 347 行.
NOTIC: [2] include(): Failed opening '' for inclusion (include_path='.;C:\php\pear') E:\code\subject\ThinkPHP\Library\Think\Think.class.php 第 347 行.

[ 2019-06-26T15:51:39+08:00 ] 127.0.0.1 /Public/home/css/bootstrap.css.map
INFO: [ app_init ] --START--
INFO: Run Behavior\BuildLiteBehavior [ RunTime:0.000000s ]
INFO: [ app_init ] --END-- [ RunTime:0.001000s ]
INFO: [ app_begin ] --START--
INFO: Run Behavior\ReadHtmlCacheBehavior [ RunTime:0.000000s ]
INFO: [ app_begin ] --END-- [ RunTime:0.000000s ]
ERR: 无法加载控制器:Home
NOTIC: [2] include(): Filename cannot be empty E:\code\subject\ThinkPHP\Library\Think\Think.class.php 第 347 行.
NOTIC: [2] include(): Failed opening '' for inclusion (include_path='.;C:\php\pear') E:\code\subject\ThinkPHP\Library\Think\Think.class.php 第 347 行.

[ 2019-06-26T15:52:05+08:00 ] 127.0.0.1 /Public/home/css/bootstrap.css.map
INFO: [ app_init ] --START--
INFO: Run Behavior\BuildLiteBehavior [ RunTime:0.000000s ]
INFO: [ app_init ] --END-- [ RunTime:0.000000s ]
INFO: [ app_begin ] --START--
INFO: Run Behavior\ReadHtmlCacheBehavior [ RunTime:0.001000s ]
INFO: [ app_begin ] --END-- [ RunTime:0.001000s ]
ERR: 无法加载控制器:Home
NOTIC: [2] include(): Filename cannot be empty E:\code\subject\ThinkPHP\Library\Think\Think.class.php 第 347 行.
NOTIC: [2] include(): Failed opening '' for inclusion (include_path='.;C:\php\pear') E:\code\subject\ThinkPHP\Library\Think\Think.class.php 第 347 行.

[ 2019-06-26T15:53:08+08:00 ] 127.0.0.1 /Public/home/css/bootstrap.css.map
INFO: [ app_init ] --START--
INFO: Run Behavior\BuildLiteBehavior [ RunTime:0.000000s ]
INFO: [ app_init ] --END-- [ RunTime:0.001000s ]
INFO: [ app_begin ] --START--
INFO: Run Behavior\ReadHtmlCacheBehavior [ RunTime:0.000000s ]
INFO: [ app_begin ] --END-- [ RunTime:0.001000s ]
ERR: 无法加载控制器:Home
NOTIC: [2] include(): Filename cannot be empty E:\code\subject\ThinkPHP\Library\Think\Think.class.php 第 347 行.
NOTIC: [2] include(): Failed opening '' for inclusion (include_path='.;C:\php\pear') E:\code\subject\ThinkPHP\Library\Think\Think.class.php 第 347 行.

[ 2019-06-26T15:55:02+08:00 ] 127.0.0.1 /Public/home/css/bootstrap.css.map
INFO: [ app_init ] --START--
INFO: Run Behavior\BuildLiteBehavior [ RunTime:0.000000s ]
INFO: [ app_init ] --END-- [ RunTime:0.001000s ]
INFO: [ app_begin ] --START--
INFO: Run Behavior\ReadHtmlCacheBehavior [ RunTime:0.001001s ]
INFO: [ app_begin ] --END-- [ RunTime:0.001001s ]
ERR: 无法加载控制器:Home
NOTIC: [2] include(): Filename cannot be empty E:\code\subject\ThinkPHP\Library\Think\Think.class.php 第 347 行.
NOTIC: [2] include(): Failed opening '' for inclusion (include_path='.;C:\php\pear') E:\code\subject\ThinkPHP\Library\Think\Think.class.php 第 347 行.

[ 2019-06-26T15:56:38+08:00 ] 127.0.0.1 /Public/home/css/bootstrap.css.map
INFO: [ app_init ] --START--
INFO: Run Behavior\BuildLiteBehavior [ RunTime:0.000000s ]
INFO: [ app_init ] --END-- [ RunTime:0.000000s ]
INFO: [ app_begin ] --START--
INFO: Run Behavior\ReadHtmlCacheBehavior [ RunTime:0.001000s ]
INFO: [ app_begin ] --END-- [ RunTime:0.001000s ]
ERR: 无法加载控制器:Home
NOTIC: [2] include(): Filename cannot be empty E:\code\subject\ThinkPHP\Library\Think\Think.class.php 第 347 行.
NOTIC: [2] include(): Failed opening '' for inclusion (include_path='.;C:\php\pear') E:\code\subject\ThinkPHP\Library\Think\Think.class.php 第 347 行.

[ 2019-06-26T15:57:07+08:00 ] 127.0.0.1 /Public/home/css/bootstrap.css.map
INFO: [ app_init ] --START--
INFO: Run Behavior\BuildLiteBehavior [ RunTime:0.000000s ]
INFO: [ app_init ] --END-- [ RunTime:0.001000s ]
INFO: [ app_begin ] --START--
INFO: Run Behavior\ReadHtmlCacheBehavior [ RunTime:0.001000s ]
INFO: [ app_begin ] --END-- [ RunTime:0.001000s ]
ERR: 无法加载控制器:Home
NOTIC: [2] include(): Filename cannot be empty E:\code\subject\ThinkPHP\Library\Think\Think.class.php 第 347 行.
NOTIC: [2] include(): Failed opening '' for inclusion (include_path='.;C:\php\pear') E:\code\subject\ThinkPHP\Library\Think\Think.class.php 第 347 行.

[ 2019-06-26T16:24:23+08:00 ] 127.0.0.1 /Public/home/css/bootstrap.css.map
INFO: [ app_init ] --START--
INFO: Run Behavior\BuildLiteBehavior [ RunTime:0.000000s ]
INFO: [ app_init ] --END-- [ RunTime:0.000000s ]
INFO: [ app_begin ] --START--
INFO: Run Behavior\ReadHtmlCacheBehavior [ RunTime:0.001000s ]
INFO: [ app_begin ] --END-- [ RunTime:0.001000s ]
ERR: 无法加载控制器:Home
NOTIC: [2] include(): Filename cannot be empty E:\code\subject\ThinkPHP\Library\Think\Think.class.php 第 347 行.
NOTIC: [2] include(): Failed opening '' for inclusion (include_path='.;C:\php\pear') E:\code\subject\ThinkPHP\Library\Think\Think.class.php 第 347 行.

[ 2019-06-26T16:25:13+08:00 ] 127.0.0.1 /Public/home/css/bootstrap.css.map
INFO: [ app_init ] --START--
INFO: Run Behavior\BuildLiteBehavior [ RunTime:0.001000s ]
INFO: [ app_init ] --END-- [ RunTime:0.001000s ]
INFO: [ app_begin ] --START--
INFO: Run Behavior\ReadHtmlCacheBehavior [ RunTime:0.001001s ]
INFO: [ app_begin ] --END-- [ RunTime:0.001001s ]
ERR: 无法加载控制器:Home
NOTIC: [2] include(): Filename cannot be empty E:\code\subject\ThinkPHP\Library\Think\Think.class.php 第 347 行.
NOTIC: [2] include(): Failed opening '' for inclusion (include_path='.;C:\php\pear') E:\code\subject\ThinkPHP\Library\Think\Think.class.php 第 347 行.

[ 2019-06-26T16:33:37+08:00 ] 127.0.0.1 /Public/home/css/bootstrap.css.map
INFO: [ app_init ] --START--
INFO: Run Behavior\BuildLiteBehavior [ RunTime:0.000000s ]
INFO: [ app_init ] --END-- [ RunTime:0.001000s ]
INFO: [ app_begin ] --START--
INFO: Run Behavior\ReadHtmlCacheBehavior [ RunTime:0.001000s ]
INFO: [ app_begin ] --END-- [ RunTime:0.001000s ]
ERR: 无法加载控制器:Home
NOTIC: [2] include(): Filename cannot be empty E:\code\subject\ThinkPHP\Library\Think\Think.class.php 第 347 行.
NOTIC: [2] include(): Failed opening '' for inclusion (include_path='.;C:\php\pear') E:\code\subject\ThinkPHP\Library\Think\Think.class.php 第 347 行.

[ 2019-06-26T16:35:27+08:00 ] 127.0.0.1 /Public/home/css/bootstrap.css.map
INFO: [ app_init ] --START--
INFO: Run Behavior\BuildLiteBehavior [ RunTime:0.000000s ]
INFO: [ app_init ] --END-- [ RunTime:0.001000s ]
INFO: [ app_begin ] --START--
INFO: Run Behavior\ReadHtmlCacheBehavior [ RunTime:0.001000s ]
INFO: [ app_begin ] --END-- [ RunTime:0.001000s ]
ERR: 无法加载控制器:Home
NOTIC: [2] include(): Filename cannot be empty E:\code\subject\ThinkPHP\Library\Think\Think.class.php 第 347 行.
NOTIC: [2] include(): Failed opening '' for inclusion (include_path='.;C:\php\pear') E:\code\subject\ThinkPHP\Library\Think\Think.class.php 第 347 行.

[ 2019-06-26T17:00:26+08:00 ] 127.0.0.1 /Public/home/css/bootstrap.css.map
INFO: [ app_init ] --START--
INFO: Run Behavior\BuildLiteBehavior [ RunTime:0.000000s ]
INFO: [ app_init ] --END-- [ RunTime:0.001000s ]
INFO: [ app_begin ] --START--
INFO: Run Behavior\ReadHtmlCacheBehavior [ RunTime:0.001000s ]
INFO: [ app_begin ] --END-- [ RunTime:0.001000s ]
ERR: 无法加载控制器:Home
NOTIC: [2] include(): Filename cannot be empty E:\code\subject\ThinkPHP\Library\Think\Think.class.php 第 347 行.
NOTIC: [2] include(): Failed opening '' for inclusion (include_path='.;C:\php\pear') E:\code\subject\ThinkPHP\Library\Think\Think.class.php 第 347 行.

[ 2019-06-26T17:00:28+08:00 ] 127.0.0.1 /Public/home/css/bootstrap.css.map
INFO: [ app_init ] --START--
INFO: Run Behavior\BuildLiteBehavior [ RunTime:0.000000s ]
INFO: [ app_init ] --END-- [ RunTime:0.001000s ]
INFO: [ app_begin ] --START--
INFO: Run Behavior\ReadHtmlCacheBehavior [ RunTime:0.001000s ]
INFO: [ app_begin ] --END-- [ RunTime:0.001000s ]
ERR: 无法加载控制器:Home
NOTIC: [2] include(): Filename cannot be empty E:\code\subject\ThinkPHP\Library\Think\Think.class.php 第 347 行.
NOTIC: [2] include(): Failed opening '' for inclusion (include_path='.;C:\php\pear') E:\code\subject\ThinkPHP\Library\Think\Think.class.php 第 347 行.

[ 2019-06-26T17:02:16+08:00 ] 127.0.0.1 /Public/home/css/bootstrap.css.map
INFO: [ app_init ] --START--
INFO: Run Behavior\BuildLiteBehavior [ RunTime:0.000000s ]
INFO: [ app_init ] --END-- [ RunTime:0.001000s ]
INFO: [ app_begin ] --START--
INFO: Run Behavior\ReadHtmlCacheBehavior [ RunTime:0.003001s ]
INFO: [ app_begin ] --END-- [ RunTime:0.003001s ]
ERR: 无法加载控制器:Home
NOTIC: [2] include(): Filename cannot be empty E:\code\subject\ThinkPHP\Library\Think\Think.class.php 第 347 行.
NOTIC: [2] include(): Failed opening '' for inclusion (include_path='.;C:\php\pear') E:\code\subject\ThinkPHP\Library\Think\Think.class.php 第 347 行.

[ 2019-06-26T17:02:17+08:00 ] 127.0.0.1 /Public/home/css/bootstrap.css.map
INFO: [ app_init ] --START--
INFO: Run Behavior\BuildLiteBehavior [ RunTime:0.000000s ]
INFO: [ app_init ] --END-- [ RunTime:0.003000s ]
INFO: [ app_begin ] --START--
INFO: Run Behavior\ReadHtmlCacheBehavior [ RunTime:0.002000s ]
INFO: [ app_begin ] --END-- [ RunTime:0.002000s ]
ERR: 无法加载控制器:Home
NOTIC: [2] include(): Filename cannot be empty E:\code\subject\ThinkPHP\Library\Think\Think.class.php 第 347 行.
NOTIC: [2] include(): Failed opening '' for inclusion (include_path='.;C:\php\pear') E:\code\subject\ThinkPHP\Library\Think\Think.class.php 第 347 行.

[ 2019-06-26T17:02:19+08:00 ] 127.0.0.1 /Public/home/css/bootstrap.css.map
INFO: [ app_init ] --START--
INFO: Run Behavior\BuildLiteBehavior [ RunTime:0.000000s ]
INFO: [ app_init ] --END-- [ RunTime:0.001000s ]
INFO: [ app_begin ] --START--
INFO: Run Behavior\ReadHtmlCacheBehavior [ RunTime:0.001000s ]
INFO: [ app_begin ] --END-- [ RunTime:0.001000s ]
ERR: 无法加载控制器:Home
NOTIC: [2] include(): Filename cannot be empty E:\code\subject\ThinkPHP\Library\Think\Think.class.php 第 347 行.
NOTIC: [2] include(): Failed opening '' for inclusion (include_path='.;C:\php\pear') E:\code\subject\ThinkPHP\Library\Think\Think.class.php 第 347 行.

[ 2019-06-26T17:03:24+08:00 ] 127.0.0.1 /Public/home/css/bootstrap.css.map
INFO: [ app_init ] --START--
INFO: Run Behavior\BuildLiteBehavior [ RunTime:0.000000s ]
INFO: [ app_init ] --END-- [ RunTime:0.001000s ]
INFO: [ app_begin ] --START--
INFO: Run Behavior\ReadHtmlCacheBehavior [ RunTime:0.001000s ]
INFO: [ app_begin ] --END-- [ RunTime:0.001000s ]
ERR: 无法加载控制器:Home
NOTIC: [2] include(): Filename cannot be empty E:\code\subject\ThinkPHP\Library\Think\Think.class.php 第 347 行.
NOTIC: [2] include(): Failed opening '' for inclusion (include_path='.;C:\php\pear') E:\code\subject\ThinkPHP\Library\Think\Think.class.php 第 347 行.

[ 2019-06-26T17:03:25+08:00 ] 127.0.0.1 /Public/home/css/bootstrap.css.map
INFO: [ app_init ] --START--
INFO: Run Behavior\BuildLiteBehavior [ RunTime:0.000000s ]
INFO: [ app_init ] --END-- [ RunTime:0.001000s ]
INFO: [ app_begin ] --START--
INFO: Run Behavior\ReadHtmlCacheBehavior [ RunTime:0.001001s ]
INFO: [ app_begin ] --END-- [ RunTime:0.001001s ]
ERR: 无法加载控制器:Home
NOTIC: [2] include(): Filename cannot be empty E:\code\subject\ThinkPHP\Library\Think\Think.class.php 第 347 行.
NOTIC: [2] include(): Failed opening '' for inclusion (include_path='.;C:\php\pear') E:\code\subject\ThinkPHP\Library\Think\Think.class.php 第 347 行.

[ 2019-06-26T17:06:01+08:00 ] 127.0.0.1 /Public/home/css/bootstrap.css.map
INFO: [ app_init ] --START--
INFO: Run Behavior\BuildLiteBehavior [ RunTime:0.000000s ]
INFO: [ app_init ] --END-- [ RunTime:0.001000s ]
INFO: [ app_begin ] --START--
INFO: Run Behavior\ReadHtmlCacheBehavior [ RunTime:0.001000s ]
INFO: [ app_begin ] --END-- [ RunTime:0.001000s ]
ERR: 无法加载控制器:Home
NOTIC: [2] include(): Filename cannot be empty E:\code\subject\ThinkPHP\Library\Think\Think.class.php 第 347 行.
NOTIC: [2] include(): Failed opening '' for inclusion (include_path='.;C:\php\pear') E:\code\subject\ThinkPHP\Library\Think\Think.class.php 第 347 行.

[ 2019-06-26T17:06:06+08:00 ] 127.0.0.1 /Public/home/css/bootstrap.css.map
INFO: [ app_init ] --START--
INFO: Run Behavior\BuildLiteBehavior [ RunTime:0.000000s ]
INFO: [ app_init ] --END-- [ RunTime:0.001001s ]
INFO: [ app_begin ] --START--
INFO: Run Behavior\ReadHtmlCacheBehavior [ RunTime:0.000000s ]
INFO: [ app_begin ] --END-- [ RunTime:0.001000s ]
ERR: 无法加载控制器:Home
NOTIC: [2] include(): Filename cannot be empty E:\code\subject\ThinkPHP\Library\Think\Think.class.php 第 347 行.
NOTIC: [2] include(): Failed opening '' for inclusion (include_path='.;C:\php\pear') E:\code\subject\ThinkPHP\Library\Think\Think.class.php 第 347 行.

[ 2019-06-26T17:06:08+08:00 ] 127.0.0.1 /Public/home/css/bootstrap.css.map
INFO: [ app_init ] --START--
INFO: Run Behavior\BuildLiteBehavior [ RunTime:0.000000s ]
INFO: [ app_init ] --END-- [ RunTime:0.001000s ]
INFO: [ app_begin ] --START--
INFO: Run Behavior\ReadHtmlCacheBehavior [ RunTime:0.000000s ]
INFO: [ app_begin ] --END-- [ RunTime:0.000000s ]
ERR: 无法加载控制器:Home
NOTIC: [2] include(): Filename cannot be empty E:\code\subject\ThinkPHP\Library\Think\Think.class.php 第 347 行.
NOTIC: [2] include(): Failed opening '' for inclusion (include_path='.;C:\php\pear') E:\code\subject\ThinkPHP\Library\Think\Think.class.php 第 347 行.

[ 2019-06-26T17:08:36+08:00 ] 127.0.0.1 /Public/home/css/bootstrap.css.map
INFO: [ app_init ] --START--
INFO: Run Behavior\BuildLiteBehavior [ RunTime:0.000000s ]
INFO: [ app_init ] --END-- [ RunTime:0.000000s ]
INFO: [ app_begin ] --START--
INFO: Run Behavior\ReadHtmlCacheBehavior [ RunTime:0.003000s ]
INFO: [ app_begin ] --END-- [ RunTime:0.003000s ]
ERR: 无法加载控制器:Home
NOTIC: [2] include(): Filename cannot be empty E:\code\subject\ThinkPHP\Library\Think\Think.class.php 第 347 行.
NOTIC: [2] include(): Failed opening '' for inclusion (include_path='.;C:\php\pear') E:\code\subject\ThinkPHP\Library\Think\Think.class.php 第 347 行.

[ 2019-06-26T17:08:38+08:00 ] 127.0.0.1 /Public/home/css/bootstrap.css.map
INFO: [ app_init ] --START--
INFO: Run Behavior\BuildLiteBehavior [ RunTime:0.000000s ]
INFO: [ app_init ] --END-- [ RunTime:0.000000s ]
INFO: [ app_begin ] --START--
INFO: Run Behavior\ReadHtmlCacheBehavior [ RunTime:0.001000s ]
INFO: [ app_begin ] --END-- [ RunTime:0.001000s ]
ERR: 无法加载控制器:Home
NOTIC: [2] include(): Filename cannot be empty E:\code\subject\ThinkPHP\Library\Think\Think.class.php 第 347 行.
NOTIC: [2] include(): Failed opening '' for inclusion (include_path='.;C:\php\pear') E:\code\subject\ThinkPHP\Library\Think\Think.class.php 第 347 行.

[ 2019-06-26T17:42:36+08:00 ] 127.0.0.1 /Public/home/css/bootstrap.css.map
INFO: [ app_init ] --START--
INFO: Run Behavior\BuildLiteBehavior [ RunTime:0.000000s ]
INFO: [ app_init ] --END-- [ RunTime:0.001000s ]
INFO: [ app_begin ] --START--
INFO: Run Behavior\ReadHtmlCacheBehavior [ RunTime:0.001000s ]
INFO: [ app_begin ] --END-- [ RunTime:0.001000s ]
ERR: 无法加载控制器:Home
NOTIC: [2] include(): Filename cannot be empty E:\code\subject\ThinkPHP\Library\Think\Think.class.php 第 347 行.
NOTIC: [2] include(): Failed opening '' for inclusion (include_path='.;C:\php\pear') E:\code\subject\ThinkPHP\Library\Think\Think.class.php 第 347 行.

[ 2019-06-26T22:18:37+08:00 ] 127.0.0.1 /Public/home/css/bootstrap.css.map
INFO: [ app_init ] --START--
INFO: Run Behavior\BuildLiteBehavior [ RunTime:0.000032s ]
INFO: [ app_init ] --END-- [ RunTime:0.001229s ]
INFO: [ app_begin ] --START--
INFO: Run Behavior\ReadHtmlCacheBehavior [ RunTime:0.001065s ]
INFO: [ app_begin ] --END-- [ RunTime:0.001202s ]
ERR: 无法加载控制器:Home
NOTIC: [2] include(): Filename cannot be empty E:\study\code\subject\ThinkPHP\Library\Think\Think.class.php 第 347 行.
NOTIC: [2] include(): Failed opening '' for inclusion (include_path='.;C:\php\pear') E:\study\code\subject\ThinkPHP\Library\Think\Think.class.php 第 347 行.

[ 2019-06-26T22:19:05+08:00 ] 127.0.0.1 /Public/home/css/bootstrap.css.map
INFO: [ app_init ] --START--
INFO: Run Behavior\BuildLiteBehavior [ RunTime:0.000040s ]
INFO: [ app_init ] --END-- [ RunTime:0.001337s ]
INFO: [ app_begin ] --START--
INFO: Run Behavior\ReadHtmlCacheBehavior [ RunTime:0.001598s ]
INFO: [ app_begin ] --END-- [ RunTime:0.001756s ]
ERR: 无法加载控制器:Home
NOTIC: [2] include(): Filename cannot be empty E:\study\code\subject\ThinkPHP\Library\Think\Think.class.php 第 347 行.
NOTIC: [2] include(): Failed opening '' for inclusion (include_path='.;C:\php\pear') E:\study\code\subject\ThinkPHP\Library\Think\Think.class.php 第 347 行.

[ 2019-06-26T22:19:07+08:00 ] 127.0.0.1 /Public/home/css/bootstrap.css.map
INFO: [ app_init ] --START--
INFO: Run Behavior\BuildLiteBehavior [ RunTime:0.000039s ]
INFO: [ app_init ] --END-- [ RunTime:0.001957s ]
INFO: [ app_begin ] --START--
INFO: Run Behavior\ReadHtmlCacheBehavior [ RunTime:0.002131s ]
INFO: [ app_begin ] --END-- [ RunTime:0.002349s ]
ERR: 无法加载控制器:Home
NOTIC: [2] include(): Filename cannot be empty E:\study\code\subject\ThinkPHP\Library\Think\Think.class.php 第 347 行.
NOTIC: [2] include(): Failed opening '' for inclusion (include_path='.;C:\php\pear') E:\study\code\subject\ThinkPHP\Library\Think\Think.class.php 第 347 行.

[ 2019-06-26T22:19:14+08:00 ] 127.0.0.1 /Public/home/css/bootstrap.css.map
INFO: [ app_init ] --START--
INFO: Run Behavior\BuildLiteBehavior [ RunTime:0.000031s ]
INFO: [ app_init ] --END-- [ RunTime:0.001049s ]
INFO: [ app_begin ] --START--
INFO: Run Behavior\ReadHtmlCacheBehavior [ RunTime:0.001524s ]
INFO: [ app_begin ] --END-- [ RunTime:0.001680s ]
ERR: 无法加载控制器:Home
NOTIC: [2] include(): Filename cannot be empty E:\study\code\subject\ThinkPHP\Library\Think\Think.class.php 第 347 行.
NOTIC: [2] include(): Failed opening '' for inclusion (include_path='.;C:\php\pear') E:\study\code\subject\ThinkPHP\Library\Think\Think.class.php 第 347 行.

[ 2019-06-26T22:21:25+08:00 ] 127.0.0.1 /Public/home/css/bootstrap.css.map
INFO: [ app_init ] --START--
INFO: Run Behavior\BuildLiteBehavior [ RunTime:0.000036s ]
INFO: [ app_init ] --END-- [ RunTime:0.001066s ]
INFO: [ app_begin ] --START--
INFO: Run Behavior\ReadHtmlCacheBehavior [ RunTime:0.001315s ]
INFO: [ app_begin ] --END-- [ RunTime:0.001461s ]
ERR: 无法加载控制器:Home
NOTIC: [2] include(): Filename cannot be empty E:\study\code\subject\ThinkPHP\Library\Think\Think.class.php 第 347 行.
NOTIC: [2] include(): Failed opening '' for inclusion (include_path='.;C:\php\pear') E:\study\code\subject\ThinkPHP\Library\Think\Think.class.php 第 347 行.

[ 2019-06-26T22:21:51+08:00 ] 127.0.0.1 /Public/home/css/bootstrap.css.map
INFO: [ app_init ] --START--
INFO: Run Behavior\BuildLiteBehavior [ RunTime:0.000031s ]
INFO: [ app_init ] --END-- [ RunTime:0.000964s ]
INFO: [ app_begin ] --START--
INFO: Run Behavior\ReadHtmlCacheBehavior [ RunTime:0.001445s ]
INFO: [ app_begin ] --END-- [ RunTime:0.001596s ]
ERR: 无法加载控制器:Home
NOTIC: [2] include(): Filename cannot be empty E:\study\code\subject\ThinkPHP\Library\Think\Think.class.php 第 347 行.
NOTIC: [2] include(): Failed opening '' for inclusion (include_path='.;C:\php\pear') E:\study\code\subject\ThinkPHP\Library\Think\Think.class.php 第 347 行.

[ 2019-06-26T22:22:41+08:00 ] 127.0.0.1 /Public/home/css/bootstrap.css.map
INFO: [ app_init ] --START--
INFO: Run Behavior\BuildLiteBehavior [ RunTime:0.000039s ]
INFO: [ app_init ] --END-- [ RunTime:0.001601s ]
INFO: [ app_begin ] --START--
INFO: Run Behavior\ReadHtmlCacheBehavior [ RunTime:0.001839s ]
INFO: [ app_begin ] --END-- [ RunTime:0.002023s ]
ERR: 无法加载控制器:Home
NOTIC: [2] include(): Filename cannot be empty E:\study\code\subject\ThinkPHP\Library\Think\Think.class.php 第 347 行.
NOTIC: [2] include(): Failed opening '' for inclusion (include_path='.;C:\php\pear') E:\study\code\subject\ThinkPHP\Library\Think\Think.class.php 第 347 行.

[ 2019-06-26T22:26:10+08:00 ] 127.0.0.1 /Public/home/css/bootstrap.css.map
INFO: [ app_init ] --START--
INFO: Run Behavior\BuildLiteBehavior [ RunTime:0.000031s ]
INFO: [ app_init ] --END-- [ RunTime:0.000851s ]
INFO: [ app_begin ] --START--
INFO: Run Behavior\ReadHtmlCacheBehavior [ RunTime:0.001385s ]
INFO: [ app_begin ] --END-- [ RunTime:0.001577s ]
ERR: 无法加载控制器:Home
NOTIC: [2] include(): Filename cannot be empty E:\study\code\subject\ThinkPHP\Library\Think\Think.class.php 第 347 行.
NOTIC: [2] include(): Failed opening '' for inclusion (include_path='.;C:\php\pear') E:\study\code\subject\ThinkPHP\Library\Think\Think.class.php 第 347 行.

[ 2019-06-26T22:28:32+08:00 ] 127.0.0.1 /Public/home/css/bootstrap.css.map
INFO: [ app_init ] --START--
INFO: Run Behavior\BuildLiteBehavior [ RunTime:0.000032s ]
INFO: [ app_init ] --END-- [ RunTime:0.001057s ]
INFO: [ app_begin ] --START--
INFO: Run Behavior\ReadHtmlCacheBehavior [ RunTime:0.001826s ]
INFO: [ app_begin ] --END-- [ RunTime:0.001993s ]
ERR: 无法加载控制器:Home
NOTIC: [2] include(): Filename cannot be empty E:\study\code\subject\ThinkPHP\Library\Think\Think.class.php 第 347 行.
NOTIC: [2] include(): Failed opening '' for inclusion (include_path='.;C:\php\pear') E:\study\code\subject\ThinkPHP\Library\Think\Think.class.php 第 347 行.

[ 2019-06-26T22:35:06+08:00 ] 127.0.0.1 /Public/home/css/bootstrap.css.map
INFO: [ app_init ] --START--
INFO: Run Behavior\BuildLiteBehavior [ RunTime:0.000037s ]
INFO: [ app_init ] --END-- [ RunTime:0.001663s ]
INFO: [ app_begin ] --START--
INFO: Run Behavior\ReadHtmlCacheBehavior [ RunTime:0.001761s ]
INFO: [ app_begin ] --END-- [ RunTime:0.001962s ]
ERR: 无法加载控制器:Home
NOTIC: [2] include(): Filename cannot be empty E:\study\code\subject\ThinkPHP\Library\Think\Think.class.php 第 347 行.
NOTIC: [2] include(): Failed opening '' for inclusion (include_path='.;C:\php\pear') E:\study\code\subject\ThinkPHP\Library\Think\Think.class.php 第 347 行.

[ 2019-06-26T22:35:14+08:00 ] 127.0.0.1 /Public/home/css/bootstrap.css.map
INFO: [ app_init ] --START--
INFO: Run Behavior\BuildLiteBehavior [ RunTime:0.000134s ]
INFO: [ app_init ] --END-- [ RunTime:0.001293s ]
INFO: [ app_begin ] --START--
INFO: Run Behavior\ReadHtmlCacheBehavior [ RunTime:0.001745s ]
INFO: [ app_begin ] --END-- [ RunTime:0.001897s ]
ERR: 无法加载控制器:Home
NOTIC: [2] include(): Filename cannot be empty E:\study\code\subject\ThinkPHP\Library\Think\Think.class.php 第 347 行.
NOTIC: [2] include(): Failed opening '' for inclusion (include_path='.;C:\php\pear') E:\study\code\subject\ThinkPHP\Library\Think\Think.class.php 第 347 行.

[ 2019-06-26T22:35:53+08:00 ] 127.0.0.1 /Public/home/css/bootstrap.css.map
INFO: [ app_init ] --START--
INFO: Run Behavior\BuildLiteBehavior [ RunTime:0.000050s ]
INFO: [ app_init ] --END-- [ RunTime:0.001558s ]
INFO: [ app_begin ] --START--
INFO: Run Behavior\ReadHtmlCacheBehavior [ RunTime:0.001620s ]
INFO: [ app_begin ] --END-- [ RunTime:0.001767s ]
ERR: 无法加载控制器:Home
NOTIC: [2] include(): Filename cannot be empty E:\study\code\subject\ThinkPHP\Library\Think\Think.class.php 第 347 行.
NOTIC: [2] include(): Failed opening '' for inclusion (include_path='.;C:\php\pear') E:\study\code\subject\ThinkPHP\Library\Think\Think.class.php 第 347 行.

[ 2019-06-26T22:41:39+08:00 ] 127.0.0.1 /Public/home/css/bootstrap.css.map
INFO: [ app_init ] --START--
INFO: Run Behavior\BuildLiteBehavior [ RunTime:0.000030s ]
INFO: [ app_init ] --END-- [ RunTime:0.001008s ]
INFO: [ app_begin ] --START--
INFO: Run Behavior\ReadHtmlCacheBehavior [ RunTime:0.001299s ]
INFO: [ app_begin ] --END-- [ RunTime:0.001466s ]
ERR: 无法加载控制器:Home
NOTIC: [2] include(): Filename cannot be empty E:\study\code\subject\ThinkPHP\Library\Think\Think.class.php 第 347 行.
NOTIC: [2] include(): Failed opening '' for inclusion (include_path='.;C:\php\pear') E:\study\code\subject\ThinkPHP\Library\Think\Think.class.php 第 347 行.

[ 2019-06-26T22:41:41+08:00 ] 127.0.0.1 /Public/home/css/bootstrap.css.map
INFO: [ app_init ] --START--
INFO: Run Behavior\BuildLiteBehavior [ RunTime:0.000051s ]
INFO: [ app_init ] --END-- [ RunTime:0.001250s ]
INFO: [ app_begin ] --START--
INFO: Run Behavior\ReadHtmlCacheBehavior [ RunTime:0.001771s ]
INFO: [ app_begin ] --END-- [ RunTime:0.001922s ]
ERR: 无法加载控制器:Home
NOTIC: [2] include(): Filename cannot be empty E:\study\code\subject\ThinkPHP\Library\Think\Think.class.php 第 347 行.
NOTIC: [2] include(): Failed opening '' for inclusion (include_path='.;C:\php\pear') E:\study\code\subject\ThinkPHP\Library\Think\Think.class.php 第 347 行.

[ 2019-06-26T22:42:32+08:00 ] 127.0.0.1 /Public/home/css/bootstrap.css.map
INFO: [ app_init ] --START--
INFO: Run Behavior\BuildLiteBehavior [ RunTime:0.000026s ]
INFO: [ app_init ] --END-- [ RunTime:0.000822s ]
INFO: [ app_begin ] --START--
INFO: Run Behavior\ReadHtmlCacheBehavior [ RunTime:0.001633s ]
INFO: [ app_begin ] --END-- [ RunTime:0.001772s ]
ERR: 无法加载控制器:Home
NOTIC: [2] include(): Filename cannot be empty E:\study\code\subject\ThinkPHP\Library\Think\Think.class.php 第 347 行.
NOTIC: [2] include(): Failed opening '' for inclusion (include_path='.;C:\php\pear') E:\study\code\subject\ThinkPHP\Library\Think\Think.class.php 第 347 行.

[ 2019-06-26T22:42:53+08:00 ] 127.0.0.1 /Public/home/css/bootstrap.css.map
INFO: [ app_init ] --START--
INFO: Run Behavior\BuildLiteBehavior [ RunTime:0.000032s ]
INFO: [ app_init ] --END-- [ RunTime:0.001022s ]
INFO: [ app_begin ] --START--
INFO: Run Behavior\ReadHtmlCacheBehavior [ RunTime:0.001538s ]
INFO: [ app_begin ] --END-- [ RunTime:0.001693s ]
ERR: 无法加载控制器:Home
NOTIC: [2] include(): Filename cannot be empty E:\study\code\subject\ThinkPHP\Library\Think\Think.class.php 第 347 行.
NOTIC: [2] include(): Failed opening '' for inclusion (include_path='.;C:\php\pear') E:\study\code\subject\ThinkPHP\Library\Think\Think.class.php 第 347 行.

[ 2019-06-26T22:42:55+08:00 ] 127.0.0.1 /Public/home/css/bootstrap.css.map
INFO: [ app_init ] --START--
INFO: Run Behavior\BuildLiteBehavior [ RunTime:0.000033s ]
INFO: [ app_init ] --END-- [ RunTime:0.001040s ]
INFO: [ app_begin ] --START--
INFO: Run Behavior\ReadHtmlCacheBehavior [ RunTime:0.001706s ]
INFO: [ app_begin ] --END-- [ RunTime:0.001867s ]
ERR: 无法加载控制器:Home
NOTIC: [2] include(): Filename cannot be empty E:\study\code\subject\ThinkPHP\Library\Think\Think.class.php 第 347 行.
NOTIC: [2] include(): Failed opening '' for inclusion (include_path='.;C:\php\pear') E:\study\code\subject\ThinkPHP\Library\Think\Think.class.php 第 347 行.

[ 2019-06-26T22:43:07+08:00 ] 127.0.0.1 /Public/home/css/bootstrap.css.map
INFO: [ app_init ] --START--
INFO: Run Behavior\BuildLiteBehavior [ RunTime:0.000042s ]
INFO: [ app_init ] --END-- [ RunTime:0.001420s ]
INFO: [ app_begin ] --START--
INFO: Run Behavior\ReadHtmlCacheBehavior [ RunTime:0.001379s ]
INFO: [ app_begin ] --END-- [ RunTime:0.001542s ]
ERR: 无法加载控制器:Home
NOTIC: [2] include(): Filename cannot be empty E:\study\code\subject\ThinkPHP\Library\Think\Think.class.php 第 347 行.
NOTIC: [2] include(): Failed opening '' for inclusion (include_path='.;C:\php\pear') E:\study\code\subject\ThinkPHP\Library\Think\Think.class.php 第 347 行.

[ 2019-06-26T22:46:17+08:00 ] 127.0.0.1 /Public/home/css/bootstrap.css.map
INFO: [ app_init ] --START--
INFO: Run Behavior\BuildLiteBehavior [ RunTime:0.000028s ]
INFO: [ app_init ] --END-- [ RunTime:0.000832s ]
INFO: [ app_begin ] --START--
INFO: Run Behavior\ReadHtmlCacheBehavior [ RunTime:0.001404s ]
INFO: [ app_begin ] --END-- [ RunTime:0.001566s ]
ERR: 无法加载控制器:Home
NOTIC: [2] include(): Filename cannot be empty E:\study\code\subject\ThinkPHP\Library\Think\Think.class.php 第 347 行.
NOTIC: [2] include(): Failed opening '' for inclusion (include_path='.;C:\php\pear') E:\study\code\subject\ThinkPHP\Library\Think\Think.class.php 第 347 行.

[ 2019-06-26T22:46:21+08:00 ] 127.0.0.1 /Public/home/css/bootstrap.css.map
INFO: [ app_init ] --START--
INFO: Run Behavior\BuildLiteBehavior [ RunTime:0.000032s ]
INFO: [ app_init ] --END-- [ RunTime:0.000921s ]
INFO: [ app_begin ] --START--
INFO: Run Behavior\ReadHtmlCacheBehavior [ RunTime:0.001253s ]
INFO: [ app_begin ] --END-- [ RunTime:0.001412s ]
ERR: 无法加载控制器:Home
NOTIC: [2] include(): Filename cannot be empty E:\study\code\subject\ThinkPHP\Library\Think\Think.class.php 第 347 行.
NOTIC: [2] include(): Failed opening '' for inclusion (include_path='.;C:\php\pear') E:\study\code\subject\ThinkPHP\Library\Think\Think.class.php 第 347 行.

[ 2019-06-26T22:46:39+08:00 ] 127.0.0.1 /Public/home/css/bootstrap.css.map
INFO: [ app_init ] --START--
INFO: Run Behavior\BuildLiteBehavior [ RunTime:0.000032s ]
INFO: [ app_init ] --END-- [ RunTime:0.000947s ]
INFO: [ app_begin ] --START--
INFO: Run Behavior\ReadHtmlCacheBehavior [ RunTime:0.001342s ]
INFO: [ app_begin ] --END-- [ RunTime:0.001473s ]
ERR: 无法加载控制器:Home
NOTIC: [2] include(): Filename cannot be empty E:\study\code\subject\ThinkPHP\Library\Think\Think.class.php 第 347 行.
NOTIC: [2] include(): Failed opening '' for inclusion (include_path='.;C:\php\pear') E:\study\code\subject\ThinkPHP\Library\Think\Think.class.php 第 347 行.

[ 2019-06-26T22:47:24+08:00 ] 127.0.0.1 /Public/home/css/bootstrap.css.map
INFO: [ app_init ] --START--
INFO: Run Behavior\BuildLiteBehavior [ RunTime:0.000034s ]
INFO: [ app_init ] --END-- [ RunTime:0.001003s ]
INFO: [ app_begin ] --START--
INFO: Run Behavior\ReadHtmlCacheBehavior [ RunTime:0.002297s ]
INFO: [ app_begin ] --END-- [ RunTime:0.002547s ]
ERR: 无法加载控制器:Home
NOTIC: [2] include(): Filename cannot be empty E:\study\code\subject\ThinkPHP\Library\Think\Think.class.php 第 347 行.
NOTIC: [2] include(): Failed opening '' for inclusion (include_path='.;C:\php\pear') E:\study\code\subject\ThinkPHP\Library\Think\Think.class.php 第 347 行.

[ 2019-06-26T22:47:31+08:00 ] 127.0.0.1 /Public/home/css/bootstrap.css.map
INFO: [ app_init ] --START--
INFO: Run Behavior\BuildLiteBehavior [ RunTime:0.000036s ]
INFO: [ app_init ] --END-- [ RunTime:0.001182s ]
INFO: [ app_begin ] --START--
INFO: Run Behavior\ReadHtmlCacheBehavior [ RunTime:0.001293s ]
INFO: [ app_begin ] --END-- [ RunTime:0.001437s ]
ERR: 无法加载控制器:Home
NOTIC: [2] include(): Filename cannot be empty E:\study\code\subject\ThinkPHP\Library\Think\Think.class.php 第 347 行.
NOTIC: [2] include(): Failed opening '' for inclusion (include_path='.;C:\php\pear') E:\study\code\subject\ThinkPHP\Library\Think\Think.class.php 第 347 行.

[ 2019-06-26T22:47:33+08:00 ] 127.0.0.1 /Public/home/css/bootstrap.css.map
INFO: [ app_init ] --START--
INFO: Run Behavior\BuildLiteBehavior [ RunTime:0.000031s ]
INFO: [ app_init ] --END-- [ RunTime:0.000947s ]
INFO: [ app_begin ] --START--
INFO: Run Behavior\ReadHtmlCacheBehavior [ RunTime:0.001406s ]
INFO: [ app_begin ] --END-- [ RunTime:0.001593s ]
ERR: 无法加载控制器:Home
NOTIC: [2] include(): Filename cannot be empty E:\study\code\subject\ThinkPHP\Library\Think\Think.class.php 第 347 行.
NOTIC: [2] include(): Failed opening '' for inclusion (include_path='.;C:\php\pear') E:\study\code\subject\ThinkPHP\Library\Think\Think.class.php 第 347 行.

[ 2019-06-26T22:47:42+08:00 ] 127.0.0.1 /Public/home/css/bootstrap.css.map
INFO: [ app_init ] --START--
INFO: Run Behavior\BuildLiteBehavior [ RunTime:0.000035s ]
INFO: [ app_init ] --END-- [ RunTime:0.001138s ]
INFO: [ app_begin ] --START--
INFO: Run Behavior\ReadHtmlCacheBehavior [ RunTime:0.001508s ]
INFO: [ app_begin ] --END-- [ RunTime:0.001669s ]
ERR: 无法加载控制器:Home
NOTIC: [2] include(): Filename cannot be empty E:\study\code\subject\ThinkPHP\Library\Think\Think.class.php 第 347 行.
NOTIC: [2] include(): Failed opening '' for inclusion (include_path='.;C:\php\pear') E:\study\code\subject\ThinkPHP\Library\Think\Think.class.php 第 347 行.

[ 2019-06-26T22:47:46+08:00 ] 127.0.0.1 /Public/home/css/bootstrap.css.map
INFO: [ app_init ] --START--
INFO: Run Behavior\BuildLiteBehavior [ RunTime:0.000048s ]
INFO: [ app_init ] --END-- [ RunTime:0.001298s ]
INFO: [ app_begin ] --START--
INFO: Run Behavior\ReadHtmlCacheBehavior [ RunTime:0.001599s ]
INFO: [ app_begin ] --END-- [ RunTime:0.001776s ]
ERR: 无法加载控制器:Home
NOTIC: [2] include(): Filename cannot be empty E:\study\code\subject\ThinkPHP\Library\Think\Think.class.php 第 347 行.
NOTIC: [2] include(): Failed opening '' for inclusion (include_path='.;C:\php\pear') E:\study\code\subject\ThinkPHP\Library\Think\Think.class.php 第 347 行.

[ 2019-06-26T22:47:47+08:00 ] 127.0.0.1 /Public/home/css/bootstrap.css.map
INFO: [ app_init ] --START--
INFO: Run Behavior\BuildLiteBehavior [ RunTime:0.000035s ]
INFO: [ app_init ] --END-- [ RunTime:0.001184s ]
INFO: [ app_begin ] --START--
INFO: Run Behavior\ReadHtmlCacheBehavior [ RunTime:0.001597s ]
INFO: [ app_begin ] --END-- [ RunTime:0.001762s ]
ERR: 无法加载控制器:Home
NOTIC: [2] include(): Filename cannot be empty E:\study\code\subject\ThinkPHP\Library\Think\Think.class.php 第 347 行.
NOTIC: [2] include(): Failed opening '' for inclusion (include_path='.;C:\php\pear') E:\study\code\subject\ThinkPHP\Library\Think\Think.class.php 第 347 行.

[ 2019-06-26T22:47:51+08:00 ] 127.0.0.1 /Public/home/css/bootstrap.css.map
INFO: [ app_init ] --START--
INFO: Run Behavior\BuildLiteBehavior [ RunTime:0.000035s ]
INFO: [ app_init ] --END-- [ RunTime:0.001012s ]
INFO: [ app_begin ] --START--
INFO: Run Behavior\ReadHtmlCacheBehavior [ RunTime:0.001404s ]
INFO: [ app_begin ] --END-- [ RunTime:0.001557s ]
ERR: 无法加载控制器:Home
NOTIC: [2] include(): Filename cannot be empty E:\study\code\subject\ThinkPHP\Library\Think\Think.class.php 第 347 行.
NOTIC: [2] include(): Failed opening '' for inclusion (include_path='.;C:\php\pear') E:\study\code\subject\ThinkPHP\Library\Think\Think.class.php 第 347 行.

[ 2019-06-26T22:47:53+08:00 ] 127.0.0.1 /Public/home/css/bootstrap.css.map
INFO: [ app_init ] --START--
INFO: Run Behavior\BuildLiteBehavior [ RunTime:0.000032s ]
INFO: [ app_init ] --END-- [ RunTime:0.000924s ]
INFO: [ app_begin ] --START--
INFO: Run Behavior\ReadHtmlCacheBehavior [ RunTime:0.001205s ]
INFO: [ app_begin ] --END-- [ RunTime:0.001352s ]
ERR: 无法加载控制器:Home
NOTIC: [2] include(): Filename cannot be empty E:\study\code\subject\ThinkPHP\Library\Think\Think.class.php 第 347 行.
NOTIC: [2] include(): Failed opening '' for inclusion (include_path='.;C:\php\pear') E:\study\code\subject\ThinkPHP\Library\Think\Think.class.php 第 347 行.

[ 2019-06-26T22:49:41+08:00 ] 127.0.0.1 /Public/home/css/bootstrap.css.map
INFO: [ app_init ] --START--
INFO: Run Behavior\BuildLiteBehavior [ RunTime:0.000034s ]
INFO: [ app_init ] --END-- [ RunTime:0.001107s ]
INFO: [ app_begin ] --START--
INFO: Run Behavior\ReadHtmlCacheBehavior [ RunTime:0.001224s ]
INFO: [ app_begin ] --END-- [ RunTime:0.001361s ]
ERR: 无法加载控制器:Home
NOTIC: [2] include(): Filename cannot be empty E:\study\code\subject\ThinkPHP\Library\Think\Think.class.php 第 347 行.
NOTIC: [2] include(): Failed opening '' for inclusion (include_path='.;C:\php\pear') E:\study\code\subject\ThinkPHP\Library\Think\Think.class.php 第 347 行.

[ 2019-06-26T22:49:43+08:00 ] 127.0.0.1 /Public/home/css/bootstrap.css.map
INFO: [ app_init ] --START--
INFO: Run Behavior\BuildLiteBehavior [ RunTime:0.000112s ]
INFO: [ app_init ] --END-- [ RunTime:0.001204s ]
INFO: [ app_begin ] --START--
INFO: Run Behavior\ReadHtmlCacheBehavior [ RunTime:0.002070s ]
INFO: [ app_begin ] --END-- [ RunTime:0.002260s ]
ERR: 无法加载控制器:Home
NOTIC: [2] include(): Filename cannot be empty E:\study\code\subject\ThinkPHP\Library\Think\Think.class.php 第 347 行.
NOTIC: [2] include(): Failed opening '' for inclusion (include_path='.;C:\php\pear') E:\study\code\subject\ThinkPHP\Library\Think\Think.class.php 第 347 行.

[ 2019-06-26T22:49:46+08:00 ] 127.0.0.1 /Public/home/css/bootstrap.css.map
INFO: [ app_init ] --START--
INFO: Run Behavior\BuildLiteBehavior [ RunTime:0.000032s ]
INFO: [ app_init ] --END-- [ RunTime:0.000989s ]
INFO: [ app_begin ] --START--
INFO: Run Behavior\ReadHtmlCacheBehavior [ RunTime:0.001608s ]
INFO: [ app_begin ] --END-- [ RunTime:0.001750s ]
ERR: 无法加载控制器:Home
NOTIC: [2] include(): Filename cannot be empty E:\study\code\subject\ThinkPHP\Library\Think\Think.class.php 第 347 行.
NOTIC: [2] include(): Failed opening '' for inclusion (include_path='.;C:\php\pear') E:\study\code\subject\ThinkPHP\Library\Think\Think.class.php 第 347 行.

[ 2019-06-26T22:49:49+08:00 ] 127.0.0.1 /Public/home/css/bootstrap.css.map
INFO: [ app_init ] --START--
INFO: Run Behavior\BuildLiteBehavior [ RunTime:0.000033s ]
INFO: [ app_init ] --END-- [ RunTime:0.001230s ]
INFO: [ app_begin ] --START--
INFO: Run Behavior\ReadHtmlCacheBehavior [ RunTime:0.001522s ]
INFO: [ app_begin ] --END-- [ RunTime:0.001670s ]
ERR: 无法加载控制器:Home
NOTIC: [2] include(): Filename cannot be empty E:\study\code\subject\ThinkPHP\Library\Think\Think.class.php 第 347 行.
NOTIC: [2] include(): Failed opening '' for inclusion (include_path='.;C:\php\pear') E:\study\code\subject\ThinkPHP\Library\Think\Think.class.php 第 347 行.

[ 2019-06-26T22:51:34+08:00 ] 127.0.0.1 /Public/home/css/bootstrap.css.map
INFO: [ app_init ] --START--
INFO: Run Behavior\BuildLiteBehavior [ RunTime:0.000032s ]
INFO: [ app_init ] --END-- [ RunTime:0.001105s ]
INFO: [ app_begin ] --START--
INFO: Run Behavior\ReadHtmlCacheBehavior [ RunTime:0.001750s ]
INFO: [ app_begin ] --END-- [ RunTime:0.001933s ]
ERR: 无法加载控制器:Home
NOTIC: [2] include(): Filename cannot be empty E:\study\code\subject\ThinkPHP\Library\Think\Think.class.php 第 347 行.
NOTIC: [2] include(): Failed opening '' for inclusion (include_path='.;C:\php\pear') E:\study\code\subject\ThinkPHP\Library\Think\Think.class.php 第 347 行.

[ 2019-06-26T22:51:37+08:00 ] 127.0.0.1 /Public/home/css/bootstrap.css.map
INFO: [ app_init ] --START--
INFO: Run Behavior\BuildLiteBehavior [ RunTime:0.000033s ]
INFO: [ app_init ] --END-- [ RunTime:0.000957s ]
INFO: [ app_begin ] --START--
INFO: Run Behavior\ReadHtmlCacheBehavior [ RunTime:0.002556s ]
INFO: [ app_begin ] --END-- [ RunTime:0.002694s ]
ERR: 无法加载控制器:Home
NOTIC: [2] include(): Filename cannot be empty E:\study\code\subject\ThinkPHP\Library\Think\Think.class.php 第 347 行.
NOTIC: [2] include(): Failed opening '' for inclusion (include_path='.;C:\php\pear') E:\study\code\subject\ThinkPHP\Library\Think\Think.class.php 第 347 行.

[ 2019-06-26T22:51:39+08:00 ] 127.0.0.1 /Public/home/css/bootstrap.css.map
INFO: [ app_init ] --START--
INFO: Run Behavior\BuildLiteBehavior [ RunTime:0.000029s ]
INFO: [ app_init ] --END-- [ RunTime:0.000841s ]
INFO: [ app_begin ] --START--
INFO: Run Behavior\ReadHtmlCacheBehavior [ RunTime:0.001983s ]
INFO: [ app_begin ] --END-- [ RunTime:0.002185s ]
ERR: 无法加载控制器:Home
NOTIC: [2] include(): Filename cannot be empty E:\study\code\subject\ThinkPHP\Library\Think\Think.class.php 第 347 行.
NOTIC: [2] include(): Failed opening '' for inclusion (include_path='.;C:\php\pear') E:\study\code\subject\ThinkPHP\Library\Think\Think.class.php 第 347 行.

[ 2019-06-26T22:55:43+08:00 ] 127.0.0.1 /Public/home/css/bootstrap.css.map
INFO: [ app_init ] --START--
INFO: Run Behavior\BuildLiteBehavior [ RunTime:0.000031s ]
INFO: [ app_init ] --END-- [ RunTime:0.000939s ]
INFO: [ app_begin ] --START--
INFO: Run Behavior\ReadHtmlCacheBehavior [ RunTime:0.001533s ]
INFO: [ app_begin ] --END-- [ RunTime:0.001677s ]
ERR: 无法加载控制器:Home
NOTIC: [2] include(): Filename cannot be empty E:\study\code\subject\ThinkPHP\Library\Think\Think.class.php 第 347 行.
NOTIC: [2] include(): Failed opening '' for inclusion (include_path='.;C:\php\pear') E:\study\code\subject\ThinkPHP\Library\Think\Think.class.php 第 347 行.

[ 2019-06-26T22:55:45+08:00 ] 127.0.0.1 /Public/home/css/bootstrap.css.map
INFO: [ app_init ] --START--
INFO: Run Behavior\BuildLiteBehavior [ RunTime:0.000032s ]
INFO: [ app_init ] --END-- [ RunTime:0.000933s ]
INFO: [ app_begin ] --START--
INFO: Run Behavior\ReadHtmlCacheBehavior [ RunTime:0.001458s ]
INFO: [ app_begin ] --END-- [ RunTime:0.001610s ]
ERR: 无法加载控制器:Home
NOTIC: [2] include(): Filename cannot be empty E:\study\code\subject\ThinkPHP\Library\Think\Think.class.php 第 347 行.
NOTIC: [2] include(): Failed opening '' for inclusion (include_path='.;C:\php\pear') E:\study\code\subject\ThinkPHP\Library\Think\Think.class.php 第 347 行.

[ 2019-06-26T22:55:47+08:00 ] 127.0.0.1 /Public/home/css/bootstrap.css.map
INFO: [ app_init ] --START--
INFO: Run Behavior\BuildLiteBehavior [ RunTime:0.000032s ]
INFO: [ app_init ] --END-- [ RunTime:0.001060s ]
INFO: [ app_begin ] --START--
INFO: Run Behavior\ReadHtmlCacheBehavior [ RunTime:0.001976s ]
INFO: [ app_begin ] --END-- [ RunTime:0.002316s ]
ERR: 无法加载控制器:Home
NOTIC: [2] include(): Filename cannot be empty E:\study\code\subject\ThinkPHP\Library\Think\Think.class.php 第 347 行.
NOTIC: [2] include(): Failed opening '' for inclusion (include_path='.;C:\php\pear') E:\study\code\subject\ThinkPHP\Library\Think\Think.class.php 第 347 行.

[ 2019-06-26T22:55:50+08:00 ] 127.0.0.1 /Public/home/css/bootstrap.css.map
INFO: [ app_init ] --START--
INFO: Run Behavior\BuildLiteBehavior [ RunTime:0.000034s ]
INFO: [ app_init ] --END-- [ RunTime:0.001051s ]
INFO: [ app_begin ] --START--
INFO: Run Behavior\ReadHtmlCacheBehavior [ RunTime:0.001436s ]
INFO: [ app_begin ] --END-- [ RunTime:0.001576s ]
ERR: 无法加载控制器:Home
NOTIC: [2] include(): Filename cannot be empty E:\study\code\subject\ThinkPHP\Library\Think\Think.class.php 第 347 行.
NOTIC: [2] include(): Failed opening '' for inclusion (include_path='.;C:\php\pear') E:\study\code\subject\ThinkPHP\Library\Think\Think.class.php 第 347 行.

[ 2019-06-26T22:55:52+08:00 ] 127.0.0.1 /Public/home/css/bootstrap.css.map
INFO: [ app_init ] --START--
INFO: Run Behavior\BuildLiteBehavior [ RunTime:0.000029s ]
INFO: [ app_init ] --END-- [ RunTime:0.000825s ]
INFO: [ app_begin ] --START--
INFO: Run Behavior\ReadHtmlCacheBehavior [ RunTime:0.003211s ]
INFO: [ app_begin ] --END-- [ RunTime:0.003411s ]
ERR: 无法加载控制器:Home
NOTIC: [2] include(): Filename cannot be empty E:\study\code\subject\ThinkPHP\Library\Think\Think.class.php 第 347 行.
NOTIC: [2] include(): Failed opening '' for inclusion (include_path='.;C:\php\pear') E:\study\code\subject\ThinkPHP\Library\Think\Think.class.php 第 347 行.

[ 2019-06-26T22:55:54+08:00 ] 127.0.0.1 /Public/home/css/bootstrap.css.map
INFO: [ app_init ] --START--
INFO: Run Behavior\BuildLiteBehavior [ RunTime:0.000030s ]
INFO: [ app_init ] --END-- [ RunTime:0.000959s ]
INFO: [ app_begin ] --START--
INFO: Run Behavior\ReadHtmlCacheBehavior [ RunTime:0.001112s ]
INFO: [ app_begin ] --END-- [ RunTime:0.001248s ]
ERR: 无法加载控制器:Home
NOTIC: [2] include(): Filename cannot be empty E:\study\code\subject\ThinkPHP\Library\Think\Think.class.php 第 347 行.
NOTIC: [2] include(): Failed opening '' for inclusion (include_path='.;C:\php\pear') E:\study\code\subject\ThinkPHP\Library\Think\Think.class.php 第 347 行.

[ 2019-06-26T22:55:58+08:00 ] 127.0.0.1 /Public/home/css/bootstrap.css.map
INFO: [ app_init ] --START--
INFO: Run Behavior\BuildLiteBehavior [ RunTime:0.000034s ]
INFO: [ app_init ] --END-- [ RunTime:0.001052s ]
INFO: [ app_begin ] --START--
INFO: Run Behavior\ReadHtmlCacheBehavior [ RunTime:0.001068s ]
INFO: [ app_begin ] --END-- [ RunTime:0.001193s ]
ERR: 无法加载控制器:Home
NOTIC: [2] include(): Filename cannot be empty E:\study\code\subject\ThinkPHP\Library\Think\Think.class.php 第 347 行.
NOTIC: [2] include(): Failed opening '' for inclusion (include_path='.;C:\php\pear') E:\study\code\subject\ThinkPHP\Library\Think\Think.class.php 第 347 行.

[ 2019-06-26T22:56:00+08:00 ] 127.0.0.1 /Public/home/css/bootstrap.css.map
INFO: [ app_init ] --START--
INFO: Run Behavior\BuildLiteBehavior [ RunTime:0.000033s ]
INFO: [ app_init ] --END-- [ RunTime:0.001043s ]
INFO: [ app_begin ] --START--
INFO: Run Behavior\ReadHtmlCacheBehavior [ RunTime:0.001222s ]
INFO: [ app_begin ] --END-- [ RunTime:0.001368s ]
ERR: 无法加载控制器:Home
NOTIC: [2] include(): Filename cannot be empty E:\study\code\subject\ThinkPHP\Library\Think\Think.class.php 第 347 行.
NOTIC: [2] include(): Failed opening '' for inclusion (include_path='.;C:\php\pear') E:\study\code\subject\ThinkPHP\Library\Think\Think.class.php 第 347 行.

[ 2019-06-26T22:56:31+08:00 ] 127.0.0.1 /Public/home/css/bootstrap.css.map
INFO: [ app_init ] --START--
INFO: Run Behavior\BuildLiteBehavior [ RunTime:0.000030s ]
INFO: [ app_init ] --END-- [ RunTime:0.000981s ]
INFO: [ app_begin ] --START--
INFO: Run Behavior\ReadHtmlCacheBehavior [ RunTime:0.001275s ]
INFO: [ app_begin ] --END-- [ RunTime:0.001417s ]
ERR: 无法加载控制器:Home
NOTIC: [2] include(): Filename cannot be empty E:\study\code\subject\ThinkPHP\Library\Think\Think.class.php 第 347 行.
NOTIC: [2] include(): Failed opening '' for inclusion (include_path='.;C:\php\pear') E:\study\code\subject\ThinkPHP\Library\Think\Think.class.php 第 347 行.

[ 2019-06-26T22:57:30+08:00 ] 127.0.0.1 /Public/home/css/bootstrap.css.map
INFO: [ app_init ] --START--
INFO: Run Behavior\BuildLiteBehavior [ RunTime:0.000033s ]
INFO: [ app_init ] --END-- [ RunTime:0.000961s ]
INFO: [ app_begin ] --START--
INFO: Run Behavior\ReadHtmlCacheBehavior [ RunTime:0.003453s ]
INFO: [ app_begin ] --END-- [ RunTime:0.003621s ]
ERR: 无法加载控制器:Home
NOTIC: [2] include(): Filename cannot be empty E:\study\code\subject\ThinkPHP\Library\Think\Think.class.php 第 347 行.
NOTIC: [2] include(): Failed opening '' for inclusion (include_path='.;C:\php\pear') E:\study\code\subject\ThinkPHP\Library\Think\Think.class.php 第 347 行.

[ 2019-06-26T22:57:46+08:00 ] 127.0.0.1 /Public/home/css/bootstrap.css.map
INFO: [ app_init ] --START--
INFO: Run Behavior\BuildLiteBehavior [ RunTime:0.000030s ]
INFO: [ app_init ] --END-- [ RunTime:0.000944s ]
INFO: [ app_begin ] --START--
INFO: Run Behavior\ReadHtmlCacheBehavior [ RunTime:0.001457s ]
INFO: [ app_begin ] --END-- [ RunTime:0.001603s ]
ERR: 无法加载控制器:Home
NOTIC: [2] include(): Filename cannot be empty E:\study\code\subject\ThinkPHP\Library\Think\Think.class.php 第 347 行.
NOTIC: [2] include(): Failed opening '' for inclusion (include_path='.;C:\php\pear') E:\study\code\subject\ThinkPHP\Library\Think\Think.class.php 第 347 行.

[ 2019-06-26T22:57:59+08:00 ] 127.0.0.1 /Public/home/css/bootstrap.css.map
INFO: [ app_init ] --START--
INFO: Run Behavior\BuildLiteBehavior [ RunTime:0.000036s ]
INFO: [ app_init ] --END-- [ RunTime:0.001034s ]
INFO: [ app_begin ] --START--
INFO: Run Behavior\ReadHtmlCacheBehavior [ RunTime:0.001624s ]
INFO: [ app_begin ] --END-- [ RunTime:0.001781s ]
ERR: 无法加载控制器:Home
NOTIC: [2] include(): Filename cannot be empty E:\study\code\subject\ThinkPHP\Library\Think\Think.class.php 第 347 行.
NOTIC: [2] include(): Failed opening '' for inclusion (include_path='.;C:\php\pear') E:\study\code\subject\ThinkPHP\Library\Think\Think.class.php 第 347 行.

[ 2019-06-26T22:58:02+08:00 ] 127.0.0.1 /Public/home/css/bootstrap.css.map
INFO: [ app_init ] --START--
INFO: Run Behavior\BuildLiteBehavior [ RunTime:0.000031s ]
INFO: [ app_init ] --END-- [ RunTime:0.000863s ]
INFO: [ app_begin ] --START--
INFO: Run Behavior\ReadHtmlCacheBehavior [ RunTime:0.001310s ]
INFO: [ app_begin ] --END-- [ RunTime:0.001454s ]
ERR: 无法加载控制器:Home
NOTIC: [2] include(): Filename cannot be empty E:\study\code\subject\ThinkPHP\Library\Think\Think.class.php 第 347 行.
NOTIC: [2] include(): Failed opening '' for inclusion (include_path='.;C:\php\pear') E:\study\code\subject\ThinkPHP\Library\Think\Think.class.php 第 347 行.

[ 2019-06-26T22:58:04+08:00 ] 127.0.0.1 /Public/home/css/bootstrap.css.map
INFO: [ app_init ] --START--
INFO: Run Behavior\BuildLiteBehavior [ RunTime:0.000028s ]
INFO: [ app_init ] --END-- [ RunTime:0.000831s ]
INFO: [ app_begin ] --START--
INFO: Run Behavior\ReadHtmlCacheBehavior [ RunTime:0.001450s ]
INFO: [ app_begin ] --END-- [ RunTime:0.001611s ]
ERR: 无法加载控制器:Home
NOTIC: [2] include(): Filename cannot be empty E:\study\code\subject\ThinkPHP\Library\Think\Think.class.php 第 347 行.
NOTIC: [2] include(): Failed opening '' for inclusion (include_path='.;C:\php\pear') E:\study\code\subject\ThinkPHP\Library\Think\Think.class.php 第 347 行.

