[ 2019-05-15T09:04:53+08:00 ] 127.0.0.1 /Public/admin/upload/2019-05-05/userinfoes_1557019633_23
INFO: [ app_init ] --START--
INFO: Run Behavior\BuildLiteBehavior [ RunTime:0.000000s ]
INFO: [ app_init ] --END-- [ RunTime:0.000000s ]
INFO: [ app_begin ] --START--
INFO: Run Behavior\ReadHtmlCacheBehavior [ RunTime:0.001000s ]
INFO: [ app_begin ] --END-- [ RunTime:0.001000s ]
ERR: 无法加载控制器:Admin
NOTIC: [2] include(): Filename cannot be empty E:\code\subject\ThinkPHP\Library\Think\Think.class.php 第 347 行.
NOTIC: [2] include(): Failed opening '' for inclusion (include_path='.;C:\php\pear') E:\code\subject\ThinkPHP\Library\Think\Think.class.php 第 347 行.

[ 2019-05-15T09:06:11+08:00 ] 127.0.0.1 /Public/admin/upload/2019-05-05/userinfoes_1557019633_23
INFO: [ app_init ] --START--
INFO: Run Behavior\BuildLiteBehavior [ RunTime:0.000000s ]
INFO: [ app_init ] --END-- [ RunTime:0.000000s ]
INFO: [ app_begin ] --START--
INFO: Run Behavior\ReadHtmlCacheBehavior [ RunTime:0.000000s ]
INFO: [ app_begin ] --END-- [ RunTime:0.001000s ]
ERR: 无法加载控制器:Admin
NOTIC: [2] include(): Filename cannot be empty E:\code\subject\ThinkPHP\Library\Think\Think.class.php 第 347 行.
NOTIC: [2] include(): Failed opening '' for inclusion (include_path='.;C:\php\pear') E:\code\subject\ThinkPHP\Library\Think\Think.class.php 第 347 行.

[ 2019-05-15T09:07:02+08:00 ] 127.0.0.1 /Public/admin/upload/2019-05-05/userinfoes_1557019633_23
INFO: [ app_init ] --START--
INFO: Run Behavior\BuildLiteBehavior [ RunTime:0.000000s ]
INFO: [ app_init ] --END-- [ RunTime:0.001000s ]
INFO: [ app_begin ] --START--
INFO: Run Behavior\ReadHtmlCacheBehavior [ RunTime:0.001000s ]
INFO: [ app_begin ] --END-- [ RunTime:0.002000s ]
ERR: 无法加载控制器:Admin
NOTIC: [2] include(): Filename cannot be empty E:\code\subject\ThinkPHP\Library\Think\Think.class.php 第 347 行.
NOTIC: [2] include(): Failed opening '' for inclusion (include_path='.;C:\php\pear') E:\code\subject\ThinkPHP\Library\Think\Think.class.php 第 347 行.

