[2019-05-22 17:49:28]  角色编辑错误array (
  'info' => '没有进行任何修改',
  'status' => 0,
)
[2019-05-22 17:49:35]  角色编辑错误array (
  'info' => '没有进行任何修改',
  'status' => 0,
)
[2019-05-22 17:49:46]  角色编辑错误array (
  'info' => '没有进行任何修改',
  'status' => 0,
)
[2019-05-22 17:50:24]  角色编辑错误array (
  'info' => '没有进行任何修改',
  'status' => 0,
)
[2019-05-22 17:50:34]  角色编辑错误array (
  'info' => '没有进行任何修改',
  'status' => 0,
)
[2019-05-22 18:01:45]  角色添加错误array (
  'info' => '1062:Duplicate entry \'超级管理员\' for key \'title_name\'
 [ SQL语句 ] : INSERT INTO `gcsys_auth_group` (`title`,`status`) VALUES (\'超级管理员\',\'1\')',
  'status' => 0,
)
[2019-05-22 18:05:25]  角色添加错误array (
  'info' => '该角色已存在!',
  'status' => 0,
)
